[ 2019-06-22T14:47:45+08:00 ] ::1 /tp3/zjm/Public/Image/index/img2/1%E6%B5%B7%E5%B8%82%E8%9C%83%E6%A5%BC(1).png
INFO: [ app_init ] --START--
INFO: Run Behavior\BuildLiteBehavior [ RunTime:0.000017s ]
INFO: [ app_init ] --END-- [ RunTime:0.002413s ]
ERR: Êó†Ê≥ïÂä†ËΩΩÊ®°Âùó:Public

[ 2019-06-22T14:47:45+08:00 ] ::1 /tp3/zjm/Public/Image/index/img2/3%E6%B9%AE%E7%81%ADwps%E5%9B%BE%E7%89%87.png
INFO: [ app_init ] --START--
INFO: Run Behavior\BuildLiteBehavior [ RunTime:0.000020s ]
INFO: [ app_init ] --END-- [ RunTime:0.003068s ]
ERR: Êó†Ê≥ïÂä†ËΩΩÊ®°Âùó:Public

[ 2019-06-22T14:47:45+08:00 ] ::1 /tp3/zjm/Public/Image/index/img2/2%E5%A4%B4%E5%8F%B7%E7%8E%A9%E5%AE%B6wps%E5%9B%BE%E7%89%87.png
INFO: [ app_init ] --START--
INFO: Run Behavior\BuildLiteBehavior [ RunTime:0.000114s ]
INFO: [ app_init ] --END-- [ RunTime:0.009155s ]
ERR: Êó†Ê≥ïÂä†ËΩΩÊ®°Âùó:Public

[ 2019-06-22T14:47:45+08:00 ] ::1 /tp3/zjm/Public/Image/index/img2/4%E4%BE%8F%E7%BD%97%E7%BA%AA%E4%B8%96%E7%95%8C.png
INFO: [ app_init ] --START--
INFO: Run Behavior\BuildLiteBehavior [ RunTime:0.000124s ]
INFO: [ app_init ] --END-- [ RunTime:0.002934s ]
ERR: Êó†Ê≥ïÂä†ËΩΩÊ®°Âùó:Public

[ 2019-06-22T14:47:45+08:00 ] ::1 /tp3/zjm/Public/Image/index/img2/5%E6%83%8A%E5%A5%87%E9%98%9F%E9%95%BF.png
INFO: [ app_init ] --START--
INFO: Run Behavior\BuildLiteBehavior [ RunTime:0.000023s ]
INFO: [ app_init ] --END-- [ RunTime:0.003921s ]
ERR: Êó†Ê≥ïÂä†ËΩΩÊ®°Âùó:Public

[ 2019-06-22T14:47:45+08:00 ] ::1 /tp3/zjm/Public/Image/index/img2/6%E6%AF%92%E6%B6%B2.png
INFO: [ app_init ] --START--
INFO: Run Behavior\BuildLiteBehavior [ RunTime:0.000022s ]
INFO: [ app_init ] --END-- [ RunTime:0.003862s ]
ERR: Êó†Ê≥ïÂä†ËΩΩÊ®°Âùó:Public

[ 2019-06-22T14:47:46+08:00 ] ::1 /tp3/zjm/Public/Image/index/img2/tj1.gif
INFO: [ app_init ] --START--
INFO: Run Behavior\BuildLiteBehavior [ RunTime:0.000022s ]
INFO: [ app_init ] --END-- [ RunTime:0.007431s ]
ERR: Êó†Ê≥ïÂä†ËΩΩÊ®°Âùó:Public

[ 2019-06-22T14:47:46+08:00 ] ::1 /tp3/zjm/Public/Image/index/img2/tj3.gif
INFO: [ app_init ] --START--
INFO: Run Behavior\BuildLiteBehavior [ RunTime:0.000025s ]
INFO: [ app_init ] --END-- [ RunTime:0.009071s ]
ERR: Êó†Ê≥ïÂä†ËΩΩÊ®°Âùó:Public

[ 2019-06-22T14:47:46+08:00 ] ::1 /tp3/zjm/Public/Image/index/img2/tj2.gif
INFO: [ app_init ] --START--
INFO: Run Behavior\BuildLiteBehavior [ RunTime:0.000020s ]
INFO: [ app_init ] --END-- [ RunTime:0.005237s ]
ERR: Êó†Ê≥ïÂä†ËΩΩÊ®°Âùó:Public

[ 2019-06-22T14:47:46+08:00 ] ::1 /tp3/zjm/Public/Image/index/img2/tj7.gif
INFO: [ app_init ] --START--
INFO: Run Behavior\BuildLiteBehavior [ RunTime:0.000025s ]
INFO: [ app_init ] --END-- [ RunTime:0.006528s ]
ERR: Êó†Ê≥ïÂä†ËΩΩÊ®°Âùó:Public

[ 2019-06-22T14:47:46+08:00 ] ::1 /tp3/zjm/Public/Image/index/img2/tj4.gif
INFO: [ app_init ] --START--
INFO: Run Behavior\BuildLiteBehavior [ RunTime:0.000023s ]
INFO: [ app_init ] --END-- [ RunTime:0.007662s ]
ERR: Êó†Ê≥ïÂä†ËΩΩÊ®°Âùó:Public

[ 2019-06-22T14:47:46+08:00 ] ::1 /tp3/zjm/Public/Image/index/img2/tj5.gif
INFO: [ app_init ] --START--
INFO: Run Behavior\BuildLiteBehavior [ RunTime:0.000025s ]
INFO: [ app_init ] --END-- [ RunTime:0.011349s ]
ERR: Êó†Ê≥ïÂä†ËΩΩÊ®°Âùó:Public

[ 2019-06-22T14:47:46+08:00 ] ::1 /tp3/zjm/Public/Image/index/img2/tj6.gif
INFO: [ app_init ] --START--
INFO: Run Behavior\BuildLiteBehavior [ RunTime:0.000027s ]
INFO: [ app_init ] --END-- [ RunTime:0.008374s ]
ERR: Êó†Ê≥ïÂä†ËΩΩÊ®°Âùó:Public

[ 2019-06-22T14:47:46+08:00 ] ::1 /tp3/zjm/Public/Image/index/img3/3%E9%9B%B7%E9%9C%86%E6%B2%99%E8%B5%9E.webp
INFO: [ app_init ] --START--
INFO: Run Behavior\BuildLiteBehavior [ RunTime:0.000024s ]
INFO: [ app_init ] --END-- [ RunTime:0.005946s ]
ERR: Êó†Ê≥ïÂä†ËΩΩÊ®°Âùó:Public

[ 2019-06-22T14:47:46+08:00 ] ::1 /tp3/zjm/Public/Image/index/img3/1%E5%B0%8F%E9%A3%9E%E8%B1%A1.webp
INFO: [ app_init ] --START--
INFO: Run Behavior\BuildLiteBehavior [ RunTime:0.000025s ]
INFO: [ app_init ] --END-- [ RunTime:0.006767s ]
ERR: Êó†Ê≥ïÂä†ËΩΩÊ®°Âùó:Public

[ 2019-06-22T14:47:46+08:00 ] ::1 /tp3/zjm/Public/Image/index/img3/2%E9%A9%AF%E9%BE%99%E9%AB%98%E6%89%8B.webp
INFO: [ app_init ] --START--
INFO: Run Behavior\BuildLiteBehavior [ RunTime:0.000025s ]
INFO: [ app_init ] --END-- [ RunTime:0.004062s ]
ERR: Êó†Ê≥ïÂä†ËΩΩÊ®°Âùó:Public

[ 2019-06-22T14:47:46+08:00 ] ::1 /tp3/zjm/Public/Image/index/img3/4%E8%B0%83%E9%9F%B3%E5%B8%88.webp
INFO: [ app_init ] --START--
INFO: Run Behavior\BuildLiteBehavior [ RunTime:0.000024s ]
INFO: [ app_init ] --END-- [ RunTime:0.004833s ]
ERR: Êó†Ê≥ïÂä†ËΩΩÊ®°Âùó:Public

[ 2019-06-22T15:47:47+08:00 ] ::1 /tp3/zjm/Public/Image/index/img2/3%E6%B9%AE%E7%81%ADwps%E5%9B%BE%E7%89%87.png
INFO: [ app_init ] --START--
INFO: Run Behavior\BuildLiteBehavior [ RunTime:0.000024s ]
INFO: [ app_init ] --END-- [ RunTime:0.006051s ]
ERR: Êó†Ê≥ïÂä†ËΩΩÊ®°Âùó:Public

[ 2019-06-22T15:47:47+08:00 ] ::1 /tp3/zjm/Public/Image/index/img2/1%E6%B5%B7%E5%B8%82%E8%9C%83%E6%A5%BC(1).png
INFO: [ app_init ] --START--
INFO: Run Behavior\BuildLiteBehavior [ RunTime:0.000021s ]
INFO: [ app_init ] --END-- [ RunTime:0.003635s ]
ERR: Êó†Ê≥ïÂä†ËΩΩÊ®°Âùó:Public

ΩÊ®°Âùó:Public

[ 2019-06-22T15:47:47+08:00 ] ::1 /tp3/zjm/Public/Image/index/img2/5%E6%83%8A%E5%A5%87%E9%98%9F%E9%95%BF.png
INFO: [ app_init ] --START--
INFO: Run Behavior\BuildLiteBehavior [ RunTime:0.000021s ]
INFO: [ app_init ] --END-- [ RunTime:0.003228s ]
ERR: Êó†Ê≥ïÂä†ËΩΩÊ®°Âùó:Public

[ 2019-06-22T15:47:47+08:00 ] ::1 /tp3/zjm/Public/Image/index/img2/tj7.gif
INFO: [ app_init ] --START--
INFO: Run Behavior\BuildLiteBehavior [ RunTime:0.000025s ]
INFO: [ app_init ] --END-- [ RunTime:0.005041s ]
ERR: Êó†Ê≥ïÂä†ËΩΩÊ®°Âùó:Public

[ 2019-06-22T15:47:47+08:00 ] ::1 /tp3/zjm/Public/Image/index/img2/tj1.gif
INFO: [ app_init ] --START--
INFO: Run Behavior\BuildLiteBehavior [ RunTime:0.000026s ]
INFO: [ app_init ] --END-- [ RunTime:0.008811s ]
ERR: Êó†Ê≥ïÂä†ËΩΩÊ®°Âùó:Public

[ 2019-06-22T15:47:47+08:00 ] ::1 /tp3/zjm/Public/Image/index/img2/6%E6%AF%92%E6%B6%B2.png
INFO: [ app_init ] --START--
INFO: Run Behavior\BuildLiteBehavior [ RunTime:0.000023s ]
INFO: [ app_init ] --END-- [ RunTime:0.011492s ]
ERR: Êó†Ê≥ïÂä†ËΩΩÊ®°Âùó:Public

[ 2019-06-22T15:47:47+08:00 ] ::1 /tp3/zjm/Public/Image/index/img2/tj2.gif
INFO: [ app_init ] --START--
INFO: Run Behavior\BuildLiteBehavior [ RunTime:0.000026s ]
INFO: [ app_init ] --END-- [ RunTime:0.006831s ]
ERR: Êó†Ê≥ïÂä†ËΩΩÊ®°Âùó:Public

[ 2019-06-22T15:47:47+08:00 ] ::1 /tp3/zjm/Public/Image/index/img2/4%E4%BE%8F%E7%BD%97%E7%BA%AA%E4%B8%96%E7%95%8C.png
INFO: [ app_init ] --START--
INFO: Run Behavior\BuildLiteBehavior [ RunTime:0.000031s ]
INFO: [ app_init ] --END-- [ RunTime:0.019034s ]
ERR: Êó†Ê≥ïÂä†ËΩΩÊ®°Âùó:Public

[ 2019-06-22T15:47:47+08:00 ] ::1 /tp3/zjm/Public/Image/index/img2/tj5.gif
INFO: [ app_init ] --START--
INFO: Run Behavior\BuildLiteBehavior [ RunTime:0.000192s ]
INFO: [ app_init ] --END-- [ RunTime:0.008635s ]
ERR: Êó†Ê≥ïÂä†ËΩΩÊ®°Âùó:Public

[ 2019-06-22T15:47:47+08:00 ] ::1 /tp3/zjm/Public/Image/index/img2/tj4.gif
INFO: [ app_init ] --START--
INFO: Run Behavior\BuildLiteBehavior [ RunTime:0.000131s ]
INFO: [ app_init ] --END-- [ RunTime:0.026663s ]
ERR: Êó†Ê≥ïÂä†ËΩΩÊ®°Âùó:Public

[ 2019-06-22T15:47:47+08:00 ] ::1 /tp3/zjm/Public/Image/index/img3/1%E5%B0%8F%E9%A3%9E%E8%B1%A1.webp
INFO: [ app_init ] --START--
INFO: Run Behavior\BuildLiteBehavior [ RunTime:0.000026s ]
INFO: [ app_init ] --END-- [ RunTime:0.027635s ]
ERR: Êó†Ê≥ïÂä†ËΩΩÊ®°Âùó:Public

[ 2019-06-22T15:47:47+08:00 ] ::1 /tp3/zjm/Public/Image/index/img2/tj6.gif
INFO: [ app_init ] --START--
INFO: Run Behavior\BuildLiteBehavior [ RunTime:0.000031s ]
INFO: [ app_init ] --END-- [ RunTime:0.019317s ]
ERR: Êó†Ê≥ïÂä†ËΩΩÊ®°Âùó:Public

[ 2019-06-22T15:47:47+08:00 ] ::1 /tp3/zjm/Public/Image/index/img2/tj3.gif
INFO: [ app_init ] --START--
INFO: Run Behavior\BuildLiteBehavior [ RunTime:0.000031s ]
INFO: [ app_init ] --END-- [ RunTime:0.005470s ]
ERR: Êó†Ê≥ïÂä†ËΩΩÊ®°Âùó:Public

[ 2019-06-22T15:47:47+08:00 ] ::1 /tp3/zjm/Public/Image/index/img3/2%E9%A9%AF%E9%BE%99%E9%AB%98%E6%89%8B.webp
INFO: [ app_init ] --START--
INFO: Run Behavior\BuildLiteBehavior [ RunTime:0.000023s ]
INFO: [ app_init ] --END-- [ RunTime:0.002719s ]
ERR: Êó†Ê≥ïÂä†ËΩΩÊ®°Âùó:Public

[ 2019-06-22T15:47:48+08:00 ] ::1 /tp3/zjm/Public/Image/index/img3/4%E8%B0%83%E9%9F%B3%E5%B8%88.webp
INFO: [ app_init ] --START--
INFO: Run Behavior\BuildLiteBehavior [ RunTime:0.000026s ]
INFO: [ app_init ] --END-- [ RunTime:0.019627s ]
ERR: Êó†Ê≥ïÂä†ËΩΩÊ®°Âùó:Public

[ 2019-06-22T15:47:48+08:00 ] ::1 /tp3/zjm/Public/Image/index/img3/3%E9%9B%B7%E9%9C%86%E6%B2%99%E8%B5%9E.webp
INFO: [ app_init ] --START--
INFO: Run Behavior\BuildLiteBehavior [ RunTime:0.000023s ]
INFO: [ app_init ] --END-- [ RunTime:0.007938s ]
ERR: Êó†Ê≥ïÂä†ËΩΩÊ®°Âùó:Public

[ 2019-06-22T15:54:05+08:00 ] ::1 /tp3/zjm/Public/Image/index/img2/1%E6%B5%B7%E5%B8%82%E8%9C%83%E6%A5%BC(1).png
INFO: [ app_init ] --START--
INFO: Run Behavior\BuildLiteBehavior [ RunTime:0.000064s ]
INFO: [ app_init ] --END-- [ RunTime:0.004434s ]
ERR: Êó†Ê≥ïÂä†ËΩΩÊ®°Âùó:Public

[ 2019-06-22T15:54:05+08:00 ] ::1 /tp3/zjm/Public/Image/index/img2/2%E5%A4%B4%E5%8F%B7%E7%8E%A9%E5%AE%B6wps%E5%9B%BE%E7%89%87.png
INFO: [ app_init ] --START--
INFO: Run Behavior\BuildLiteBehavior [ RunTime:0.000024s ]
INFO: [ app_init ] --END-- [ RunTime:0.004371s ]
ERR: Êó†Ê≥ïÂä†ËΩΩÊ®°Âùó:Public

[ 2019-06-22T15:54:05+08:00 ] ::1 /tp3/zjm/Public/Image/index/img2/4%E4%BE%8F%E7%BD%97%E7%BA%AA%E4%B8%96%E7%95%8C.png
INFO: [ app_init ] --START--
INFO: Run Behavior\BuildLiteBehavior [ RunTime:0.000027s ]
INFO: [ app_init ] --END-- [ RunTime:0.005099s ]
ERR: Êó†Ê≥ïÂä†ËΩΩÊ®°Âùó:Public

[ 2019-06-22T15:54:05+08:00 ] ::1 /tp3/zjm/Public/Image/index/img2/3%E6%B9%AE%E7%81%ADwps%E5%9B%BE%E7%89%87.png
INFO: [ app_init ] --START--
INFO: Run Behavior\BuildLiteBehavior [ RunTime:0.000028s ]
INFO: [ app_init ] --END-- [ RunTime:0.006563s ]
ERR: Êó†Ê≥ïÂä†ËΩΩÊ®°Âùó:Public

[ 2019-06-22T15:54:06+08:00 ] ::1 /tp3/zjm/Public/Image/index/img2/5%E6%83%8A%E5%A5%87%E9%98%9F%E9%95%BF.png
INFO: [ app_init ] --START--
INFO: Run Behavior\BuildLiteBehavior [ RunTime:0.000033s ]
INFO: [ app_init ] --END-- [ RunTime:0.018916s ]
ERR: Êó†Ê≥ïÂä†ËΩΩÊ®°Âùó:Public

[ 2019-06-22T15:54:06+08:00 ] ::1 /tp3/zjm/Public/Image/index/img2/6%E6%AF%92%E6%B6%B2.png
INFO: [ app_init ] --START--
INFO: Run Behavior\BuildLiteBehavior [ RunTime:0.000029s ]
INFO: [ app_init ] --END-- [ RunTime:0.014803s ]
ERR: Êó†Ê≥ïÂä†ËΩΩÊ®°Âùó:Public

[ 2019-06-22T15:54:06+08:00 ] ::1 /tp3/zjm/Public/Image/index/img2/tj7.gif
INFO: [ app_init ] --START--
INFO: Run Behavior\BuildLiteBehavior [ RunTime:0.000027s ]
INFO: [ app_init ] --END-- [ RunTime:0.007744s ]
ERR: Êó†Ê≥ïÂä†ËΩΩÊ®°Âùó:Public

[ 2019-06-22T15:54:06+08:00 ] ::1 /tp3/zjm/Public/Image/index/img2/tj1.gif
INFO: [ app_init ] --START--
INFO: Run Behavior\BuildLiteBehavior [ RunTime:0.000025s ]
INFO: [ app_init ] --END-- [ RunTime:0.003787s ]
ERR: Êó†Ê≥ïÂä†ËΩΩÊ®°Âùó:Public

[ 2019-06-22T15:54:06+08:00 ] ::1 /tp3/zjm/Public/Image/index/img3/1%E5%B0%8F%E9%A3%9E%E8%B1%A1.webp
INFO: [ app_init ] --START--
INFO: Run Behavior\BuildLiteBehavior [ RunTime:0.000027s ]
INFO: [ app_init ] --END-- [ RunTime:0.005079s ]
ERR: Êó†Ê≥ïÂä†ËΩΩÊ®°Âùó:Public

[ 2019-06-22T15:54:06+08:00 ] ::1 /tp3/zjm/Public/Image/index/img2/tj2.gif
INFO: [ app_init ] --START--
INFO: Run Behavior\BuildLiteBehavior [ RunTime:0.000025s ]
INFO: [ app_init ] --END-- [ RunTime:0.006463s ]
ERR: Êó†Ê≥ïÂä†ËΩΩÊ®°Âùó:Public

[ 2019-06-22T15:54:06+08:00 ] ::1 /tp3/zjm/Public/Image/index/img3/2%E9%A9%AF%E9%BE%99%E9%AB%98%E6%89%8B.webp
INFO: [ app_init ] --START--
INFO: Run Behavior\BuildLiteBehavior [ RunTime:0.000028s ]
INFO: [ app_init ] --END-- [ RunTime:0.005736s ]
ERR: Êó†Ê≥ïÂä†ËΩΩÊ®°Âùó:Public

[ 2019-06-22T15:54:06+08:00 ] ::1 /tp3/zjm/Public/Image/index/img3/4%E8%B0%83%E9%9F%B3%E5%B8%88.webp
INFO: [ app_init ] --START--
INFO: Run Behavior\BuildLiteBehavior [ RunTime:0.000024s ]
INFO: [ app_init ] --END-- [ RunTime:0.003164s ]
ERR: Êó†Ê≥ïÂä†ËΩΩÊ®°Âùó:Public

[ 2019-06-22T15:54:06+08:00 ] ::1 /tp3/zjm/Public/Image/index/img3/3%E9%9B%B7%E9%9C%86%E6%B2%99%E8%B5%9E.webp
INFO: [ app_init ] --START--
INFO: Run Behavior\BuildLiteBehavior [ RunTime:0.000023s ]
INFO: [ app_init ] --END-- [ RunTime:0.004744s ]
ERR: Êó†Ê≥ïÂä†ËΩΩÊ®°Âùó:Public

[ 2019-06-22T15:54:06+08:00 ] ::1 /tp3/zjm/Public/Image/index/img2/tj3.gif
INFO: [ app_init ] --START--
INFO: Run Behavior\BuildLiteBehavior [ RunTime:0.000025s ]
INFO: [ app_init ] --END-- [ RunTime:0.004369s ]
ERR: Êó†Ê≥ïÂä†ËΩΩÊ®°Âùó:Public

[ 2019-06-22T15:54:06+08:00 ] ::1 /tp3/zjm/Public/Image/index/img2/tj4.gif
INFO: [ app_init ] --START--
INFO: Run Behavior\BuildLiteBehavior [ RunTime:0.000018s ]
INFO: [ app_init ] --END-- [ RunTime:0.002627s ]
ERR: Êó†Ê≥ïÂä†ËΩΩÊ®°Âùó:Public

[ 2019-06-22T15:54:06+08:00 ] ::1 /tp3/zjm/Public/Image/index/img2/tj5.gif
INFO: [ app_init ] --START--
INFO: Run Behavior\BuildLiteBehavior [ RunTime:0.000029s ]
INFO: [ app_init ] --END-- [ RunTime:0.004929s ]
ERR: Êó†Ê≥ïÂä†ËΩΩÊ®°Âùó:Public

[ 2019-06-22T15:54:06+08:00 ] ::1 /tp3/zjm/Public/Image/index/img2/tj6.gif
INFO: [ app_init ] --START--
INFO: Run Behavior\BuildLiteBehavior [ RunTime:0.000030s ]
INFO: [ app_init ] --END-- [ RunTime:0.004366s ]
ERR: Êó†Ê≥ïÂä†ËΩΩÊ®°Âùó:Public

[ 2019-06-22T15:54:20+08:00 ] ::1 /tp3/zjm/Public/Image/index/img2/2%E5%A4%B4%E5%8F%B7%E7%8E%A9%E5%AE%B6wps%E5%9B%BE%E7%89%87.png
INFO: [ app_init ] --START--
INFO: Run Behavior\BuildLiteBehavior [ RunTime:0.003186s ]
INFO: [ app_init ] --END-- [ RunTime:0.008050s ]
ERR: Êó†Ê≥ïÂä†ËΩΩÊ®°Âùó:Public

[ 2019-06-22T15:54:20+08:00 ] ::1 /tp3/zjm/Public/Image/index/img2/4%E4%BE%8F%E7%BD%97%E7%BA%AA%E4%B8%96%E7%95%8C.png
INFO: [ app_init ] --START--
INFO: Run Behavior\BuildLiteBehavior [ RunTime:0.000025s ]
INFO: [ app_init ] --END-- [ RunTime:0.003207s ]
ERR: Êó†Ê≥ïÂä†ËΩΩÊ®°Âùó:Public

[ 2019-06-22T15:54:20+08:00 ] ::1 /tp3/zjm/Public/Image/index/img2/6%E6%AF%92%E6%B6%B2.png
INFO: [ app_init ] --START--
INFO: Run Behavior\BuildLiteBehavior [ RunTime:0.000027s ]
INFO: [ app_init ] --END-- [ RunTime:0.004464s ]
ERR: Êó†Ê≥ïÂä†ËΩΩÊ®°Âùó:Public

[ 2019-06-22T15:54:20+08:00 ] ::1 /tp3/zjm/Public/Image/index/img2/1%E6%B5%B7%E5%B8%82%E8%9C%83%E6%A5%BC(1).png
INFO: [ app_init ] --START--
INFO: Run Behavior\BuildLiteBehavior [ RunTime:0.000028s ]
INFO: [ app_init ] --END-- [ RunTime:0.009771s ]
ERR: Êó†Ê≥ïÂä†ËΩΩÊ®°Âùó:Public

[ 2019-06-22T15:54:20+08:00 ] ::1 /tp3/zjm/Public/Image/index/img2/3%E6%B9%AE%E7%81%ADwps%E5%9B%BE%E7%89%87.png
INFO: [ app_init ] --START--
INFO: Run Behavior\BuildLiteBehavior [ RunTime:0.000064s ]
INFO: [ app_init ] --END-- [ RunTime:0.007917s ]
ERR: Êó†Ê≥ïÂä†ËΩΩÊ®°Âùó:Public

[ 2019-06-22T15:54:20+08:00 ] ::1 /tp3/zjm/Public/Image/index/img2/5%E6%83%8A%E5%A5%87%E9%98%9F%E9%95%BF.png
INFO: [ app_init ] --START--
INFO: Run Behavior\BuildLiteBehavior [ RunTime:0.000028s ]
INFO: [ app_init ] --END-- [ RunTime:0.004576s ]
ERR: Êó†Ê≥ïÂä†ËΩΩÊ®°Âùó:Public

[ 2019-06-22T15:54:20+08:00 ] ::1 /tp3/zjm/Public/Image/index/img3/2%E9%A9%AF%E9%BE%99%E9%AB%98%E6%89%8B.webp
INFO: [ app_init ] --START--
INFO: Run Behavior\BuildLiteBehavior [ RunTime:0.000024s ]
INFO: [ app_init ] --END-- [ RunTime:0.006860s ]
ERR: Êó†Ê≥ïÂä†ËΩΩÊ®°Âùó:Public

[ 2019-06-22T15:54:20+08:00 ] ::1 /tp3/zjm/Public/Image/index/img2/tj7.gif
INFO: [ app_init ] --START--
INFO: Run Behavior\BuildLiteBehavior [ RunTime:0.000023s ]
INFO: [ app_init ] --END-- [ RunTime:0.005224s ]
ERR: Êó†Ê≥ïÂä†ËΩΩÊ®°Âùó:Public

[ 2019-06-22T15:54:20+08:00 ] ::1 /tp3/zjm/Public/Image/index/img3/4%E8%B0%83%E9%9F%B3%E5%B8%88.webp
INFO: [ app_init ] --START--
INFO: Run Behavior\BuildLiteBehavior [ RunTime:0.000025s ]
INFO: [ app_init ] --END-- [ RunTime:0.009458s ]
ERR: Êó†Ê≥ïÂä†ËΩΩÊ®°Âùó:Public

ublic

[ 2019-06-22T15:54:20+08:00 ] ::1 /tp3/zjm/Public/Image/index/img2/tj1.gif
INFO: [ app_init ] --START--
INFO: Run Behavior\BuildLiteBehavior [ RunTime:0.000023s ]
INFO: [ app_init ] --END-- [ RunTime:0.011272s ]
ERR: Êó†Ê≥ïÂä†ËΩΩÊ®°Âùó:Public

[ 2019-06-22T15:54:20+08:00 ] ::1 /tp3/zjm/Public/Image/index/img3/1%E5%B0%8F%E9%A3%9E%E8%B1%A1.webp
INFO: [ app_init ] --START--
INFO: Run Behavior\BuildLiteBehavior [ RunTime:0.000025s ]
INFO: [ app_init ] --END-- [ RunTime:0.011606s ]
ERR: Êó†Ê≥ïÂä†ËΩΩÊ®°Âùó:Public

[ 2019-06-22T15:54:20+08:00 ] ::1 /tp3/zjm/Public/Image/index/img2/tj3.gif
INFO: [ app_init ] --START--
INFO: Run Behavior\BuildLiteBehavior [ RunTime:0.000025s ]
INFO: [ app_init ] --END-- [ RunTime:0.005302s ]
ERR: Êó†Ê≥ïÂä†ËΩΩÊ®°Âùó:Public

[ 2019-06-22T15:54:20+08:00 ] ::1 /tp3/zjm/Public/Image/index/img2/tj5.gif
INFO: [ app_init ] --START--
INFO: Run Behavior\BuildLiteBehavior [ RunTime:0.000026s ]
INFO: [ app_init ] --END-- [ RunTime:0.003505s ]
ERR: Êó†Ê≥ïÂä†ËΩΩÊ®°Âùó:Public

[ 2019-06-22T15:54:20+08:00 ] ::1 /tp3/zjm/Public/Image/index/img2/tj2.gif
INFO: [ app_init ] --START--
INFO: Run Behavior\BuildLiteBehavior [ RunTime:0.000031s ]
INFO: [ app_init ] --END-- [ RunTime:0.008358s ]
ERR: Êó†Ê≥ïÂä†ËΩΩÊ®°Âùó:Public

[ 2019-06-22T15:54:20+08:00 ] ::1 /tp3/zjm/Public/Image/index/img2/tj4.gif
INFO: [ app_init ] --START--
INFO: Run Behavior\BuildLiteBehavior [ RunTime:0.000019s ]
INFO: [ app_init ] --END-- [ RunTime:0.003522s ]
ERR: Êó†Ê≥ïÂä†ËΩΩÊ®°Âùó:Public

[ 2019-06-22T15:54:20+08:00 ] ::1 /tp3/zjm/Public/Image/index/img2/tj6.gif
INFO: [ app_init ] --START--
INFO: Run Behavior\BuildLiteBehavior [ RunTime:0.000038s ]
INFO: [ app_init ] --END-- [ RunTime:0.003972s ]
ERR: Êó†Ê≥ïÂä†ËΩΩÊ®°Âùó:Public

[ 2019-06-22T16:09:20+08:00 ] ::1 /tp3/zjm/Public/Image/index/img2/4%E4%BE%8F%E7%BD%97%E7%BA%AA%E4%B8%96%E7%95%8C.png
INFO: [ app_init ] --START--
INFO: Run Behavior\BuildLiteBehavior [ RunTime:0.000026s ]
INFO: [ app_init ] --END-- [ RunTime:0.013851s ]
ERR: Êó†Ê≥ïÂä†ËΩΩÊ®°Âùó:Public

[ 2019-06-22T16:09:20+08:00 ] ::1 /tp3/zjm/Public/Image/index/img2/1%E6%B5%B7%E5%B8%82%E8%9C%83%E6%A5%BC(1).png
INFO: [ app_init ] --START--
INFO: Run Behavior\BuildLiteBehavior [ RunTime:0.000023s ]
INFO: [ app_init ] --END-- [ RunTime:0.011979s ]
ERR: Êó†Ê≥ïÂä†ËΩΩÊ®°Âùó:Public

[ 2019-06-22T16:09:20+08:00 ] ::1 /tp3/zjm/Public/Image/index/img2/2%E5%A4%B4%E5%8F%B7%E7%8E%A9%E5%AE%B6wps%E5%9B%BE%E7%89%87.png
INFO: [ app_init ] --START--
INFO: Run Behavior\BuildLiteBehavior [ RunTime:0.000023s ]
INFO: [ app_init ] --END-- [ RunTime:0.013933s ]
ERR: Êó†Ê≥ïÂä†ËΩΩÊ®°Âùó:Public

[ 2019-06-22T16:09:20+08:00 ] ::1 /tp3/zjm/Public/Image/index/img2/5%E6%83%8A%E5%A5%87%E9%98%9F%E9%95%BF.png
INFO: [ app_init ] --START--
INFO: Run Behavior\BuildLiteBehavior [ RunTime:0.000028s ]
INFO: [ app_init ] --END-- [ RunTime:0.007204s ]
ERR: Êó†Ê≥ïÂä†ËΩΩÊ®°Âùó:Public

[ 2019-06-22T16:09:20+08:00 ] ::1 /tp3/zjm/Public/Image/index/img2/6%E6%AF%92%E6%B6%B2.png
INFO: [ app_init ] --START--
INFO: Run Behavior\BuildLiteBehavior [ RunTime:0.000113s ]
INFO: [ app_init ] --END-- [ RunTime:0.013313s ]
ERR: Êó†Ê≥ïÂä†ËΩΩÊ®°Âùó:Public

[ 2019-06-22T16:09:20+08:00 ] ::1 /tp3/zjm/Public/Image/index/img2/tj2.gif
INFO: [ app_init ] --START--
INFO: Run Behavior\BuildLiteBehavior [ RunTime:0.000023s ]
INFO: [ app_init ] --END-- [ RunTime:0.009649s ]
ERR: Êó†Ê≥ïÂä†ËΩΩÊ®°Âùó:Public

[ 2019-06-22T16:09:20+08:00 ] ::1 /tp3/zjm/Public/Image/index/img2/tj1.gif
INFO: [ app_init ] --START--
INFO: Run Behavior\BuildLiteBehavior [ RunTime:0.000030s ]
INFO: [ app_init ] --END-- [ RunTime:0.014613s ]
ERR: Êó†Ê≥ïÂä†ËΩΩÊ®°Âùó:Public

[ 2019-06-22T16:09:20+08:00 ] ::1 /tp3/zjm/Public/Image/index/img2/tj4.gif
INFO: [ app_init ] --START--
INFO: Run Behavior\BuildLiteBehavior [ RunTime:0.000029s ]
INFO: [ app_init ] --END-- [ RunTime:0.019322s ]
ERR: Êó†Ê≥ïÂä†ËΩΩÊ®°Âùó:Public

[ 2019-06-22T16:09:20+08:00 ] ::1 /tp3/zjm/Public/Image/index/img2/tj7.gif
INFO: [ app_init ] --START--
INFO: Run Behavior\BuildLiteBehavior [ RunTime:0.000034s ]
INFO: [ app_init ] --END-- [ RunTime:0.016242s ]
ERR: Êó†Ê≥ïÂä†ËΩΩÊ®°Âùó:Public

[ 2019-06-22T16:09:20+08:00 ] ::1 /tp3/zjm/Public/Image/index/img2/tj5.gif
INFO: [ app_init ] --START--
INFO: Run Behavior\BuildLiteBehavior [ RunTime:0.000027s ]
INFO: [ app_init ] --END-- [ RunTime:0.011373s ]
ERR: Êó†Ê≥ïÂä†ËΩΩÊ®°Âùó:Public

[ 2019-06-22T16:09:20+08:00 ] ::1 /tp3/zjm/Public/Image/index/img2/tj3.gif
INFO: [ app_init ] --START--
INFO: Run Behavior\BuildLiteBehavior [ RunTime:0.000026s ]
INFO: [ app_init ] --END-- [ RunTime:0.008252s ]
ERR: Êó†Ê≥ïÂä†ËΩΩÊ®°Âùó:Public

[ 2019-06-22T16:09:21+08:00 ] ::1 /tp3/zjm/Public/Image/index/img2/tj6.gif
INFO: [ app_init ] --START--
INFO: Run Behavior\BuildLiteBehavior [ RunTime:0.000069s ]
INFO: [ app_init ] --END-- [ RunTime:0.008276s ]
ERR: Êó†Ê≥ïÂä†ËΩΩÊ®°Âùó:Public

[ 2019-06-22T16:09:21+08:00 ] ::1 /tp3/zjm/Public/Image/index/img3/2%E9%A9%AF%E9%BE%99%E9%AB%98%E6%89%8B.webp
INFO: [ app_init ] --START--
INFO: Run Behavior\BuildLiteBehavior [ RunTime:0.000028s ]
INFO: [ app_init ] --END-- [ RunTime:0.005186s ]
ERR: Êó†Ê≥ïÂä†ËΩΩÊ®°Âùó:Public

[ 2019-06-22T16:09:21+08:00 ] ::1 /tp3/zjm/Public/Image/index/img3/1%E5%B0%8F%E9%A3%9E%E8%B1%A1.webp
INFO: [ app_init ] --START--
INFO: Run Behavior\BuildLiteBehavior [ RunTime:0.000031s ]
INFO: [ app_init ] --END-- [ RunTime:0.014693s ]
ERR: Êó†Ê≥ïÂä†ËΩΩÊ®°Âùó:Public

[ 2019-06-22T16:09:21+08:00 ] ::1 /tp3/zjm/Public/Image/index/img3/3%E9%9B%B7%E9%9C%86%E6%B2%99%E8%B5%9E.webp
INFO: [ app_init ] --START--
INFO: Run Behavior\BuildLiteBehavior [ RunTime:0.000031s ]
INFO: [ app_init ] --END-- [ RunTime:0.006455s ]
ERR: Êó†Ê≥ïÂä†ËΩΩÊ®°Âùó:Public

[ 2019-06-22T16:09:21+08:00 ] ::1 /tp3/zjm/Public/Image/index/img3/4%E8%B0%83%E9%9F%B3%E5%B8%88.webp
INFO: [ app_init ] --START--
INFO: Run Behavior\BuildLiteBehavior [ RunTime:0.000029s ]
INFO: [ app_init ] --END-- [ RunTime:0.008622s ]
ERR: Êó†Ê≥ïÂä†ËΩΩÊ®°Âùó:Public

[ 2019-06-22T16:11:44+08:00 ] ::1 /tp3/zjm/Public/Image/index/img2/2%E5%A4%B4%E5%8F%B7%E7%8E%A9%E5%AE%B6wps%E5%9B%BE%E7%89%87.png
INFO: [ app_init ] --START--
INFO: Run Behavior\BuildLiteBehavior [ RunTime:0.000025s ]
INFO: [ app_init ] --END-- [ RunTime:0.008225s ]
ERR: Êó†Ê≥ïÂä†ËΩΩÊ®°Âùó:Public

[ 2019-06-22T16:11:44+08:00 ] ::1 /tp3/zjm/Public/Image/index/img2/4%E4%BE%8F%E7%BD%97%E7%BA%AA%E4%B8%96%E7%95%8C.png
INFO: [ app_init ] --START--
INFO: Run Behavior\BuildLiteBehavior [ RunTime:0.000030s ]
INFO: [ app_init ] --END-- [ RunTime:0.006993s ]
ERR: Êó†Ê≥ïÂä†ËΩΩÊ®°Âùó:Public

[ 2019-06-22T16:11:44+08:00 ] ::1 /tp3/zjm/Public/Image/index/img2/3%E6%B9%AE%E7%81%ADwps%E5%9B%BE%E7%89%87.png
INFO: [ app_init ] --START--
INFO: Run Behavior\BuildLiteBehavior [ RunTime:0.000023s ]
INFO: [ app_init ] --END-- [ RunTime:0.016669s ]
ERR: Êó†Ê≥ïÂä†ËΩΩÊ®°Âùó:Public

[ 2019-06-22T16:11:44+08:00 ] ::1 /tp3/zjm/Public/Image/index/img2/1%E6%B5%B7%E5%B8%82%E8%9C%83%E6%A5%BC(1).png
INFO: [ app_init ] --START--
INFO: Run Behavior\BuildLiteBehavior [ RunTime:0.000066s ]
INFO: [ app_init ] --END-- [ RunTime:0.020911s ]
ERR: Êó†Ê≥ïÂä†ËΩΩÊ®°Âùó:Public

[ 2019-06-22T16:11:44+08:00 ] ::1 /tp3/zjm/Public/Image/index/img2/5%E6%83%8A%E5%A5%87%E9%98%9F%E9%95%BF.png
INFO: [ app_init ] --START--
INFO: Run Behavior\BuildLiteBehavior [ RunTime:0.000026s ]
INFO: [ app_init ] --END-- [ RunTime:0.009577s ]
ERR: Êó†Ê≥ïÂä†ËΩΩÊ®°Âùó:Public

[ 2019-06-22T16:11:44+08:00 ] ::1 /tp3/zjm/Public/Image/index/img2/6%E6%AF%92%E6%B6%B2.png
INFO: [ app_init ] --START--
INFO: Run Behavior\BuildLiteBehavior [ RunTime:0.000026s ]
INFO: [ app_init ] --END-- [ RunTime:0.017516s ]
ERR: Êó†Ê≥ïÂä†ËΩΩÊ®°Âùó:Public

[ 2019-06-22T16:11:44+08:00 ] ::1 /tp3/zjm/Public/Image/index/img2/tj7.gif
INFO: [ app_init ] --START--
INFO: Run Behavior\BuildLiteBehavior [ RunTime:0.000023s ]
INFO: [ app_init ] --END-- [ RunTime:0.008799s ]
ERR: Êó†Ê≥ïÂä†ËΩΩÊ®°Âùó:Public

[ 2019-06-22T16:11:44+08:00 ] ::1 /tp3/zjm/Public/Image/index/img2/tj2.gif
INFO: [ app_init ] --START--
INFO: Run Behavior\BuildLiteBehavior [ RunTime:0.000023s ]
INFO: [ app_init ] --END-- [ RunTime:0.007543s ]
ERR: Êó†Ê≥ïÂä†ËΩΩÊ®°Âùó:Public

[ 2019-06-22T16:11:44+08:00 ] ::1 /tp3/zjm/Public/Image/index/img2/tj1.gif
INFO: [ app_init ] --START--
INFO: Run Behavior\BuildLiteBehavior [ RunTime:0.000024s ]
INFO: [ app_init ] --END-- [ RunTime:0.003545s ]
ERR: Êó†Ê≥ïÂä†ËΩΩÊ®°Âùó:Public

[ 2019-06-22T16:11:44+08:00 ] ::1 /tp3/zjm/Public/Image/index/img2/tj4.gif
INFO: [ app_init ] --START--
INFO: Run Behavior\BuildLiteBehavior [ RunTime:0.000028s ]
INFO: [ app_init ] --END-- [ RunTime:0.005107s ]
ERR: Êó†Ê≥ïÂä†ËΩΩÊ®°Âùó:Public

[ 2019-06-22T16:11:44+08:00 ] ::1 /tp3/zjm/Public/Image/index/img2/tj3.gif
INFO: [ app_init ] --START--
INFO: Run Behavior\BuildLiteBehavior [ RunTime:0.000018s ]
INFO: [ app_init ] --END-- [ RunTime:0.003133s ]
ERR: Êó†Ê≥ïÂä†ËΩΩÊ®°Âùó:Public

[ 2019-06-22T16:11:44+08:00 ] ::1 /tp3/zjm/Public/Image/index/img2/tj5.gif
INFO: [ app_init ] --START--
INFO: Run Behavior\BuildLiteBehavior [ RunTime:0.000019s ]
INFO: [ app_init ] --END-- [ RunTime:0.002906s ]
ERR: Êó†Ê≥ïÂä†ËΩΩÊ®°Âùó:Public

[ 2019-06-22T16:11:45+08:00 ] ::1 /tp3/zjm/Public/Image/index/img3/3%E9%9B%B7%E9%9C%86%E6%B2%99%E8%B5%9E.webp
INFO: [ app_init ] --START--
INFO: Run Behavior\BuildLiteBehavior [ RunTime:0.000024s ]
INFO: [ app_init ] --END-- [ RunTime:0.004456s ]
ERR: Êó†Ê≥ïÂä†ËΩΩÊ®°Âùó:Public

[ 2019-06-22T16:11:45+08:00 ] ::1 /tp3/zjm/Public/Image/index/img2/tj6.gif
INFO: [ app_init ] --START--
INFO: Run Behavior\BuildLiteBehavior [ RunTime:0.000026s ]
INFO: [ app_init ] --END-- [ RunTime:0.003673s ]
ERR: Êó†Ê≥ïÂä†ËΩΩÊ®°Âùó:Public

[ 2019-06-22T16:11:45+08:00 ] ::1 /tp3/zjm/Public/Image/index/img3/4%E8%B0%83%E9%9F%B3%E5%B8%88.webp
INFO: [ app_init ] --START--
INFO: Run Behavior\BuildLiteBehavior [ RunTime:0.000091s ]
INFO: [ app_init ] --END-- [ RunTime:0.004524s ]
ERR: Êó†Ê≥ïÂä†ËΩΩÊ®°Âùó:Public

[ 2019-06-22T16:11:45+08:00 ] ::1 /tp3/zjm/Public/Image/index/img3/1%E5%B0%8F%E9%A3%9E%E8%B1%A1.webp
INFO: [ app_init ] --START--
INFO: Run Behavior\BuildLiteBehavior [ RunTime:0.000031s ]
INFO: [ app_init ] --END-- [ RunTime:0.003807s ]
ERR: Êó†Ê≥ïÂä†ËΩΩÊ®°Âùó:Public

[ 2019-06-22T16:11:45+08:00 ] ::1 /tp3/zjm/Public/Image/index/img3/2%E9%A9%AF%E9%BE%99%E9%AB%98%E6%89%8B.webp
INFO: [ app_init ] --START--
INFO: Run Behavior\BuildLiteBehavior [ RunTime:0.000061s ]
INFO: [ app_init ] --END-- [ RunTime:0.007903s ]
ERR: Êó†Ê≥ïÂä†ËΩΩÊ®°Âùó:Public

[ 2019-06-22T16:13:04+08:00 ] ::1 /tp3/zjm/Public/Image/index/img2/2%E5%A4%B4%E5%8F%B7%E7%8E%A9%E5%AE%B6wps%E5%9B%BE%E7%89%87.png
INFO: [ app_init ] --START--
INFO: Run Behavior\BuildLiteBehavior [ RunTime:0.000025s ]
INFO: [ app_init ] --END-- [ RunTime:0.008227s ]
ERR: Êó†Ê≥ïÂä†ËΩΩÊ®°Âùó:Public

[ 2019-06-22T16:13:04+08:00 ] ::1 /tp3/zjm/Public/Image/index/img2/3%E6%B9%AE%E7%81%ADwps%E5%9B%BE%E7%89%87.png
INFO: [ app_init ] --START--
INFO: Run Behavior\BuildLiteBehavior [ RunTime:0.000024s ]
INFO: [ app_init ] --END-- [ RunTime:0.010723s ]
ERR: Êó†Ê≥ïÂä†ËΩΩÊ®°Âùó:Public

[ 2019-06-22T16:13:05+08:00 ] ::1 /tp3/zjm/Public/Image/index/img2/4%E4%BE%8F%E7%BD%97%E7%BA%AA%E4%B8%96%E7%95%8C.png
INFO: [ app_init ] --START--
INFO: Run Behavior\BuildLiteBehavior [ RunTime:0.000066s ]
INFO: [ app_init ] --END-- [ RunTime:0.006508s ]
ERR: Êó†Ê≥ïÂä†ËΩΩÊ®°Âùó:Public

[ 2019-06-22T16:13:05+08:00 ] ::1 /tp3/zjm/Public/Image/index/img2/1%E6%B5%B7%E5%B8%82%E8%9C%83%E6%A5%BC(1).png
INFO: [ app_init ] --START--
INFO: Run Behavior\BuildLiteBehavior [ RunTime:0.000024s ]
INFO: [ app_init ] --END-- [ RunTime:0.011675s ]
ERR: Êó†Ê≥ïÂä†ËΩΩÊ®°Âùó:Public

[ 2019-06-22T16:13:05+08:00 ] ::1 /tp3/zjm/Public/Image/index/img2/5%E6%83%8A%E5%A5%87%E9%98%9F%E9%95%BF.png
INFO: [ app_init ] --START--
INFO: Run Behavior\BuildLiteBehavior [ RunTime:0.000021s ]
INFO: [ app_init ] --END-- [ RunTime:0.009627s ]
ERR: Êó†Ê≥ïÂä†ËΩΩÊ®°Âùó:Public

[ 2019-06-22T16:13:05+08:00 ] ::1 /tp3/zjm/Public/Image/index/img2/6%E6%AF%92%E6%B6%B2.png
INFO: [ app_init ] --START--
INFO: Run Behavior\BuildLiteBehavior [ RunTime:0.000018s ]
INFO: [ app_init ] --END-- [ RunTime:0.009295s ]
ERR: Êó†Ê≥ïÂä†ËΩΩÊ®°Âùó:Public

[ 2019-06-22T16:13:05+08:00 ] ::1 /tp3/zjm/Public/Image/index/img2/tj7.gif
INFO: [ app_init ] --START--
INFO: Run Behavior\BuildLiteBehavior [ RunTime:0.000031s ]
INFO: [ app_init ] --END-- [ RunTime:0.010261s ]
ERR: Êó†Ê≥ïÂä†ËΩΩÊ®°Âùó:Public

[ 2019-06-22T16:13:05+08:00 ] ::1 /tp3/zjm/Public/Image/index/img2/tj1.gif
INFO: [ app_init ] --START--
INFO: Run Behavior\BuildLiteBehavior [ RunTime:0.000025s ]
INFO: [ app_init ] --END-- [ RunTime:0.005113s ]
ERR: Êó†Ê≥ïÂä†ËΩΩÊ®°Âùó:Public

[ 2019-06-22T16:13:05+08:00 ] ::1 /tp3/zjm/Public/Image/index/img2/tj5.gif
INFO: [ app_init ] --START--
INFO: Run Behavior\BuildLiteBehavior [ RunTime:0.000021s ]
INFO: [ app_init ] --END-- [ RunTime:0.008831s ]
ERR: Êó†Ê≥ïÂä†ËΩΩÊ®°Âùó:Public

[ 2019-06-22T16:13:05+08:00 ] ::1 /tp3/zjm/Public/Image/index/img2/tj4.gif
INFO: [ app_init ] --START--
INFO: Run Behavior\BuildLiteBehavior [ RunTime:0.000023s ]
INFO: [ app_init ] --END-- [ RunTime:0.005957s ]
ERR: Êó†Ê≥ïÂä†ËΩΩÊ®°Âùó:Public

[ 2019-06-22T16:13:05+08:00 ] ::1 /tp3/zjm/Public/Image/index/img2/tj2.gif
INFO: [ app_init ] --START--
INFO: Run Behavior\BuildLiteBehavior [ RunTime:0.000027s ]
INFO: [ app_init ] --END-- [ RunTime:0.005890s ]
ERR: Êó†Ê≥ïÂä†ËΩΩÊ®°Âùó:Public

[ 2019-06-22T16:13:05+08:00 ] ::1 /tp3/zjm/Public/Image/index/img2/tj3.gif
INFO: [ app_init ] --START--
INFO: Run Behavior\BuildLiteBehavior [ RunTime:0.000024s ]
INFO: [ app_init ] --END-- [ RunTime:0.010838s ]
ERR: Êó†Ê≥ïÂä†ËΩΩÊ®°Âùó:Public

[ 2019-06-22T16:13:05+08:00 ] ::1 /tp3/zjm/Public/Image/index/img2/tj6.gif
INFO: [ app_init ] --START--
INFO: Run Behavior\BuildLiteBehavior [ RunTime:0.000027s ]
INFO: [ app_init ] --END-- [ RunTime:0.010458s ]
ERR: Êó†Ê≥ïÂä†ËΩΩÊ®°Âùó:Public

[ 2019-06-22T16:13:05+08:00 ] ::1 /tp3/zjm/Public/Image/index/img3/1%E5%B0%8F%E9%A3%9E%E8%B1%A1.webp
INFO: [ app_init ] --START--
INFO: Run Behavior\BuildLiteBehavior [ RunTime:0.000026s ]
INFO: [ app_init ] --END-- [ RunTime:0.006889s ]
ERR: Êó†Ê≥ïÂä†ËΩΩÊ®°Âùó:Public

[ 2019-06-22T16:13:05+08:00 ] ::1 /tp3/zjm/Public/Image/index/img3/3%E9%9B%B7%E9%9C%86%E6%B2%99%E8%B5%9E.webp
INFO: [ app_init ] --START--
INFO: Run Behavior\BuildLiteBehavior [ RunTime:0.000027s ]
INFO: [ app_init ] --END-- [ RunTime:0.006075s ]
ERR: Êó†Ê≥ïÂä†ËΩΩÊ®°Âùó:Public

[ 2019-06-22T16:13:05+08:00 ] ::1 /tp3/zjm/Public/Image/index/img3/2%E9%A9%AF%E9%BE%99%E9%AB%98%E6%89%8B.webp
INFO: [ app_init ] --START--
INFO: Run Behavior\BuildLiteBehavior [ RunTime:0.000039s ]
INFO: [ app_init ] --END-- [ RunTime:0.007724s ]
ERR: Êó†Ê≥ïÂä†ËΩΩÊ®°Âùó:Public

[ 2019-06-22T16:13:05+08:00 ] ::1 /tp3/zjm/Public/Image/index/img3/4%E8%B0%83%E9%9F%B3%E5%B8%88.webp
INFO: [ app_init ] --START--
INFO: Run Behavior\BuildLiteBehavior [ RunTime:0.000016s ]
INFO: [ app_init ] --END-- [ RunTime:0.002194s ]
ERR: Êó†Ê≥ïÂä†ËΩΩÊ®°Âùó:Public

