[ 2019-06-27T11:13:56+08:00 ] ::1 /tp3/zjm/Public/Image/index/img3/3%E9%9B%B7%E9%9C%86%E6%B2%99%E8%B5%9E.webp
INFO: [ app_init ] --START--
INFO: Run Behavior\BuildLiteBehavior [ RunTime:0.000019s ]
INFO: [ app_init ] --END-- [ RunTime:0.006022s ]
ERR: 无法加载模块:Public

[ 2019-06-27T11:13:56+08:00 ] ::1 /tp3/zjm/Public/Image/index/img3/2%E9%A9%AF%E9%BE%99%E9%AB%98%E6%89%8B.webp
INFO: [ app_init ] --START--
INFO: Run Behavior\BuildLiteBehavior [ RunTime:0.000026s ]
INFO: [ app_init ] --END-- [ RunTime:0.003488s ]
ERR: 无法加载模块:Public

[ 2019-06-27T11:13:56+08:00 ] ::1 /tp3/zjm/Public/Image/index/img3/1%E5%B0%8F%E9%A3%9E%E8%B1%A1.webp
INFO: [ app_init ] --START--
INFO: Run Behavior\BuildLiteBehavior [ RunTime:0.000030s ]
INFO: [ app_init ] --END-- [ RunTime:0.004665s ]
ERR: 无法加载模块:Public

[ 2019-06-27T11:14:37+08:00 ] ::1 /tp3/zjm/Public/Image/index/img3/2%E9%A9%AF%E9%BE%99%E9%AB%98%E6%89%8B.webp
INFO: [ app_init ] --START--
INFO: Run Behavior\BuildLiteBehavior [ RunTime:0.000254s ]
INFO: [ app_init ] --END-- [ RunTime:0.012939s ]
ERR: 无法加载模块:Public

[ 2019-06-27T11:14:37+08:00 ] ::1 /tp3/zjm/Public/Image/index/img3/4%E8%B0%83%E9%9F%B3%E5%B8%88.webp
INFO: [ app_init ] --START--
INFO: Run Behavior\BuildLiteBehavior [ RunTime:0.000022s ]
INFO: [ app_init ] --END-- [ RunTime:0.011581s ]
ERR: 无法加载模块:Public

[ 2019-06-27T11:14:37+08:00 ] ::1 /tp3/zjm/Public/Image/index/img3/3%E9%9B%B7%E9%9C%86%E6%B2%99%E8%B5%9E.webp
INFO: [ app_init ] --START--
INFO: Run Behavior\BuildLiteBehavior [ RunTime:0.000068s ]
INFO: [ app_init ] --END-- [ RunTime:0.016078s ]
ERR: 无法加载模块:Public

[ 2019-06-27T11:14:37+08:00 ] ::1 /tp3/zjm/Public/Image/index/img3/1%E5%B0%8F%E9%A3%9E%E8%B1%A1.webp
INFO: [ app_init ] --START--
INFO: Run Behavior\BuildLiteBehavior [ RunTime:0.000113s ]
INFO: [ app_init ] --END-- [ RunTime:0.005827s ]
ERR: 无法加载模块:Public

[ 2019-06-27T11:14:48+08:00 ] ::1 /tp3/zjm/Public/Image/index/img3/1%E5%B0%8F%E9%A3%9E%E8%B1%A1.webp
INFO: [ app_init ] --START--
INFO: Run Behavior\BuildLiteBehavior [ RunTime:0.000027s ]
INFO: [ app_init ] --END-- [ RunTime:0.005373s ]
ERR: 无法加载模块:Public

[ 2019-06-27T11:14:48+08:00 ] ::1 /tp3/zjm/Public/Image/index/img3/4%E8%B0%83%E9%9F%B3%E5%B8%88.webp
INFO: [ app_init ] --START--
INFO: Run Behavior\BuildLiteBehavior [ RunTime:0.000029s ]
INFO: [ app_init ] --END-- [ RunTime:0.011136s ]
ERR: 无法加载模块:Public

ublic

[ 2019-06-27T11:14:48+08:00 ] ::1 /tp3/zjm/Public/Image/index/img3/2%E9%A9%AF%E9%BE%99%E9%AB%98%E6%89%8B.webp
INFO: [ app_init ] --START--
INFO: Run Behavior\BuildLiteBehavior [ RunTime:0.000029s ]
INFO: [ app_init ] --END-- [ RunTime:0.011230s ]
ERR: 无法加载模块:Public

[ 2019-06-27T11:14:56+08:00 ] ::1 /tp3/zjm/Public/Image/index/img3/3%E9%9B%B7%E9%9C%86%E6%B2%99%E8%B5%9E.webp
INFO: [ app_init ] --START--
INFO: Run Behavior\BuildLiteBehavior [ RunTime:0.000031s ]
INFO: [ app_init ] --END-- [ RunTime:0.004109s ]
ERR: 无法加载模块:Public

[ 2019-06-27T11:14:56+08:00 ] ::1 /tp3/zjm/Public/Image/index/img3/1%E5%B0%8F%E9%A3%9E%E8%B1%A1.webp
INFO: [ app_init ] --START--
INFO: Run Behavior\BuildLiteBehavior [ RunTime:0.000033s ]
INFO: [ app_init ] --END-- [ RunTime:0.008190s ]
ERR: 无法加载模块:Public

[ 2019-06-27T11:14:56+08:00 ] ::1 /tp3/zjm/Public/Image/index/img3/2%E9%A9%AF%E9%BE%99%E9%AB%98%E6%89%8B.webp
INFO: [ app_init ] --START--
INFO: Run Behavior\BuildLiteBehavior [ RunTime:0.000027s ]
INFO: [ app_init ] --END-- [ RunTime:0.007148s ]
ERR: 无法加载模块:Public

[ 2019-06-27T11:14:56+08:00 ] ::1 /tp3/zjm/Public/Image/index/img3/4%E8%B0%83%E9%9F%B3%E5%B8%88.webp
INFO: [ app_init ] --START--
INFO: Run Behavior\BuildLiteBehavior [ RunTime:0.000023s ]
INFO: [ app_init ] --END-- [ RunTime:0.008083s ]
ERR: 无法加载模块:Public

[ 2019-06-27T11:15:05+08:00 ] ::1 /tp3/zjm/Public/Image/index/img3/1%E5%B0%8F%E9%A3%9E%E8%B1%A1.webp
INFO: [ app_init ] --START--
INFO: Run Behavior\BuildLiteBehavior [ RunTime:0.000099s ]
INFO: [ app_init ] --END-- [ RunTime:0.010064s ]
ERR: 无法加载模块:Public

[ 2019-06-27T11:15:05+08:00 ] ::1 /tp3/zjm/Public/Image/index/img3/3%E9%9B%B7%E9%9C%86%E6%B2%99%E8%B5%9E.webp
INFO: [ app_init ] --START--
INFO: Run Behavior\BuildLiteBehavior [ RunTime:0.000023s ]
INFO: [ app_init ] --END-- [ RunTime:0.012306s ]
ERR: 无法加载模块:Public

[ 2019-06-27T11:15:05+08:00 ] ::1 /tp3/zjm/Public/Image/index/img3/2%E9%A9%AF%E9%BE%99%E9%AB%98%E6%89%8B.webp
INFO: [ app_init ] --START--
INFO: Run Behavior\BuildLiteBehavior [ RunTime:0.000024s ]
INFO: [ app_init ] --END-- [ RunTime:0.009325s ]
ERR: 无法加载模块:Public

[ 2019-06-27T11:15:05+08:00 ] ::1 /tp3/zjm/Public/Image/index/img3/4%E8%B0%83%E9%9F%B3%E5%B8%88.webp
INFO: [ app_init ] --START--
INFO: Run Behavior\BuildLiteBehavior [ RunTime:0.000017s ]
INFO: [ app_init ] --END-- [ RunTime:0.005225s ]
ERR: 无法加载模块:Public

[ 2019-06-27T11:15:17+08:00 ] ::1 /tp3/zjm/Public/Image/index/img3/1%E5%B0%8F%E9%A3%9E%E8%B1%A1.webp
INFO: [ app_init ] --START--
INFO: Run Behavior\BuildLiteBehavior [ RunTime:0.000025s ]
INFO: [ app_init ] --END-- [ RunTime:0.013304s ]
ERR: 无法加载模块:Public

[ 2019-06-27T11:15:17+08:00 ] ::1 /tp3/zjm/Public/Image/index/img3/3%E9%9B%B7%E9%9C%86%E6%B2%99%E8%B5%9E.webp
INFO: [ app_init ] --START--
INFO: Run Behavior\BuildLiteBehavior [ RunTime:0.000020s ]
INFO: [ app_init ] --END-- [ RunTime:0.005638s ]
ERR: 无法加载模块:Public

[ 2019-06-27T11:15:17+08:00 ] ::1 /tp3/zjm/Public/Image/index/img3/2%E9%A9%AF%E9%BE%99%E9%AB%98%E6%89%8B.webp
INFO: [ app_init ] --START--
INFO: Run Behavior\BuildLiteBehavior [ RunTime:0.000027s ]
INFO: [ app_init ] --END-- [ RunTime:0.013402s ]
ERR: 无法加载模块:Public

[ 2019-06-27T11:15:17+08:00 ] ::1 /tp3/zjm/Public/Image/index/img3/4%E8%B0%83%E9%9F%B3%E5%B8%88.webp
INFO: [ app_init ] --START--
INFO: Run Behavior\BuildLiteBehavior [ RunTime:0.000030s ]
INFO: [ app_init ] --END-- [ RunTime:0.009045s ]
ERR: 无法加载模块:Public

[ 2019-06-27T11:16:20+08:00 ] ::1 /tp3/zjm/Public/Image/index/img3/3%E9%9B%B7%E9%9C%86%E6%B2%99%E8%B5%9E.webp
INFO: [ app_init ] --START--
INFO: Run Behavior\BuildLiteBehavior [ RunTime:0.000026s ]
INFO: [ app_init ] --END-- [ RunTime:0.003670s ]
ERR: 无法加载模块:Public

[ 2019-06-27T11:16:20+08:00 ] ::1 /tp3/zjm/Public/Image/index/img3/4%E8%B0%83%E9%9F%B3%E5%B8%88.webp
INFO: [ app_init ] --START--
INFO: Run Behavior\BuildLiteBehavior [ RunTime:0.000028s ]
INFO: [ app_init ] --END-- [ RunTime:0.007083s ]
ERR: 无法加载模块:Public

[ 2019-06-27T11:16:20+08:00 ] ::1 /tp3/zjm/Public/Image/index/img3/2%E9%A9%AF%E9%BE%99%E9%AB%98%E6%89%8B.webp
INFO: [ app_init ] --START--
INFO: Run Behavior\BuildLiteBehavior [ RunTime:0.000025s ]
INFO: [ app_init ] --END-- [ RunTime:0.007376s ]
ERR: 无法加载模块:Public

[ 2019-06-27T11:16:20+08:00 ] ::1 /tp3/zjm/Public/Image/index/img3/1%E5%B0%8F%E9%A3%9E%E8%B1%A1.webp
INFO: [ app_init ] --START--
INFO: Run Behavior\BuildLiteBehavior [ RunTime:0.000022s ]
INFO: [ app_init ] --END-- [ RunTime:0.005180s ]
ERR: 无法加载模块:Public

[ 2019-06-27T11:17:40+08:00 ] ::1 /tp3/zjm/Public/Image/index/img3/3%E9%9B%B7%E9%9C%86%E6%B2%99%E8%B5%9E.webp
INFO: [ app_init ] --START--
INFO: Run Behavior\BuildLiteBehavior [ RunTime:0.000023s ]
INFO: [ app_init ] --END-- [ RunTime:0.015022s ]
ERR: 无法加载模块:Public

[ 2019-06-27T11:17:40+08:00 ] ::1 /tp3/zjm/Public/Image/index/img3/1%E5%B0%8F%E9%A3%9E%E8%B1%A1.webp
INFO: [ app_init ] --START--
INFO: Run Behavior\BuildLiteBehavior [ RunTime:0.000057s ]
INFO: [ app_init ] --END-- [ RunTime:0.006696s ]
ERR: 无法加载模块:Public

[ 2019-06-27T11:17:40+08:00 ] ::1 /tp3/zjm/Public/Image/index/img3/2%E9%A9%AF%E9%BE%99%E9%AB%98%E6%89%8B.webp
INFO: [ app_init ] --START--
INFO: Run Behavior\BuildLiteBehavior [ RunTime:0.000022s ]
INFO: [ app_init ] --END-- [ RunTime:0.006210s ]
ERR: 无法加载模块:Public

[ 2019-06-27T11:17:40+08:00 ] ::1 /tp3/zjm/Public/Image/index/img3/4%E8%B0%83%E9%9F%B3%E5%B8%88.webp
INFO: [ app_init ] --START--
INFO: Run Behavior\BuildLiteBehavior [ RunTime:0.000051s ]
INFO: [ app_init ] --END-- [ RunTime:0.011916s ]
ERR: 无法加载模块:Public

[ 2019-06-27T11:18:36+08:00 ] ::1 /tp3/zjm/Public/Image/index/img3/2%E9%A9%AF%E9%BE%99%E9%AB%98%E6%89%8B.webp
INFO: [ app_init ] --START--
INFO: Run Behavior\BuildLiteBehavior [ RunTime:0.000026s ]
INFO: [ app_init ] --END-- [ RunTime:0.003297s ]
ERR: 无法加载模块:Public

[ 2019-06-27T11:18:36+08:00 ] ::1 /tp3/zjm/Public/Image/index/img3/1%E5%B0%8F%E9%A3%9E%E8%B1%A1.webp
INFO: [ app_init ] --START--
INFO: Run Behavior\BuildLiteBehavior [ RunTime:0.000022s ]
INFO: [ app_init ] --END-- [ RunTime:0.003398s ]
ERR: 无法加载模块:Public

[ 2019-06-27T11:18:36+08:00 ] ::1 /tp3/zjm/Public/Image/index/img3/3%E9%9B%B7%E9%9C%86%E6%B2%99%E8%B5%9E.webp
INFO: [ app_init ] --START--
INFO: Run Behavior\BuildLiteBehavior [ RunTime:0.000030s ]
INFO: [ app_init ] --END-- [ RunTime:0.003922s ]
ERR: 无法加载模块:Public

[ 2019-06-27T11:18:36+08:00 ] ::1 /tp3/zjm/Public/Image/index/img3/4%E8%B0%83%E9%9F%B3%E5%B8%88.webp
INFO: [ app_init ] --START--
INFO: Run Behavior\BuildLiteBehavior [ RunTime:0.000023s ]
INFO: [ app_init ] --END-- [ RunTime:0.004852s ]
ERR: 无法加载模块:Public

[ 2019-06-27T11:19:11+08:00 ] ::1 /tp3/zjm/Public/Image/index/img3/4%E8%B0%83%E9%9F%B3%E5%B8%88.webp
INFO: [ app_init ] --START--
INFO: Run Behavior\BuildLiteBehavior [ RunTime:0.000018s ]
INFO: [ app_init ] --END-- [ RunTime:0.004244s ]
ERR: 无法加载模块:Public

[ 2019-06-27T11:19:11+08:00 ] ::1 /tp3/zjm/Public/Image/index/img3/3%E9%9B%B7%E9%9C%86%E6%B2%99%E8%B5%9E.webp
INFO: [ app_init ] --START--
INFO: Run Behavior\BuildLiteBehavior [ RunTime:0.000028s ]
INFO: [ app_init ] --END-- [ RunTime:0.008826s ]
ERR: 无法加载模块:Public

[ 2019-06-27T11:19:11+08:00 ] ::1 /tp3/zjm/Public/Image/index/img3/1%E5%B0%8F%E9%A3%9E%E8%B1%A1.webp
INFO: [ app_init ] --START--
INFO: Run Behavior\BuildLiteBehavior [ RunTime:0.000036s ]
INFO: [ app_init ] --END-- [ RunTime:0.007479s ]
ERR: 无法加载模块:Public

[ 2019-06-27T11:19:11+08:00 ] ::1 /tp3/zjm/Public/Image/index/img3/2%E9%A9%AF%E9%BE%99%E9%AB%98%E6%89%8B.webp
INFO: [ app_init ] --START--
INFO: Run Behavior\BuildLiteBehavior [ RunTime:0.000130s ]
INFO: [ app_init ] --END-- [ RunTime:0.005341s ]
ERR: 无法加载模块:Public

[ 2019-06-27T11:20:10+08:00 ] ::1 /tp3/zjm/Public/Image/index/img3/1%E5%B0%8F%E9%A3%9E%E8%B1%A1.webp
INFO: [ app_init ] --START--
INFO: Run Behavior\BuildLiteBehavior [ RunTime:0.000024s ]
INFO: [ app_init ] --END-- [ RunTime:0.004866s ]
ERR: 无法加载模块:Public

[ 2019-06-27T11:20:10+08:00 ] ::1 /tp3/zjm/Public/Image/index/img3/3%E9%9B%B7%E9%9C%86%E6%B2%99%E8%B5%9E.webp
INFO: [ app_init ] --START--
INFO: Run Behavior\BuildLiteBehavior [ RunTime:0.000022s ]
INFO: [ app_init ] --END-- [ RunTime:0.006577s ]
ERR: 无法加载模块:Public

[ 2019-06-27T11:20:10+08:00 ] ::1 /tp3/zjm/Public/Image/index/img3/4%E8%B0%83%E9%9F%B3%E5%B8%88.webp
INFO: [ app_init ] --START--
INFO: Run Behavior\BuildLiteBehavior [ RunTime:0.000029s ]
INFO: [ app_init ] --END-- [ RunTime:0.012997s ]
ERR: 无法加载模块:Public

[ 2019-06-27T11:20:10+08:00 ] ::1 /tp3/zjm/Public/Image/index/img3/2%E9%A9%AF%E9%BE%99%E9%AB%98%E6%89%8B.webp
INFO: [ app_init ] --START--
INFO: Run Behavior\BuildLiteBehavior [ RunTime:0.000025s ]
INFO: [ app_init ] --END-- [ RunTime:0.005239s ]
ERR: 无法加载模块:Public

[ 2019-06-27T11:20:23+08:00 ] ::1 /tp3/zjm/Public/Image/index/img3/1%E5%B0%8F%E9%A3%9E%E8%B1%A1.webp
INFO: [ app_init ] --START--
INFO: Run Behavior\BuildLiteBehavior [ RunTime:0.000055s ]
INFO: [ app_init ] --END-- [ RunTime:0.007731s ]
ERR: 无法加载模块:Public

[ 2019-06-27T11:20:23+08:00 ] ::1 /tp3/zjm/Public/Image/index/img3/4%E8%B0%83%E9%9F%B3%E5%B8%88.webp
INFO: [ app_init ] --START--
INFO: Run Behavior\BuildLiteBehavior [ RunTime:0.000030s ]
INFO: [ app_init ] --END-- [ RunTime:0.008804s ]
ERR: 无法加载模块:Public

[ 2019-06-27T11:20:23+08:00 ] ::1 /tp3/zjm/Public/Image/index/img3/2%E9%A9%AF%E9%BE%99%E9%AB%98%E6%89%8B.webp
INFO: [ app_init ] --START--
INFO: Run Behavior\BuildLiteBehavior [ RunTime:0.000032s ]
INFO: [ app_init ] --END-- [ RunTime:0.011129s ]
ERR: 无法加载模块:Public

[ 2019-06-27T11:20:23+08:00 ] ::1 /tp3/zjm/Public/Image/index/img3/3%E9%9B%B7%E9%9C%86%E6%B2%99%E8%B5%9E.webp
INFO: [ app_init ] --START--
INFO: Run Behavior\BuildLiteBehavior [ RunTime:0.000026s ]
INFO: [ app_init ] --END-- [ RunTime:0.008260s ]
ERR: 无法加载模块:Public

[ 2019-06-27T11:20:37+08:00 ] ::1 /tp3/zjm/Public/Image/index/img3/1%E5%B0%8F%E9%A3%9E%E8%B1%A1.webp
INFO: [ app_init ] --START--
INFO: Run Behavior\BuildLiteBehavior [ RunTime:0.000023s ]
INFO: [ app_init ] --END-- [ RunTime:0.004035s ]
ERR: 无法加载模块:Public

[ 2019-06-27T11:20:37+08:00 ] ::1 /tp3/zjm/Public/Image/index/img3/3%E9%9B%B7%E9%9C%86%E6%B2%99%E8%B5%9E.webp
INFO: [ app_init ] --START--
INFO: Run Behavior\BuildLiteBehavior [ RunTime:0.000025s ]
INFO: [ app_init ] --END-- [ RunTime:0.004965s ]
ERR: 无法加载模块:Public

[ 2019-06-27T11:20:37+08:00 ] ::1 /tp3/zjm/Public/Image/index/img3/2%E9%A9%AF%E9%BE%99%E9%AB%98%E6%89%8B.webp
INFO: [ app_init ] --START--
INFO: Run Behavior\BuildLiteBehavior [ RunTime:0.000025s ]
INFO: [ app_init ] --END-- [ RunTime:0.005688s ]
ERR: 无法加载模块:Public

[ 2019-06-27T11:20:37+08:00 ] ::1 /tp3/zjm/Public/Image/index/img3/4%E8%B0%83%E9%9F%B3%E5%B8%88.webp
INFO: [ app_init ] --START--
INFO: Run Behavior\BuildLiteBehavior [ RunTime:0.000023s ]
INFO: [ app_init ] --END-- [ RunTime:0.005226s ]
ERR: 无法加载模块:Public

[ 2019-06-27T11:21:48+08:00 ] ::1 /tp3/zjm/Public/Image/index/img3/1%E5%B0%8F%E9%A3%9E%E8%B1%A1.webp
INFO: [ app_init ] --START--
INFO: Run Behavior\BuildLiteBehavior [ RunTime:0.000025s ]
INFO: [ app_init ] --END-- [ RunTime:0.015279s ]
ERR: 无法加载模块:Public

[ 2019-06-27T11:21:48+08:00 ] ::1 /tp3/zjm/Public/Image/index/img3/3%E9%9B%B7%E9%9C%86%E6%B2%99%E8%B5%9E.webp
INFO: [ app_init ] --START--
INFO: Run Behavior\BuildLiteBehavior [ RunTime:0.000027s ]
INFO: [ app_init ] --END-- [ RunTime:0.012005s ]
ERR: 无法加载模块:Public

[ 2019-06-27T11:21:48+08:00 ] ::1 /tp3/zjm/Public/Image/index/img3/2%E9%A9%AF%E9%BE%99%E9%AB%98%E6%89%8B.webp
INFO: [ app_init ] --START--
INFO: Run Behavior\BuildLiteBehavior [ RunTime:0.000023s ]
INFO: [ app_init ] --END-- [ RunTime:0.011229s ]
ERR: 无法加载模块:Public

[ 2019-06-27T11:21:48+08:00 ] ::1 /tp3/zjm/Public/Image/index/img3/4%E8%B0%83%E9%9F%B3%E5%B8%88.webp
INFO: [ app_init ] --START--
INFO: Run Behavior\BuildLiteBehavior [ RunTime:0.000023s ]
INFO: [ app_init ] --END-- [ RunTime:0.006310s ]
ERR: 无法加载模块:Public

[ 2019-06-27T12:44:22+08:00 ] ::1 /tp3/zjm/Public/Image/index/img3/1%E5%B0%8F%E9%A3%9E%E8%B1%A1.webp
INFO: [ app_init ] --START--
INFO: Run Behavior\BuildLiteBehavior [ RunTime:0.000025s ]
INFO: [ app_init ] --END-- [ RunTime:0.005749s ]
ERR: 无法加载模块:Public

[ 2019-06-27T12:44:22+08:00 ] ::1 /tp3/zjm/Public/Image/index/img3/3%E9%9B%B7%E9%9C%86%E6%B2%99%E8%B5%9E.webp
INFO: [ app_init ] --START--
INFO: Run Behavior\BuildLiteBehavior [ RunTime:0.000024s ]
INFO: [ app_init ] --END-- [ RunTime:0.003878s ]
ERR: 无法加载模块:Public

[ 2019-06-27T12:44:25+08:00 ] ::1 /tp3/zjm/Public/Image/index/img3/1%E5%B0%8F%E9%A3%9E%E8%B1%A1.webp
INFO: [ app_init ] --START--
INFO: Run Behavior\BuildLiteBehavior [ RunTime:0.000025s ]
INFO: [ app_init ] --END-- [ RunTime:0.007606s ]
ERR: 无法加载模块:Public

[ 2019-06-27T12:44:25+08:00 ] ::1 /tp3/zjm/Public/Image/index/img3/3%E9%9B%B7%E9%9C%86%E6%B2%99%E8%B5%9E.webp
INFO: [ app_init ] --START--
INFO: Run Behavior\BuildLiteBehavior [ RunTime:0.000026s ]
INFO: [ app_init ] --END-- [ RunTime:0.004864s ]
ERR: 无法加载模块:Public

[ 2019-06-27T12:44:25+08:00 ] ::1 /tp3/zjm/Public/Image/index/img3/4%E8%B0%83%E9%9F%B3%E5%B8%88.webp
INFO: [ app_init ] --START--
INFO: Run Behavior\BuildLiteBehavior [ RunTime:0.000026s ]
INFO: [ app_init ] --END-- [ RunTime:0.008200s ]
ERR: 无法加载模块:Public

[ 2019-06-27T12:44:25+08:00 ] ::1 /tp3/zjm/Public/Image/index/img3/2%E9%A9%AF%E9%BE%99%E9%AB%98%E6%89%8B.webp
INFO: [ app_init ] --START--
INFO: Run Behavior\BuildLiteBehavior [ RunTime:0.000021s ]
INFO: [ app_init ] --END-- [ RunTime:0.004657s ]
ERR: 无法加载模块:Public

[ 2019-06-27T12:44:36+08:00 ] ::1 /tp3/zjm/Public/Image/index/img3/1%E5%B0%8F%E9%A3%9E%E8%B1%A1.webp
INFO: [ app_init ] --START--
INFO: Run Behavior\BuildLiteBehavior [ RunTime:0.000022s ]
INFO: [ app_init ] --END-- [ RunTime:0.004118s ]
ERR: 无法加载模块:Public

[ 2019-06-27T12:44:36+08:00 ] ::1 /tp3/zjm/Public/Image/index/img3/3%E9%9B%B7%E9%9C%86%E6%B2%99%E8%B5%9E.webp
INFO: [ app_init ] --START--
INFO: Run Behavior\BuildLiteBehavior [ RunTime:0.000020s ]
INFO: [ app_init ] --END-- [ RunTime:0.003869s ]
ERR: 无法加载模块:Public

[ 2019-06-27T12:44:36+08:00 ] ::1 /tp3/zjm/Public/Image/index/img3/4%E8%B0%83%E9%9F%B3%E5%B8%88.webp
INFO: [ app_init ] --START--
INFO: Run Behavior\BuildLiteBehavior [ RunTime:0.000026s ]
INFO: [ app_init ] --END-- [ RunTime:0.003852s ]
ERR: 无法加载模块:Public

[ 2019-06-27T12:44:37+08:00 ] ::1 /tp3/zjm/Public/Image/index/img3/2%E9%A9%AF%E9%BE%99%E9%AB%98%E6%89%8B.webp
INFO: [ app_init ] --START--
INFO: Run Behavior\BuildLiteBehavior [ RunTime:0.000030s ]
INFO: [ app_init ] --END-- [ RunTime:0.003153s ]
ERR: 无法加载模块:Public

[ 2019-06-27T12:44:56+08:00 ] ::1 /tp3/zjm/Public/Image/index/img3/2%E9%A9%AF%E9%BE%99%E9%AB%98%E6%89%8B.webp
INFO: [ app_init ] --START--
INFO: Run Behavior\BuildLiteBehavior [ RunTime:0.000024s ]
INFO: [ app_init ] --END-- [ RunTime:0.003345s ]
ERR: 无法加载模块:Public

[ 2019-06-27T12:44:56+08:00 ] ::1 /tp3/zjm/Public/Image/index/img3/3%E9%9B%B7%E9%9C%86%E6%B2%99%E8%B5%9E.webp
INFO: [ app_init ] --START--
INFO: Run Behavior\BuildLiteBehavior [ RunTime:0.000029s ]
INFO: [ app_init ] --END-- [ RunTime:0.004097s ]
ERR: 无法加载模块:Public

[ 2019-06-27T12:44:56+08:00 ] ::1 /tp3/zjm/Public/Image/index/img3/4%E8%B0%83%E9%9F%B3%E5%B8%88.webp
INFO: [ app_init ] --START--
INFO: Run Behavior\BuildLiteBehavior [ RunTime:0.000024s ]
INFO: [ app_init ] --END-- [ RunTime:0.004652s ]
ERR: 无法加载模块:Public

[ 2019-06-27T12:44:56+08:00 ] ::1 /tp3/zjm/Public/Image/index/img3/1%E5%B0%8F%E9%A3%9E%E8%B1%A1.webp
INFO: [ app_init ] --START--
INFO: Run Behavior\BuildLiteBehavior [ RunTime:0.000024s ]
INFO: [ app_init ] --END-- [ RunTime:0.007819s ]
ERR: 无法加载模块:Public

[ 2019-06-27T12:47:55+08:00 ] ::1 /tp3/zjm/Public/Image/index/img3/1%E5%B0%8F%E9%A3%9E%E8%B1%A1.webp
INFO: [ app_init ] --START--
INFO: Run Behavior\BuildLiteBehavior [ RunTime:0.000032s ]
INFO: [ app_init ] --END-- [ RunTime:0.004000s ]
ERR: 无法加载模块:Public

[ 2019-06-27T12:47:55+08:00 ] ::1 /tp3/zjm/Public/Image/index/img3/2%E9%A9%AF%E9%BE%99%E9%AB%98%E6%89%8B.webp
INFO: [ app_init ] --START--
INFO: Run Behavior\BuildLiteBehavior [ RunTime:0.000024s ]
INFO: [ app_init ] --END-- [ RunTime:0.004380s ]
ERR: 无法加载模块:Public

[ 2019-06-27T12:47:55+08:00 ] ::1 /tp3/zjm/Public/Image/index/img3/4%E8%B0%83%E9%9F%B3%E5%B8%88.webp
INFO: [ app_init ] --START--
INFO: Run Behavior\BuildLiteBehavior [ RunTime:0.000021s ]
INFO: [ app_init ] --END-- [ RunTime:0.003861s ]
ERR: 无法加载模块:Public

[ 2019-06-27T12:47:55+08:00 ] ::1 /tp3/zjm/Public/Image/index/img3/3%E9%9B%B7%E9%9C%86%E6%B2%99%E8%B5%9E.webp
INFO: [ app_init ] --START--
INFO: Run Behavior\BuildLiteBehavior [ RunTime:0.000021s ]
INFO: [ app_init ] --END-- [ RunTime:0.003940s ]
ERR: 无法加载模块:Public

[ 2019-06-27T12:48:06+08:00 ] ::1 /tp3/zjm/Public/Image/index/img3/1%E5%B0%8F%E9%A3%9E%E8%B1%A1.webp
INFO: [ app_init ] --START--
INFO: Run Behavior\BuildLiteBehavior [ RunTime:0.000025s ]
INFO: [ app_init ] --END-- [ RunTime:0.008064s ]
ERR: 无法加载模块:Public

[ 2019-06-27T12:48:06+08:00 ] ::1 /tp3/zjm/Public/Image/index/img3/2%E9%A9%AF%E9%BE%99%E9%AB%98%E6%89%8B.webp
INFO: [ app_init ] --START--
INFO: Run Behavior\BuildLiteBehavior [ RunTime:0.000038s ]
INFO: [ app_init ] --END-- [ RunTime:0.007169s ]
ERR: 无法加载模块:Public

[ 2019-06-27T12:48:06+08:00 ] ::1 /tp3/zjm/Public/Image/index/img3/3%E9%9B%B7%E9%9C%86%E6%B2%99%E8%B5%9E.webp
INFO: [ app_init ] --START--
INFO: Run Behavior\BuildLiteBehavior [ RunTime:0.000026s ]
INFO: [ app_init ] --END-- [ RunTime:0.005808s ]
ERR: 无法加载模块:Public

[ 2019-06-27T12:48:06+08:00 ] ::1 /tp3/zjm/Public/Image/index/img3/4%E8%B0%83%E9%9F%B3%E5%B8%88.webp
INFO: [ app_init ] --START--
INFO: Run Behavior\BuildLiteBehavior [ RunTime:0.000028s ]
INFO: [ app_init ] --END-- [ RunTime:0.005451s ]
ERR: 无法加载模块:Public

[ 2019-06-27T12:48:09+08:00 ] ::1 /tp3/zjm/Public/Image/index/img3/4%E8%B0%83%E9%9F%B3%E5%B8%88.webp
INFO: [ app_init ] --START--
INFO: Run Behavior\BuildLiteBehavior [ RunTime:0.000027s ]
INFO: [ app_init ] --END-- [ RunTime:0.003362s ]
ERR: 无法加载模块:Public

[ 2019-06-27T12:48:09+08:00 ] ::1 /tp3/zjm/Public/Image/index/img3/2%E9%A9%AF%E9%BE%99%E9%AB%98%E6%89%8B.webp
INFO: [ app_init ] --START--
INFO: Run Behavior\BuildLiteBehavior [ RunTime:0.000028s ]
INFO: [ app_init ] --END-- [ RunTime:0.005978s ]
ERR: 无法加载模块:Public

[ 2019-06-27T12:48:09+08:00 ] ::1 /tp3/zjm/Public/Image/index/img3/1%E5%B0%8F%E9%A3%9E%E8%B1%A1.webp
INFO: [ app_init ] --START--
INFO: Run Behavior\BuildLiteBehavior [ RunTime:0.000020s ]
INFO: [ app_init ] --END-- [ RunTime:0.004203s ]
ERR: 无法加载模块:Public

[ 2019-06-27T12:48:09+08:00 ] ::1 /tp3/zjm/Public/Image/index/img3/3%E9%9B%B7%E9%9C%86%E6%B2%99%E8%B5%9E.webp
INFO: [ app_init ] --START--
INFO: Run Behavior\BuildLiteBehavior [ RunTime:0.000025s ]
INFO: [ app_init ] --END-- [ RunTime:0.004973s ]
ERR: 无法加载模块:Public

[ 2019-06-27T12:48:30+08:00 ] ::1 /tp3/zjm/Public/Image/index/img3/2%E9%A9%AF%E9%BE%99%E9%AB%98%E6%89%8B.webp
INFO: [ app_init ] --START--
INFO: Run Behavior\BuildLiteBehavior [ RunTime:0.000028s ]
INFO: [ app_init ] --END-- [ RunTime:0.004714s ]
ERR: 无法加载模块:Public

[ 2019-06-27T12:48:30+08:00 ] ::1 /tp3/zjm/Public/Image/index/img3/4%E8%B0%83%E9%9F%B3%E5%B8%88.webp
INFO: [ app_init ] --START--
INFO: Run Behavior\BuildLiteBehavior [ RunTime:0.000030s ]
INFO: [ app_init ] --END-- [ RunTime:0.005923s ]
ERR: 无法加载模块:Public

[ 2019-06-27T12:48:30+08:00 ] ::1 /tp3/zjm/Public/Image/index/img3/3%E9%9B%B7%E9%9C%86%E6%B2%99%E8%B5%9E.webp
INFO: [ app_init ] --START--
INFO: Run Behavior\BuildLiteBehavior [ RunTime:0.000027s ]
INFO: [ app_init ] --END-- [ RunTime:0.006176s ]
ERR: 无法加载模块:Public

[ 2019-06-27T12:48:30+08:00 ] ::1 /tp3/zjm/Public/Image/index/img3/1%E5%B0%8F%E9%A3%9E%E8%B1%A1.webp
INFO: [ app_init ] --START--
INFO: Run Behavior\BuildLiteBehavior [ RunTime:0.000025s ]
INFO: [ app_init ] --END-- [ RunTime:0.003236s ]
ERR: 无法加载模块:Public

[ 2019-06-27T12:52:03+08:00 ] ::1 /tp3/zjm/Public/Image/index/img3/3%E9%9B%B7%E9%9C%86%E6%B2%99%E8%B5%9E.webp
INFO: [ app_init ] --START--
INFO: Run Behavior\BuildLiteBehavior [ RunTime:0.000025s ]
INFO: [ app_init ] --END-- [ RunTime:0.005087s ]
ERR: 无法加载模块:Public

[ 2019-06-27T12:52:03+08:00 ] ::1 /tp3/zjm/Public/Image/index/img3/1%E5%B0%8F%E9%A3%9E%E8%B1%A1.webp
INFO: [ app_init ] --START--
INFO: Run Behavior\BuildLiteBehavior [ RunTime:0.000022s ]
INFO: [ app_init ] --END-- [ RunTime:0.004522s ]
ERR: 无法加载模块:Public

[ 2019-06-27T12:52:03+08:00 ] ::1 /tp3/zjm/Public/Image/index/img3/4%E8%B0%83%E9%9F%B3%E5%B8%88.webp
INFO: [ app_init ] --START--
INFO: Run Behavior\BuildLiteBehavior [ RunTime:0.000032s ]
INFO: [ app_init ] --END-- [ RunTime:0.004179s ]
ERR: 无法加载模块:Public

[ 2019-06-27T12:52:03+08:00 ] ::1 /tp3/zjm/Public/Image/index/img3/2%E9%A9%AF%E9%BE%99%E9%AB%98%E6%89%8B.webp
INFO: [ app_init ] --START--
INFO: Run Behavior\BuildLiteBehavior [ RunTime:0.000035s ]
INFO: [ app_init ] --END-- [ RunTime:0.004732s ]
ERR: 无法加载模块:Public

[ 2019-06-27T12:52:47+08:00 ] ::1 /tp3/zjm/Public/Image/index/img3/1%E5%B0%8F%E9%A3%9E%E8%B1%A1.webp
INFO: [ app_init ] --START--
INFO: Run Behavior\BuildLiteBehavior [ RunTime:0.000026s ]
INFO: [ app_init ] --END-- [ RunTime:0.002927s ]
ERR: 无法加载模块:Public

[ 2019-06-27T12:52:47+08:00 ] ::1 /tp3/zjm/Public/Image/index/img3/2%E9%A9%AF%E9%BE%99%E9%AB%98%E6%89%8B.webp
INFO: [ app_init ] --START--
INFO: Run Behavior\BuildLiteBehavior [ RunTime:0.000023s ]
INFO: [ app_init ] --END-- [ RunTime:0.003291s ]
ERR: 无法加载模块:Public

[ 2019-06-27T12:52:47+08:00 ] ::1 /tp3/zjm/Public/Image/index/img3/3%E9%9B%B7%E9%9C%86%E6%B2%99%E8%B5%9E.webp
INFO: [ app_init ] --START--
INFO: Run Behavior\BuildLiteBehavior [ RunTime:0.000091s ]
INFO: [ app_init ] --END-- [ RunTime:0.003721s ]
ERR: 无法加载模块:Public

[ 2019-06-27T12:52:47+08:00 ] ::1 /tp3/zjm/Public/Image/index/img3/4%E8%B0%83%E9%9F%B3%E5%B8%88.webp
INFO: [ app_init ] --START--
INFO: Run Behavior\BuildLiteBehavior [ RunTime:0.000026s ]
INFO: [ app_init ] --END-- [ RunTime:0.006924s ]
ERR: 无法加载模块:Public

[ 2019-06-27T13:13:24+08:00 ] ::1 /tp3/zjm/Public/Image/index/img3/2%E9%A9%AF%E9%BE%99%E9%AB%98%E6%89%8B.webp
INFO: [ app_init ] --START--
INFO: Run Behavior\BuildLiteBehavior [ RunTime:0.000058s ]
INFO: [ app_init ] --END-- [ RunTime:0.007789s ]
ERR: 无法加载模块:Public

[ 2019-06-27T13:13:24+08:00 ] ::1 /tp3/zjm/Public/Image/index/img3/4%E8%B0%83%E9%9F%B3%E5%B8%88.webp
INFO: [ app_init ] --START--
INFO: Run Behavior\BuildLiteBehavior [ RunTime:0.000024s ]
INFO: [ app_init ] --END-- [ RunTime:0.013671s ]
ERR: 无法加载模块:Public

[ 2019-06-27T13:13:24+08:00 ] ::1 /tp3/zjm/Public/Image/index/img3/1%E5%B0%8F%E9%A3%9E%E8%B1%A1.webp
INFO: [ app_init ] --START--
INFO: Run Behavior\BuildLiteBehavior [ RunTime:0.000023s ]
INFO: [ app_init ] --END-- [ RunTime:0.003664s ]
ERR: 无法加载模块:Public

[ 2019-06-27T13:13:24+08:00 ] ::1 /tp3/zjm/Public/Image/index/img3/3%E9%9B%B7%E9%9C%86%E6%B2%99%E8%B5%9E.webp
INFO: [ app_init ] --START--
INFO: Run Behavior\BuildLiteBehavior [ RunTime:0.000021s ]
INFO: [ app_init ] --END-- [ RunTime:0.005656s ]
ERR: 无法加载模块:Public

[ 2019-06-27T13:14:07+08:00 ] ::1 /tp3/zjm/Public/Image/index/img3/1%E5%B0%8F%E9%A3%9E%E8%B1%A1.webp
INFO: [ app_init ] --START--
INFO: Run Behavior\BuildLiteBehavior [ RunTime:0.000028s ]
INFO: [ app_init ] --END-- [ RunTime:0.003483s ]
ERR: 无法加载模块:Public

[ 2019-06-27T13:14:07+08:00 ] ::1 /tp3/zjm/Public/Image/index/img3/2%E9%A9%AF%E9%BE%99%E9%AB%98%E6%89%8B.webp
INFO: [ app_init ] --START--
INFO: Run Behavior\BuildLiteBehavior [ RunTime:0.000032s ]
INFO: [ app_init ] --END-- [ RunTime:0.004041s ]
ERR: 无法加载模块:Public

[ 2019-06-27T13:14:07+08:00 ] ::1 /tp3/zjm/Public/Image/index/img3/4%E8%B0%83%E9%9F%B3%E5%B8%88.webp
INFO: [ app_init ] --START--
INFO: Run Behavior\BuildLiteBehavior [ RunTime:0.000023s ]
INFO: [ app_init ] --END-- [ RunTime:0.003738s ]
ERR: 无法加载模块:Public

[ 2019-06-27T13:14:07+08:00 ] ::1 /tp3/zjm/Public/Image/index/img3/3%E9%9B%B7%E9%9C%86%E6%B2%99%E8%B5%9E.webp
INFO: [ app_init ] --START--
INFO: Run Behavior\BuildLiteBehavior [ RunTime:0.000036s ]
INFO: [ app_init ] --END-- [ RunTime:0.004396s ]
ERR: 无法加载模块:Public

[ 2019-06-27T13:14:23+08:00 ] ::1 /tp3/zjm/Public/Image/index/img3/1%E5%B0%8F%E9%A3%9E%E8%B1%A1.webp
INFO: [ app_init ] --START--
INFO: Run Behavior\BuildLiteBehavior [ RunTime:0.000031s ]
INFO: [ app_init ] --END-- [ RunTime:0.003195s ]
ERR: 无法加载模块:Public

[ 2019-06-27T13:14:23+08:00 ] ::1 /tp3/zjm/Public/Image/index/img3/2%E9%A9%AF%E9%BE%99%E9%AB%98%E6%89%8B.webp
INFO: [ app_init ] --START--
INFO: Run Behavior\BuildLiteBehavior [ RunTime:0.000029s ]
INFO: [ app_init ] --END-- [ RunTime:0.003648s ]
ERR: 无法加载模块:Public

[ 2019-06-27T13:14:23+08:00 ] ::1 /tp3/zjm/Public/Image/index/img3/3%E9%9B%B7%E9%9C%86%E6%B2%99%E8%B5%9E.webp
INFO: [ app_init ] --START--
INFO: Run Behavior\BuildLiteBehavior [ RunTime:0.000025s ]
INFO: [ app_init ] --END-- [ RunTime:0.003971s ]
ERR: 无法加载模块:Public

[ 2019-06-27T13:14:23+08:00 ] ::1 /tp3/zjm/Public/Image/index/img3/4%E8%B0%83%E9%9F%B3%E5%B8%88.webp
INFO: [ app_init ] --START--
INFO: Run Behavior\BuildLiteBehavior [ RunTime:0.000023s ]
INFO: [ app_init ] --END-- [ RunTime:0.004148s ]
ERR: 无法加载模块:Public

[ 2019-06-27T13:14:28+08:00 ] ::1 /tp3/zjm/Public/Image/index/img3/4%E8%B0%83%E9%9F%B3%E5%B8%88.webp
INFO: [ app_init ] --START--
INFO: Run Behavior\BuildLiteBehavior [ RunTime:0.000028s ]
INFO: [ app_init ] --END-- [ RunTime:0.011158s ]
ERR: 无法加载模块:Public

[ 2019-06-27T13:14:28+08:00 ] ::1 /tp3/zjm/Public/Image/index/img3/1%E5%B0%8F%E9%A3%9E%E8%B1%A1.webp
INFO: [ app_init ] --START--
INFO: Run Behavior\BuildLiteBehavior [ RunTime:0.000018s ]
INFO: [ app_init ] --END-- [ RunTime:0.006388s ]
ERR: 无法加载模块:Public

[ 2019-06-27T13:14:28+08:00 ] ::1 /tp3/zjm/Public/Image/index/img3/3%E9%9B%B7%E9%9C%86%E6%B2%99%E8%B5%9E.webp
INFO: [ app_init ] --START--
INFO: Run Behavior\BuildLiteBehavior [ RunTime:0.000017s ]
INFO: [ app_init ] --END-- [ RunTime:0.003309s ]
ERR: 无法加载模块:Public

[ 2019-06-27T13:14:28+08:00 ] ::1 /tp3/zjm/Public/Image/index/img3/2%E9%A9%AF%E9%BE%99%E9%AB%98%E6%89%8B.webp
INFO: [ app_init ] --START--
INFO: Run Behavior\BuildLiteBehavior [ RunTime:0.000017s ]
INFO: [ app_init ] --END-- [ RunTime:0.003473s ]
ERR: 无法加载模块:Public

[ 2019-06-27T13:14:34+08:00 ] ::1 /tp3/zjm/Public/Image/index/img3/1%E5%B0%8F%E9%A3%9E%E8%B1%A1.webp
INFO: [ app_init ] --START--
INFO: Run Behavior\BuildLiteBehavior [ RunTime:0.000025s ]
INFO: [ app_init ] --END-- [ RunTime:0.021340s ]
ERR: 无法加载模块:Public

[ 2019-06-27T13:14:34+08:00 ] ::1 /tp3/zjm/Public/Image/index/img3/4%E8%B0%83%E9%9F%B3%E5%B8%88.webp
INFO: [ app_init ] --START--
INFO: Run Behavior\BuildLiteBehavior [ RunTime:0.000023s ]
INFO: [ app_init ] --END-- [ RunTime:0.021249s ]
ERR: 无法加载模块:Public

[ 2019-06-27T13:14:34+08:00 ] ::1 /tp3/zjm/Public/Image/index/img3/3%E9%9B%B7%E9%9C%86%E6%B2%99%E8%B5%9E.webp
INFO: [ app_init ] --START--
INFO: Run Behavior\BuildLiteBehavior [ RunTime:0.000024s ]
INFO: [ app_init ] --END-- [ RunTime:0.009170s ]
ERR: 无法加载模块:Public

[ 2019-06-27T13:14:34+08:00 ] ::1 /tp3/zjm/Public/Image/index/img3/2%E9%A9%AF%E9%BE%99%E9%AB%98%E6%89%8B.webp
INFO: [ app_init ] --START--
INFO: Run Behavior\BuildLiteBehavior [ RunTime:0.000023s ]
INFO: [ app_init ] --END-- [ RunTime:0.014202s ]
ERR: 无法加载模块:Public

[ 2019-06-27T13:14:37+08:00 ] ::1 /tp3/zjm/Public/Image/index/img3/2%E9%A9%AF%E9%BE%99%E9%AB%98%E6%89%8B.webp
INFO: [ app_init ] --START--
INFO: Run Behavior\BuildLiteBehavior [ RunTime:0.000026s ]
INFO: [ app_init ] --END-- [ RunTime:0.009887s ]
ERR: 无法加载模块:Public

[ 2019-06-27T13:14:37+08:00 ] ::1 /tp3/zjm/Public/Image/index/img3/3%E9%9B%B7%E9%9C%86%E6%B2%99%E8%B5%9E.webp
INFO: [ app_init ] --START--
INFO: Run Behavior\BuildLiteBehavior [ RunTime:0.000027s ]
INFO: [ app_init ] --END-- [ RunTime:0.006974s ]
ERR: 无法加载模块:Public

[ 2019-06-27T13:14:37+08:00 ] ::1 /tp3/zjm/Public/Image/index/img3/1%E5%B0%8F%E9%A3%9E%E8%B1%A1.webp
INFO: [ app_init ] --START--
INFO: Run Behavior\BuildLiteBehavior [ RunTime:0.000028s ]
INFO: [ app_init ] --END-- [ RunTime:0.011149s ]
ERR: 无法加载模块:Public

[ 2019-06-27T13:14:37+08:00 ] ::1 /tp3/zjm/Public/Image/index/img3/4%E8%B0%83%E9%9F%B3%E5%B8%88.webp
INFO: [ app_init ] --START--
INFO: Run Behavior\BuildLiteBehavior [ RunTime:0.000026s ]
INFO: [ app_init ] --END-- [ RunTime:0.008716s ]
ERR: 无法加载模块:Public

[ 2019-06-27T13:15:12+08:00 ] ::1 /tp3/zjm/Public/Image/index/img3/1%E5%B0%8F%E9%A3%9E%E8%B1%A1.webp
INFO: [ app_init ] --START--
INFO: Run Behavior\BuildLiteBehavior [ RunTime:0.000033s ]
INFO: [ app_init ] --END-- [ RunTime:0.006434s ]
ERR: 无法加载模块:Public

[ 2019-06-27T13:15:12+08:00 ] ::1 /tp3/zjm/Public/Image/index/img3/2%E9%A9%AF%E9%BE%99%E9%AB%98%E6%89%8B.webp
INFO: [ app_init ] --START--
INFO: Run Behavior\BuildLiteBehavior [ RunTime:0.000026s ]
INFO: [ app_init ] --END-- [ RunTime:0.005449s ]
ERR: 无法加载模块:Public

[ 2019-06-27T13:15:12+08:00 ] ::1 /tp3/zjm/Public/Image/index/img3/3%E9%9B%B7%E9%9C%86%E6%B2%99%E8%B5%9E.webp
INFO: [ app_init ] --START--
INFO: Run Behavior\BuildLiteBehavior [ RunTime:0.000030s ]
INFO: [ app_init ] --END-- [ RunTime:0.005615s ]
ERR: 无法加载模块:Public

[ 2019-06-27T13:15:12+08:00 ] ::1 /tp3/zjm/Public/Image/index/img3/4%E8%B0%83%E9%9F%B3%E5%B8%88.webp
INFO: [ app_init ] --START--
INFO: Run Behavior\BuildLiteBehavior [ RunTime:0.000025s ]
INFO: [ app_init ] --END-- [ RunTime:0.008114s ]
ERR: 无法加载模块:Public

[ 2019-06-27T13:15:21+08:00 ] ::1 /tp3/zjm/Public/Image/index/img3/2%E9%A9%AF%E9%BE%99%E9%AB%98%E6%89%8B.webp
INFO: [ app_init ] --START--
INFO: Run Behavior\BuildLiteBehavior [ RunTime:0.000026s ]
INFO: [ app_init ] --END-- [ RunTime:0.005412s ]
ERR: 无法加载模块:Public

[ 2019-06-27T13:15:21+08:00 ] ::1 /tp3/zjm/Public/Image/index/img3/3%E9%9B%B7%E9%9C%86%E6%B2%99%E8%B5%9E.webp
INFO: [ app_init ] --START--
INFO: Run Behavior\BuildLiteBehavior [ RunTime:0.000022s ]
INFO: [ app_init ] --END-- [ RunTime:0.003237s ]
ERR: 无法加载模块:Public

[ 2019-06-27T13:15:21+08:00 ] ::1 /tp3/zjm/Public/Image/index/img3/4%E8%B0%83%E9%9F%B3%E5%B8%88.webp
INFO: [ app_init ] --START--
INFO: Run Behavior\BuildLiteBehavior [ RunTime:0.000026s ]
INFO: [ app_init ] --END-- [ RunTime:0.004041s ]
ERR: 无法加载模块:Public

[ 2019-06-27T13:15:21+08:00 ] ::1 /tp3/zjm/Public/Image/index/img3/1%E5%B0%8F%E9%A3%9E%E8%B1%A1.webp
INFO: [ app_init ] --START--
INFO: Run Behavior\BuildLiteBehavior [ RunTime:0.000052s ]
INFO: [ app_init ] --END-- [ RunTime:0.006525s ]
ERR: 无法加载模块:Public

[ 2019-06-27T13:15:23+08:00 ] ::1 /tp3/zjm/Public/Image/index/img3/4%E8%B0%83%E9%9F%B3%E5%B8%88.webp
INFO: [ app_init ] --START--
INFO: Run Behavior\BuildLiteBehavior [ RunTime:0.000024s ]
INFO: [ app_init ] --END-- [ RunTime:0.005973s ]
ERR: 无法加载模块:Public

[ 2019-06-27T13:15:23+08:00 ] ::1 /tp3/zjm/Public/Image/index/img3/1%E5%B0%8F%E9%A3%9E%E8%B1%A1.webp
INFO: [ app_init ] --START--
INFO: Run Behavior\BuildLiteBehavior [ RunTime:0.000022s ]
INFO: [ app_init ] --END-- [ RunTime:0.003248s ]
ERR: 无法加载模块:Public

[ 2019-06-27T13:15:23+08:00 ] ::1 /tp3/zjm/Public/Image/index/img3/3%E9%9B%B7%E9%9C%86%E6%B2%99%E8%B5%9E.webp
INFO: [ app_init ] --START--
INFO: Run Behavior\BuildLiteBehavior [ RunTime:0.000026s ]
INFO: [ app_init ] --END-- [ RunTime:0.004147s ]
ERR: 无法加载模块:Public

[ 2019-06-27T13:15:23+08:00 ] ::1 /tp3/zjm/Public/Image/index/img3/2%E9%A9%AF%E9%BE%99%E9%AB%98%E6%89%8B.webp
INFO: [ app_init ] --START--
INFO: Run Behavior\BuildLiteBehavior [ RunTime:0.000024s ]
INFO: [ app_init ] --END-- [ RunTime:0.010688s ]
ERR: 无法加载模块:Public

[ 2019-06-27T13:15:32+08:00 ] ::1 /tp3/zjm/Public/Image/index/img3/4%E8%B0%83%E9%9F%B3%E5%B8%88.webp
INFO: [ app_init ] --START--
INFO: Run Behavior\BuildLiteBehavior [ RunTime:0.000024s ]
INFO: [ app_init ] --END-- [ RunTime:0.003624s ]
ERR: 无法加载模块:Public

[ 2019-06-27T13:15:32+08:00 ] ::1 /tp3/zjm/Public/Image/index/img3/1%E5%B0%8F%E9%A3%9E%E8%B1%A1.webp
INFO: [ app_init ] --START--
INFO: Run Behavior\BuildLiteBehavior [ RunTime:0.000023s ]
INFO: [ app_init ] --END-- [ RunTime:0.003868s ]
ERR: 无法加载模块:Public

[ 2019-06-27T13:15:32+08:00 ] ::1 /tp3/zjm/Public/Image/index/img3/3%E9%9B%B7%E9%9C%86%E6%B2%99%E8%B5%9E.webp
INFO: [ app_init ] --START--
INFO: Run Behavior\BuildLiteBehavior [ RunTime:0.000024s ]
INFO: [ app_init ] --END-- [ RunTime:0.005957s ]
ERR: 无法加载模块:Public

[ 2019-06-27T13:15:32+08:00 ] ::1 /tp3/zjm/Public/Image/index/img3/2%E9%A9%AF%E9%BE%99%E9%AB%98%E6%89%8B.webp
INFO: [ app_init ] --START--
INFO: Run Behavior\BuildLiteBehavior [ RunTime:0.000027s ]
INFO: [ app_init ] --END-- [ RunTime:0.005315s ]
ERR: 无法加载模块:Public

[ 2019-06-27T13:15:35+08:00 ] ::1 /tp3/zjm/Public/Image/index/img3/4%E8%B0%83%E9%9F%B3%E5%B8%88.webp
INFO: [ app_init ] --START--
INFO: Run Behavior\BuildLiteBehavior [ RunTime:0.000047s ]
INFO: [ app_init ] --END-- [ RunTime:0.007934s ]
ERR: 无法加载模块:Public

[ 2019-06-27T13:15:35+08:00 ] ::1 /tp3/zjm/Public/Image/index/img3/3%E9%9B%B7%E9%9C%86%E6%B2%99%E8%B5%9E.webp
INFO: [ app_init ] --START--
INFO: Run Behavior\BuildLiteBehavior [ RunTime:0.000027s ]
INFO: [ app_init ] --END-- [ RunTime:0.007170s ]
ERR: 无法加载模块:Public

[ 2019-06-27T13:15:35+08:00 ] ::1 /tp3/zjm/Public/Image/index/img3/1%E5%B0%8F%E9%A3%9E%E8%B1%A1.webp
INFO: [ app_init ] --START--
INFO: Run Behavior\BuildLiteBehavior [ RunTime:0.000025s ]
INFO: [ app_init ] --END-- [ RunTime:0.007883s ]
ERR: 无法加载模块:Public

[ 2019-06-27T13:15:35+08:00 ] ::1 /tp3/zjm/Public/Image/index/img3/2%E9%A9%AF%E9%BE%99%E9%AB%98%E6%89%8B.webp
INFO: [ app_init ] --START--
INFO: Run Behavior\BuildLiteBehavior [ RunTime:0.000031s ]
INFO: [ app_init ] --END-- [ RunTime:0.006972s ]
ERR: 无法加载模块:Public

[ 2019-06-27T13:15:52+08:00 ] ::1 /tp3/zjm/Public/Image/index/img3/1%E5%B0%8F%E9%A3%9E%E8%B1%A1.webp
INFO: [ app_init ] --START--
INFO: Run Behavior\BuildLiteBehavior [ RunTime:0.000024s ]
INFO: [ app_init ] --END-- [ RunTime:0.007000s ]
ERR: 无法加载模块:Public

[ 2019-06-27T13:15:52+08:00 ] ::1 /tp3/zjm/Public/Image/index/img3/3%E9%9B%B7%E9%9C%86%E6%B2%99%E8%B5%9E.webp
INFO: [ app_init ] --START--
INFO: Run Behavior\BuildLiteBehavior [ RunTime:0.000027s ]
INFO: [ app_init ] --END-- [ RunTime:0.009397s ]
ERR: 无法加载模块:Public

[ 2019-06-27T13:15:52+08:00 ] ::1 /tp3/zjm/Public/Image/index/img3/2%E9%A9%AF%E9%BE%99%E9%AB%98%E6%89%8B.webp
INFO: [ app_init ] --START--
INFO: Run Behavior\BuildLiteBehavior [ RunTime:0.000023s ]
INFO: [ app_init ] --END-- [ RunTime:0.011016s ]
ERR: 无法加载模块:Public

[ 2019-06-27T13:15:52+08:00 ] ::1 /tp3/zjm/Public/Image/index/img3/4%E8%B0%83%E9%9F%B3%E5%B8%88.webp
INFO: [ app_init ] --START--
INFO: Run Behavior\BuildLiteBehavior [ RunTime:0.000024s ]
INFO: [ app_init ] --END-- [ RunTime:0.006053s ]
ERR: 无法加载模块:Public

[ 2019-06-27T13:15:54+08:00 ] ::1 /tp3/zjm/Public/Image/index/img3/2%E9%A9%AF%E9%BE%99%E9%AB%98%E6%89%8B.webp
INFO: [ app_init ] --START--
INFO: Run Behavior\BuildLiteBehavior [ RunTime:0.000030s ]
INFO: [ app_init ] --END-- [ RunTime:0.009420s ]
ERR: 无法加载模块:Public

[ 2019-06-27T13:15:54+08:00 ] ::1 /tp3/zjm/Public/Image/index/img3/1%E5%B0%8F%E9%A3%9E%E8%B1%A1.webp
INFO: [ app_init ] --START--
INFO: Run Behavior\BuildLiteBehavior [ RunTime:0.000025s ]
INFO: [ app_init ] --END-- [ RunTime:0.003981s ]
ERR: 无法加载模块:Public

[ 2019-06-27T13:15:54+08:00 ] ::1 /tp3/zjm/Public/Image/index/img3/4%E8%B0%83%E9%9F%B3%E5%B8%88.webp
INFO: [ app_init ] --START--
INFO: Run Behavior\BuildLiteBehavior [ RunTime:0.000024s ]
INFO: [ app_init ] --END-- [ RunTime:0.005526s ]
ERR: 无法加载模块:Public

[ 2019-06-27T13:15:54+08:00 ] ::1 /tp3/zjm/Public/Image/index/img3/3%E9%9B%B7%E9%9C%86%E6%B2%99%E8%B5%9E.webp
INFO: [ app_init ] --START--
INFO: Run Behavior\BuildLiteBehavior [ RunTime:0.000032s ]
INFO: [ app_init ] --END-- [ RunTime:0.010094s ]
ERR: 无法加载模块:Public

[ 2019-06-27T13:16:16+08:00 ] ::1 /tp3/zjm/Public/Image/index/img3/1%E5%B0%8F%E9%A3%9E%E8%B1%A1.webp
INFO: [ app_init ] --START--
INFO: Run Behavior\BuildLiteBehavior [ RunTime:0.000022s ]
INFO: [ app_init ] --END-- [ RunTime:0.003501s ]
ERR: 无法加载模块:Public

[ 2019-06-27T13:16:16+08:00 ] ::1 /tp3/zjm/Public/Image/index/img3/2%E9%A9%AF%E9%BE%99%E9%AB%98%E6%89%8B.webp
INFO: [ app_init ] --START--
INFO: Run Behavior\BuildLiteBehavior [ RunTime:0.000027s ]
INFO: [ app_init ] --END-- [ RunTime:0.007828s ]
ERR: 无法加载模块:Public

[ 2019-06-27T13:16:16+08:00 ] ::1 /tp3/zjm/Public/Image/index/img3/3%E9%9B%B7%E9%9C%86%E6%B2%99%E8%B5%9E.webp
INFO: [ app_init ] --START--
INFO: Run Behavior\BuildLiteBehavior [ RunTime:0.000025s ]
INFO: [ app_init ] --END-- [ RunTime:0.007008s ]
ERR: 无法加载模块:Public

[ 2019-06-27T13:16:17+08:00 ] ::1 /tp3/zjm/Public/Image/index/img3/4%E8%B0%83%E9%9F%B3%E5%B8%88.webp
INFO: [ app_init ] --START--
INFO: Run Behavior\BuildLiteBehavior [ RunTime:0.000029s ]
INFO: [ app_init ] --END-- [ RunTime:0.006155s ]
ERR: 无法加载模块:Public

[ 2019-06-27T13:16:18+08:00 ] ::1 /tp3/zjm/Public/Image/index/img3/2%E9%A9%AF%E9%BE%99%E9%AB%98%E6%89%8B.webp
INFO: [ app_init ] --START--
INFO: Run Behavior\BuildLiteBehavior [ RunTime:0.000024s ]
INFO: [ app_init ] --END-- [ RunTime:0.009341s ]
ERR: 无法加载模块:Public

[ 2019-06-27T13:16:18+08:00 ] ::1 /tp3/zjm/Public/Image/index/img3/3%E9%9B%B7%E9%9C%86%E6%B2%99%E8%B5%9E.webp
INFO: [ app_init ] --START--
INFO: Run Behavior\BuildLiteBehavior [ RunTime:0.000025s ]
INFO: [ app_init ] --END-- [ RunTime:0.004101s ]
ERR: 无法加载模块:Public

[ 2019-06-27T13:16:19+08:00 ] ::1 /tp3/zjm/Public/Image/index/img3/1%E5%B0%8F%E9%A3%9E%E8%B1%A1.webp
INFO: [ app_init ] --START--
INFO: Run Behavior\BuildLiteBehavior [ RunTime:0.000029s ]
INFO: [ app_init ] --END-- [ RunTime:0.003625s ]
ERR: 无法加载模块:Public

[ 2019-06-27T13:16:19+08:00 ] ::1 /tp3/zjm/Public/Image/index/img3/4%E8%B0%83%E9%9F%B3%E5%B8%88.webp
INFO: [ app_init ] --START--
INFO: Run Behavior\BuildLiteBehavior [ RunTime:0.000032s ]
INFO: [ app_init ] --END-- [ RunTime:0.005284s ]
ERR: 无法加载模块:Public

[ 2019-06-27T13:16:32+08:00 ] ::1 /tp3/zjm/Public/Image/index/img3/1%E5%B0%8F%E9%A3%9E%E8%B1%A1.webp
INFO: [ app_init ] --START--
INFO: Run Behavior\BuildLiteBehavior [ RunTime:0.000023s ]
INFO: [ app_init ] --END-- [ RunTime:0.004781s ]
ERR: 无法加载模块:Public

[ 2019-06-27T13:16:32+08:00 ] ::1 /tp3/zjm/Public/Image/index/img3/3%E9%9B%B7%E9%9C%86%E6%B2%99%E8%B5%9E.webp
INFO: [ app_init ] --START--
INFO: Run Behavior\BuildLiteBehavior [ RunTime:0.000023s ]
INFO: [ app_init ] --END-- [ RunTime:0.004098s ]
ERR: 无法加载模块:Public

[ 2019-06-27T13:16:32+08:00 ] ::1 /tp3/zjm/Public/Image/index/img3/2%E9%A9%AF%E9%BE%99%E9%AB%98%E6%89%8B.webp
INFO: [ app_init ] --START--
INFO: Run Behavior\BuildLiteBehavior [ RunTime:0.000032s ]
INFO: [ app_init ] --END-- [ RunTime:0.004341s ]
ERR: 无法加载模块:Public

[ 2019-06-27T13:16:32+08:00 ] ::1 /tp3/zjm/Public/Image/index/img3/4%E8%B0%83%E9%9F%B3%E5%B8%88.webp
INFO: [ app_init ] --START--
INFO: Run Behavior\BuildLiteBehavior [ RunTime:0.000024s ]
INFO: [ app_init ] --END-- [ RunTime:0.003350s ]
ERR: 无法加载模块:Public

[ 2019-06-27T13:16:34+08:00 ] ::1 /tp3/zjm/Public/Image/index/img3/1%E5%B0%8F%E9%A3%9E%E8%B1%A1.webp
INFO: [ app_init ] --START--
INFO: Run Behavior\BuildLiteBehavior [ RunTime:0.000023s ]
INFO: [ app_init ] --END-- [ RunTime:0.004395s ]
ERR: 无法加载模块:Public

[ 2019-06-27T13:16:34+08:00 ] ::1 /tp3/zjm/Public/Image/index/img3/4%E8%B0%83%E9%9F%B3%E5%B8%88.webp
INFO: [ app_init ] --START--
INFO: Run Behavior\BuildLiteBehavior [ RunTime:0.000022s ]
INFO: [ app_init ] --END-- [ RunTime:0.006810s ]
ERR: 无法加载模块:Public

[ 2019-06-27T13:16:34+08:00 ] ::1 /tp3/zjm/Public/Image/index/img3/2%E9%A9%AF%E9%BE%99%E9%AB%98%E6%89%8B.webp
INFO: [ app_init ] --START--
INFO: Run Behavior\BuildLiteBehavior [ RunTime:0.000023s ]
INFO: [ app_init ] --END-- [ RunTime:0.004719s ]
ERR: 无法加载模块:Public

[ 2019-06-27T13:16:34+08:00 ] ::1 /tp3/zjm/Public/Image/index/img3/3%E9%9B%B7%E9%9C%86%E6%B2%99%E8%B5%9E.webp
INFO: [ app_init ] --START--
INFO: Run Behavior\BuildLiteBehavior [ RunTime:0.000025s ]
INFO: [ app_init ] --END-- [ RunTime:0.003610s ]
ERR: 无法加载模块:Public

[ 2019-06-27T13:16:48+08:00 ] ::1 /tp3/zjm/Public/Image/index/img3/1%E5%B0%8F%E9%A3%9E%E8%B1%A1.webp
INFO: [ app_init ] --START--
INFO: Run Behavior\BuildLiteBehavior [ RunTime:0.000026s ]
INFO: [ app_init ] --END-- [ RunTime:0.003428s ]
ERR: 无法加载模块:Public

[ 2019-06-27T13:16:48+08:00 ] ::1 /tp3/zjm/Public/Image/index/img3/2%E9%A9%AF%E9%BE%99%E9%AB%98%E6%89%8B.webp
INFO: [ app_init ] --START--
INFO: Run Behavior\BuildLiteBehavior [ RunTime:0.000022s ]
INFO: [ app_init ] --END-- [ RunTime:0.003457s ]
ERR: 无法加载模块:Public

[ 2019-06-27T13:16:48+08:00 ] ::1 /tp3/zjm/Public/Image/index/img3/4%E8%B0%83%E9%9F%B3%E5%B8%88.webp
INFO: [ app_init ] --START--
INFO: Run Behavior\BuildLiteBehavior [ RunTime:0.000023s ]
INFO: [ app_init ] --END-- [ RunTime:0.003066s ]
ERR: 无法加载模块:Public

[ 2019-06-27T13:16:48+08:00 ] ::1 /tp3/zjm/Public/Image/index/img3/3%E9%9B%B7%E9%9C%86%E6%B2%99%E8%B5%9E.webp
INFO: [ app_init ] --START--
INFO: Run Behavior\BuildLiteBehavior [ RunTime:0.000024s ]
INFO: [ app_init ] --END-- [ RunTime:0.003055s ]
ERR: 无法加载模块:Public

[ 2019-06-27T13:17:11+08:00 ] ::1 /tp3/zjm/Public/Image/index/img3/2%E9%A9%AF%E9%BE%99%E9%AB%98%E6%89%8B.webp
INFO: [ app_init ] --START--
INFO: Run Behavior\BuildLiteBehavior [ RunTime:0.000036s ]
INFO: [ app_init ] --END-- [ RunTime:0.003916s ]
ERR: 无法加载模块:Public

[ 2019-06-27T13:17:11+08:00 ] ::1 /tp3/zjm/Public/Image/index/img3/1%E5%B0%8F%E9%A3%9E%E8%B1%A1.webp
INFO: [ app_init ] --START--
INFO: Run Behavior\BuildLiteBehavior [ RunTime:0.000024s ]
INFO: [ app_init ] --END-- [ RunTime:0.005960s ]
ERR: 无法加载模块:Public

[ 2019-06-27T13:17:11+08:00 ] ::1 /tp3/zjm/Public/Image/index/img3/3%E9%9B%B7%E9%9C%86%E6%B2%99%E8%B5%9E.webp
INFO: [ app_init ] --START--
INFO: Run Behavior\BuildLiteBehavior [ RunTime:0.000028s ]
INFO: [ app_init ] --END-- [ RunTime:0.005165s ]
ERR: 无法加载模块:Public

[ 2019-06-27T13:17:11+08:00 ] ::1 /tp3/zjm/Public/Image/index/img3/4%E8%B0%83%E9%9F%B3%E5%B8%88.webp
INFO: [ app_init ] --START--
INFO: Run Behavior\BuildLiteBehavior [ RunTime:0.000025s ]
INFO: [ app_init ] --END-- [ RunTime:0.004376s ]
ERR: 无法加载模块:Public

[ 2019-06-27T13:17:20+08:00 ] ::1 /tp3/zjm/Public/Image/index/img3/2%E9%A9%AF%E9%BE%99%E9%AB%98%E6%89%8B.webp
INFO: [ app_init ] --START--
INFO: Run Behavior\BuildLiteBehavior [ RunTime:0.000031s ]
INFO: [ app_init ] --END-- [ RunTime:0.009160s ]
ERR: 无法加载模块:Public

[ 2019-06-27T13:17:20+08:00 ] ::1 /tp3/zjm/Public/Image/index/img3/1%E5%B0%8F%E9%A3%9E%E8%B1%A1.webp
INFO: [ app_init ] --START--
INFO: Run Behavior\BuildLiteBehavior [ RunTime:0.000032s ]
INFO: [ app_init ] --END-- [ RunTime:0.010969s ]
ERR: 无法加载模块:Public

[ 2019-06-27T13:17:20+08:00 ] ::1 /tp3/zjm/Public/Image/index/img3/3%E9%9B%B7%E9%9C%86%E6%B2%99%E8%B5%9E.webp
INFO: [ app_init ] --START--
INFO: Run Behavior\BuildLiteBehavior [ RunTime:0.000028s ]
INFO: [ app_init ] --END-- [ RunTime:0.005632s ]
ERR: 无法加载模块:Public

[ 2019-06-27T13:17:20+08:00 ] ::1 /tp3/zjm/Public/Image/index/img3/4%E8%B0%83%E9%9F%B3%E5%B8%88.webp
INFO: [ app_init ] --START--
INFO: Run Behavior\BuildLiteBehavior [ RunTime:0.000025s ]
INFO: [ app_init ] --END-- [ RunTime:0.012654s ]
ERR: 无法加载模块:Public

[ 2019-06-27T13:17:31+08:00 ] ::1 /tp3/zjm/Public/Image/index/img3/3%E9%9B%B7%E9%9C%86%E6%B2%99%E8%B5%9E.webp
INFO: [ app_init ] --START--
INFO: Run Behavior\BuildLiteBehavior [ RunTime:0.000025s ]
INFO: [ app_init ] --END-- [ RunTime:0.005264s ]
ERR: 无法加载模块:Public

[ 2019-06-27T13:17:31+08:00 ] ::1 /tp3/zjm/Public/Image/index/img3/2%E9%A9%AF%E9%BE%99%E9%AB%98%E6%89%8B.webp
INFO: [ app_init ] --START--
INFO: Run Behavior\BuildLiteBehavior [ RunTime:0.000032s ]
INFO: [ app_init ] --END-- [ RunTime:0.025496s ]
ERR: 无法加载模块:Public

[ 2019-06-27T13:17:31+08:00 ] ::1 /tp3/zjm/Public/Image/index/img3/1%E5%B0%8F%E9%A3%9E%E8%B1%A1.webp
INFO: [ app_init ] --START--
INFO: Run Behavior\BuildLiteBehavior [ RunTime:0.000024s ]
INFO: [ app_init ] --END-- [ RunTime:0.009292s ]
ERR: 无法加载模块:Public

[ 2019-06-27T13:17:31+08:00 ] ::1 /tp3/zjm/Public/Image/index/img3/4%E8%B0%83%E9%9F%B3%E5%B8%88.webp
INFO: [ app_init ] --START--
INFO: Run Behavior\BuildLiteBehavior [ RunTime:0.000029s ]
INFO: [ app_init ] --END-- [ RunTime:0.005684s ]
ERR: 无法加载模块:Public

[ 2019-06-27T13:17:51+08:00 ] ::1 /tp3/zjm/Public/Image/index/img3/3%E9%9B%B7%E9%9C%86%E6%B2%99%E8%B5%9E.webp
INFO: [ app_init ] --START--
INFO: Run Behavior\BuildLiteBehavior [ RunTime:0.000027s ]
INFO: [ app_init ] --END-- [ RunTime:0.004282s ]
ERR: 无法加载模块:Public

[ 2019-06-27T13:17:51+08:00 ] ::1 /tp3/zjm/Public/Image/index/img3/4%E8%B0%83%E9%9F%B3%E5%B8%88.webp
INFO: [ app_init ] --START--
INFO: Run Behavior\BuildLiteBehavior [ RunTime:0.000030s ]
INFO: [ app_init ] --END-- [ RunTime:0.005701s ]
ERR: 无法加载模块:Public

[ 2019-06-27T13:17:51+08:00 ] ::1 /tp3/zjm/Public/Image/index/img3/1%E5%B0%8F%E9%A3%9E%E8%B1%A1.webp
INFO: [ app_init ] --START--
INFO: Run Behavior\BuildLiteBehavior [ RunTime:0.000032s ]
INFO: [ app_init ] --END-- [ RunTime:0.003837s ]
ERR: 无法加载模块:Public

[ 2019-06-27T13:17:51+08:00 ] ::1 /tp3/zjm/Public/Image/index/img3/2%E9%A9%AF%E9%BE%99%E9%AB%98%E6%89%8B.webp
INFO: [ app_init ] --START--
INFO: Run Behavior\BuildLiteBehavior [ RunTime:0.000041s ]
INFO: [ app_init ] --END-- [ RunTime:0.007830s ]
ERR: 无法加载模块:Public

[ 2019-06-27T13:18:45+08:00 ] ::1 /tp3/zjm/Public/Image/index/img3/4%E8%B0%83%E9%9F%B3%E5%B8%88.webp
INFO: [ app_init ] --START--
INFO: Run Behavior\BuildLiteBehavior [ RunTime:0.000023s ]
INFO: [ app_init ] --END-- [ RunTime:0.003681s ]
ERR: 无法加载模块:Public

[ 2019-06-27T13:18:45+08:00 ] ::1 /tp3/zjm/Public/Image/index/img3/1%E5%B0%8F%E9%A3%9E%E8%B1%A1.webp
INFO: [ app_init ] --START--
INFO: Run Behavior\BuildLiteBehavior [ RunTime:0.000025s ]
INFO: [ app_init ] --END-- [ RunTime:0.006515s ]
ERR: 无法加载模块:Public

[ 2019-06-27T13:18:45+08:00 ] ::1 /tp3/zjm/Public/Image/index/img3/2%E9%A9%AF%E9%BE%99%E9%AB%98%E6%89%8B.webp
INFO: [ app_init ] --START--
INFO: Run Behavior\BuildLiteBehavior [ RunTime:0.000028s ]
INFO: [ app_init ] --END-- [ RunTime:0.004809s ]
ERR: 无法加载模块:Public

[ 2019-06-27T13:18:45+08:00 ] ::1 /tp3/zjm/Public/Image/index/img3/3%E9%9B%B7%E9%9C%86%E6%B2%99%E8%B5%9E.webp
INFO: [ app_init ] --START--
INFO: Run Behavior\BuildLiteBehavior [ RunTime:0.000024s ]
INFO: [ app_init ] --END-- [ RunTime:0.008957s ]
ERR: 无法加载模块:Public

[ 2019-06-27T13:18:48+08:00 ] ::1 /tp3/zjm/Public/Image/index/img3/3%E9%9B%B7%E9%9C%86%E6%B2%99%E8%B5%9E.webp
INFO: [ app_init ] --START--
INFO: Run Behavior\BuildLiteBehavior [ RunTime:0.000041s ]
INFO: [ app_init ] --END-- [ RunTime:0.006528s ]
ERR: 无法加载模块:Public

[ 2019-06-27T13:18:48+08:00 ] ::1 /tp3/zjm/Public/Image/index/img3/1%E5%B0%8F%E9%A3%9E%E8%B1%A1.webp
INFO: [ app_init ] --START--
INFO: Run Behavior\BuildLiteBehavior [ RunTime:0.000026s ]
INFO: [ app_init ] --END-- [ RunTime:0.007249s ]
ERR: 无法加载模块:Public

[ 2019-06-27T13:18:48+08:00 ] ::1 /tp3/zjm/Public/Image/index/img3/2%E9%A9%AF%E9%BE%99%E9%AB%98%E6%89%8B.webp
INFO: [ app_init ] --START--
INFO: Run Behavior\BuildLiteBehavior [ RunTime:0.000025s ]
INFO: [ app_init ] --END-- [ RunTime:0.007420s ]
ERR: 无法加载模块:Public

[ 2019-06-27T13:18:48+08:00 ] ::1 /tp3/zjm/Public/Image/index/img3/4%E8%B0%83%E9%9F%B3%E5%B8%88.webp
INFO: [ app_init ] --START--
INFO: Run Behavior\BuildLiteBehavior [ RunTime:0.000017s ]
INFO: [ app_init ] --END-- [ RunTime:0.008207s ]
ERR: 无法加载模块:Public

[ 2019-06-27T13:18:52+08:00 ] ::1 /tp3/zjm/Public/Image/index/img3/1%E5%B0%8F%E9%A3%9E%E8%B1%A1.webp
INFO: [ app_init ] --START--
INFO: Run Behavior\BuildLiteBehavior [ RunTime:0.000023s ]
INFO: [ app_init ] --END-- [ RunTime:0.005643s ]
ERR: 无法加载模块:Public

[ 2019-06-27T13:18:52+08:00 ] ::1 /tp3/zjm/Public/Image/index/img3/3%E9%9B%B7%E9%9C%86%E6%B2%99%E8%B5%9E.webp
INFO: [ app_init ] --START--
INFO: Run Behavior\BuildLiteBehavior [ RunTime:0.000027s ]
INFO: [ app_init ] --END-- [ RunTime:0.005471s ]
ERR: 无法加载模块:Public

[ 2019-06-27T13:18:52+08:00 ] ::1 /tp3/zjm/Public/Image/index/img3/2%E9%A9%AF%E9%BE%99%E9%AB%98%E6%89%8B.webp
INFO: [ app_init ] --START--
INFO: Run Behavior\BuildLiteBehavior [ RunTime:0.000017s ]
INFO: [ app_init ] --END-- [ RunTime:0.003268s ]
ERR: 无法加载模块:Public

[ 2019-06-27T13:18:52+08:00 ] ::1 /tp3/zjm/Public/Image/index/img3/4%E8%B0%83%E9%9F%B3%E5%B8%88.webp
INFO: [ app_init ] --START--
INFO: Run Behavior\BuildLiteBehavior [ RunTime:0.000094s ]
INFO: [ app_init ] --END-- [ RunTime:0.004084s ]
ERR: 无法加载模块:Public

[ 2019-06-27T13:19:47+08:00 ] ::1 /tp3/zjm/Public/Image/index/img3/3%E9%9B%B7%E9%9C%86%E6%B2%99%E8%B5%9E.webp
INFO: [ app_init ] --START--
INFO: Run Behavior\BuildLiteBehavior [ RunTime:0.000024s ]
INFO: [ app_init ] --END-- [ RunTime:0.004712s ]
ERR: 无法加载模块:Public

[ 2019-06-27T13:19:47+08:00 ] ::1 /tp3/zjm/Public/Image/index/img3/2%E9%A9%AF%E9%BE%99%E9%AB%98%E6%89%8B.webp
INFO: [ app_init ] --START--
INFO: Run Behavior\BuildLiteBehavior [ RunTime:0.000023s ]
INFO: [ app_init ] --END-- [ RunTime:0.005619s ]
ERR: 无法加载模块:Public

[ 2019-06-27T13:19:47+08:00 ] ::1 /tp3/zjm/Public/Image/index/img3/4%E8%B0%83%E9%9F%B3%E5%B8%88.webp
INFO: [ app_init ] --START--
INFO: Run Behavior\BuildLiteBehavior [ RunTime:0.000030s ]
INFO: [ app_init ] --END-- [ RunTime:0.004551s ]
ERR: 无法加载模块:Public

[ 2019-06-27T13:19:47+08:00 ] ::1 /tp3/zjm/Public/Image/index/img3/1%E5%B0%8F%E9%A3%9E%E8%B1%A1.webp
INFO: [ app_init ] --START--
INFO: Run Behavior\BuildLiteBehavior [ RunTime:0.000184s ]
INFO: [ app_init ] --END-- [ RunTime:0.007961s ]
ERR: 无法加载模块:Public

[ 2019-06-27T13:20:59+08:00 ] ::1 /tp3/zjm/Public/Image/index/img3/1%E5%B0%8F%E9%A3%9E%E8%B1%A1.webp
INFO: [ app_init ] --START--
INFO: Run Behavior\BuildLiteBehavior [ RunTime:0.000026s ]
INFO: [ app_init ] --END-- [ RunTime:0.003619s ]
ERR: 无法加载模块:Public

[ 2019-06-27T13:20:59+08:00 ] ::1 /tp3/zjm/Public/Image/index/img3/4%E8%B0%83%E9%9F%B3%E5%B8%88.webp
INFO: [ app_init ] --START--
INFO: Run Behavior\BuildLiteBehavior [ RunTime:0.000069s ]
INFO: [ app_init ] --END-- [ RunTime:0.003725s ]
ERR: 无法加载模块:Public

[ 2019-06-27T13:20:59+08:00 ] ::1 /tp3/zjm/Public/Image/index/img3/2%E9%A9%AF%E9%BE%99%E9%AB%98%E6%89%8B.webp
INFO: [ app_init ] --START--
INFO: Run Behavior\BuildLiteBehavior [ RunTime:0.000025s ]
INFO: [ app_init ] --END-- [ RunTime:0.003596s ]
ERR: 无法加载模块:Public

[ 2019-06-27T13:20:59+08:00 ] ::1 /tp3/zjm/Public/Image/index/img3/3%E9%9B%B7%E9%9C%86%E6%B2%99%E8%B5%9E.webp
INFO: [ app_init ] --START--
INFO: Run Behavior\BuildLiteBehavior [ RunTime:0.000032s ]
INFO: [ app_init ] --END-- [ RunTime:0.007245s ]
ERR: 无法加载模块:Public

[ 2019-06-27T13:25:30+08:00 ] ::1 /tp3/zjm/Public/Image/index/img3/1%E5%B0%8F%E9%A3%9E%E8%B1%A1.webp
INFO: [ app_init ] --START--
INFO: Run Behavior\BuildLiteBehavior [ RunTime:0.000024s ]
INFO: [ app_init ] --END-- [ RunTime:0.009094s ]
ERR: 无法加载模块:Public

[ 2019-06-27T13:25:30+08:00 ] ::1 /tp3/zjm/Public/Image/index/img3/3%E9%9B%B7%E9%9C%86%E6%B2%99%E8%B5%9E.webp
INFO: [ app_init ] --START--
INFO: Run Behavior\BuildLiteBehavior [ RunTime:0.000021s ]
INFO: [ app_init ] --END-- [ RunTime:0.007497s ]
ERR: 无法加载模块:Public

[ 2019-06-27T13:25:30+08:00 ] ::1 /tp3/zjm/Public/Image/index/img3/2%E9%A9%AF%E9%BE%99%E9%AB%98%E6%89%8B.webp
INFO: [ app_init ] --START--
INFO: Run Behavior\BuildLiteBehavior [ RunTime:0.000058s ]
INFO: [ app_init ] --END-- [ RunTime:0.003946s ]
ERR: 无法加载模块:Public

[ 2019-06-27T13:25:30+08:00 ] ::1 /tp3/zjm/Public/Image/index/img3/4%E8%B0%83%E9%9F%B3%E5%B8%88.webp
INFO: [ app_init ] --START--
INFO: Run Behavior\BuildLiteBehavior [ RunTime:0.000022s ]
INFO: [ app_init ] --END-- [ RunTime:0.005434s ]
ERR: 无法加载模块:Public

[ 2019-06-27T13:26:19+08:00 ] ::1 /tp3/zjm/Public/Image/index/img3/1%E5%B0%8F%E9%A3%9E%E8%B1%A1.webp
INFO: [ app_init ] --START--
INFO: Run Behavior\BuildLiteBehavior [ RunTime:0.000024s ]
INFO: [ app_init ] --END-- [ RunTime:0.003123s ]
ERR: 无法加载模块:Public

[ 2019-06-27T13:26:19+08:00 ] ::1 /tp3/zjm/Public/Image/index/img3/2%E9%A9%AF%E9%BE%99%E9%AB%98%E6%89%8B.webp
INFO: [ app_init ] --START--
INFO: Run Behavior\BuildLiteBehavior [ RunTime:0.000029s ]
INFO: [ app_init ] --END-- [ RunTime:0.005872s ]
ERR: 无法加载模块:Public

[ 2019-06-27T13:26:19+08:00 ] ::1 /tp3/zjm/Public/Image/index/img3/4%E8%B0%83%E9%9F%B3%E5%B8%88.webp
INFO: [ app_init ] --START--
INFO: Run Behavior\BuildLiteBehavior [ RunTime:0.000024s ]
INFO: [ app_init ] --END-- [ RunTime:0.004746s ]
ERR: 无法加载模块:Public

[ 2019-06-27T13:26:19+08:00 ] ::1 /tp3/zjm/Public/Image/index/img3/3%E9%9B%B7%E9%9C%86%E6%B2%99%E8%B5%9E.webp
INFO: [ app_init ] --START--
INFO: Run Behavior\BuildLiteBehavior [ RunTime:0.000062s ]
INFO: [ app_init ] --END-- [ RunTime:0.004928s ]
ERR: 无法加载模块:Public

[ 2019-06-27T13:27:18+08:00 ] ::1 /tp3/zjm/Public/Image/index/img3/3%E9%9B%B7%E9%9C%86%E6%B2%99%E8%B5%9E.webp
INFO: [ app_init ] --START--
INFO: Run Behavior\BuildLiteBehavior [ RunTime:0.000032s ]
INFO: [ app_init ] --END-- [ RunTime:0.002983s ]
ERR: 无法加载模块:Public

[ 2019-06-27T13:27:18+08:00 ] ::1 /tp3/zjm/Public/Image/index/img3/4%E8%B0%83%E9%9F%B3%E5%B8%88.webp
INFO: [ app_init ] --START--
INFO: Run Behavior\BuildLiteBehavior [ RunTime:0.000028s ]
INFO: [ app_init ] --END-- [ RunTime:0.005262s ]
ERR: 无法加载模块:Public

[ 2019-06-27T13:27:18+08:00 ] ::1 /tp3/zjm/Public/Image/index/img3/2%E9%A9%AF%E9%BE%99%E9%AB%98%E6%89%8B.webp
INFO: [ app_init ] --START--
INFO: Run Behavior\BuildLiteBehavior [ RunTime:0.000023s ]
INFO: [ app_init ] --END-- [ RunTime:0.003272s ]
ERR: 无法加载模块:Public

[ 2019-06-27T13:27:18+08:00 ] ::1 /tp3/zjm/Public/Image/index/img3/1%E5%B0%8F%E9%A3%9E%E8%B1%A1.webp
INFO: [ app_init ] --START--
INFO: Run Behavior\BuildLiteBehavior [ RunTime:0.000018s ]
INFO: [ app_init ] --END-- [ RunTime:0.002338s ]
ERR: 无法加载模块:Public

[ 2019-06-27T13:29:11+08:00 ] ::1 /tp3/zjm/Public/Image/index/img3/3%E9%9B%B7%E9%9C%86%E6%B2%99%E8%B5%9E.webp
INFO: [ app_init ] --START--
INFO: Run Behavior\BuildLiteBehavior [ RunTime:0.000023s ]
INFO: [ app_init ] --END-- [ RunTime:0.005000s ]
ERR: 无法加载模块:Public

[ 2019-06-27T13:29:11+08:00 ] ::1 /tp3/zjm/Public/Image/index/img3/1%E5%B0%8F%E9%A3%9E%E8%B1%A1.webp
INFO: [ app_init ] --START--
INFO: Run Behavior\BuildLiteBehavior [ RunTime:0.000027s ]
INFO: [ app_init ] --END-- [ RunTime:0.010545s ]
ERR: 无法加载模块:Public

[ 2019-06-27T13:29:11+08:00 ] ::1 /tp3/zjm/Public/Image/index/img3/4%E8%B0%83%E9%9F%B3%E5%B8%88.webp
INFO: [ app_init ] --START--
INFO: Run Behavior\BuildLiteBehavior [ RunTime:0.000028s ]
INFO: [ app_init ] --END-- [ RunTime:0.007800s ]
ERR: 无法加载模块:Public

[ 2019-06-27T13:29:11+08:00 ] ::1 /tp3/zjm/Public/Image/index/img3/2%E9%A9%AF%E9%BE%99%E9%AB%98%E6%89%8B.webp
INFO: [ app_init ] --START--
INFO: Run Behavior\BuildLiteBehavior [ RunTime:0.000020s ]
INFO: [ app_init ] --END-- [ RunTime:0.003391s ]
ERR: 无法加载模块:Public

[ 2019-06-27T13:29:42+08:00 ] ::1 /tp3/zjm/Public/Image/index/img3/2%E9%A9%AF%E9%BE%99%E9%AB%98%E6%89%8B.webp
INFO: [ app_init ] --START--
INFO: Run Behavior\BuildLiteBehavior [ RunTime:0.000026s ]
INFO: [ app_init ] --END-- [ RunTime:0.003602s ]
ERR: 无法加载模块:Public

[ 2019-06-27T13:29:42+08:00 ] ::1 /tp3/zjm/Public/Image/index/img3/4%E8%B0%83%E9%9F%B3%E5%B8%88.webp
INFO: [ app_init ] --START--
INFO: Run Behavior\BuildLiteBehavior [ RunTime:0.000023s ]
INFO: [ app_init ] --END-- [ RunTime:0.003860s ]
ERR: 无法加载模块:Public

[ 2019-06-27T13:29:42+08:00 ] ::1 /tp3/zjm/Public/Image/index/img3/1%E5%B0%8F%E9%A3%9E%E8%B1%A1.webp
INFO: [ app_init ] --START--
INFO: Run Behavior\BuildLiteBehavior [ RunTime:0.000027s ]
INFO: [ app_init ] --END-- [ RunTime:0.003624s ]
ERR: 无法加载模块:Public

[ 2019-06-27T13:29:42+08:00 ] ::1 /tp3/zjm/Public/Image/index/img3/3%E9%9B%B7%E9%9C%86%E6%B2%99%E8%B5%9E.webp
INFO: [ app_init ] --START--
INFO: Run Behavior\BuildLiteBehavior [ RunTime:0.000104s ]
INFO: [ app_init ] --END-- [ RunTime:0.005690s ]
ERR: 无法加载模块:Public

[ 2019-06-27T13:29:48+08:00 ] ::1 /tp3/zjm/Public/Image/index/img3/4%E8%B0%83%E9%9F%B3%E5%B8%88.webp
INFO: [ app_init ] --START--
INFO: Run Behavior\BuildLiteBehavior [ RunTime:0.000031s ]
INFO: [ app_init ] --END-- [ RunTime:0.008781s ]
ERR: 无法加载模块:Public

[ 2019-06-27T13:29:48+08:00 ] ::1 /tp3/zjm/Public/Image/index/img3/3%E9%9B%B7%E9%9C%86%E6%B2%99%E8%B5%9E.webp
INFO: [ app_init ] --START--
INFO: Run Behavior\BuildLiteBehavior [ RunTime:0.000032s ]
INFO: [ app_init ] --END-- [ RunTime:0.005273s ]
ERR: 无法加载模块:Public

[ 2019-06-27T13:29:49+08:00 ] ::1 /tp3/zjm/Public/Image/index/img3/2%E9%A9%AF%E9%BE%99%E9%AB%98%E6%89%8B.webp
INFO: [ app_init ] --START--
INFO: Run Behavior\BuildLiteBehavior [ RunTime:0.000018s ]
INFO: [ app_init ] --END-- [ RunTime:0.005725s ]
ERR: 无法加载模块:Public

[ 2019-06-27T13:29:49+08:00 ] ::1 /tp3/zjm/Public/Image/index/img3/1%E5%B0%8F%E9%A3%9E%E8%B1%A1.webp
INFO: [ app_init ] --START--
INFO: Run Behavior\BuildLiteBehavior [ RunTime:0.000017s ]
INFO: [ app_init ] --END-- [ RunTime:0.004630s ]
ERR: 无法加载模块:Public

[ 2019-06-27T13:30:15+08:00 ] ::1 /tp3/zjm/Public/Image/index/img3/3%E9%9B%B7%E9%9C%86%E6%B2%99%E8%B5%9E.webp
INFO: [ app_init ] --START--
INFO: Run Behavior\BuildLiteBehavior [ RunTime:0.000024s ]
INFO: [ app_init ] --END-- [ RunTime:0.003072s ]
ERR: 无法加载模块:Public

[ 2019-06-27T13:30:15+08:00 ] ::1 /tp3/zjm/Public/Image/index/img3/2%E9%A9%AF%E9%BE%99%E9%AB%98%E6%89%8B.webp
INFO: [ app_init ] --START--
INFO: Run Behavior\BuildLiteBehavior [ RunTime:0.000053s ]
INFO: [ app_init ] --END-- [ RunTime:0.004307s ]
ERR: 无法加载模块:Public

[ 2019-06-27T13:30:15+08:00 ] ::1 /tp3/zjm/Public/Image/index/img3/1%E5%B0%8F%E9%A3%9E%E8%B1%A1.webp
INFO: [ app_init ] --START--
INFO: Run Behavior\BuildLiteBehavior [ RunTime:0.000026s ]
INFO: [ app_init ] --END-- [ RunTime:0.005459s ]
ERR: 无法加载模块:Public

[ 2019-06-27T13:30:15+08:00 ] ::1 /tp3/zjm/Public/Image/index/img3/4%E8%B0%83%E9%9F%B3%E5%B8%88.webp
INFO: [ app_init ] --START--
INFO: Run Behavior\BuildLiteBehavior [ RunTime:0.000027s ]
INFO: [ app_init ] --END-- [ RunTime:0.005659s ]
ERR: 无法加载模块:Public

[ 2019-06-27T13:30:20+08:00 ] ::1 /tp3/zjm/Public/Image/index/img3/2%E9%A9%AF%E9%BE%99%E9%AB%98%E6%89%8B.webp
INFO: [ app_init ] --START--
INFO: Run Behavior\BuildLiteBehavior [ RunTime:0.000027s ]
INFO: [ app_init ] --END-- [ RunTime:0.005082s ]
ERR: 无法加载模块:Public

[ 2019-06-27T13:30:20+08:00 ] ::1 /tp3/zjm/Public/Image/index/img3/3%E9%9B%B7%E9%9C%86%E6%B2%99%E8%B5%9E.webp
INFO: [ app_init ] --START--
INFO: Run Behavior\BuildLiteBehavior [ RunTime:0.000023s ]
INFO: [ app_init ] --END-- [ RunTime:0.009406s ]
ERR: 无法加载模块:Public

[ 2019-06-27T13:30:20+08:00 ] ::1 /tp3/zjm/Public/Image/index/img3/4%E8%B0%83%E9%9F%B3%E5%B8%88.webp
INFO: [ app_init ] --START--
INFO: Run Behavior\BuildLiteBehavior [ RunTime:0.000024s ]
INFO: [ app_init ] --END-- [ RunTime:0.011344s ]
ERR: 无法加载模块:Public

[ 2019-06-27T13:30:20+08:00 ] ::1 /tp3/zjm/Public/Image/index/img3/1%E5%B0%8F%E9%A3%9E%E8%B1%A1.webp
INFO: [ app_init ] --START--
INFO: Run Behavior\BuildLiteBehavior [ RunTime:0.000040s ]
INFO: [ app_init ] --END-- [ RunTime:0.010881s ]
ERR: 无法加载模块:Public

[ 2019-06-27T13:30:31+08:00 ] ::1 /tp3/zjm/Public/Image/index/img3/4%E8%B0%83%E9%9F%B3%E5%B8%88.webp
INFO: [ app_init ] --START--
INFO: Run Behavior\BuildLiteBehavior [ RunTime:0.000029s ]
INFO: [ app_init ] --END-- [ RunTime:0.009151s ]
ERR: 无法加载模块:Public

[ 2019-06-27T13:30:31+08:00 ] ::1 /tp3/zjm/Public/Image/index/img3/3%E9%9B%B7%E9%9C%86%E6%B2%99%E8%B5%9E.webp
INFO: [ app_init ] --START--
INFO: Run Behavior\BuildLiteBehavior [ RunTime:0.000026s ]
INFO: [ app_init ] --END-- [ RunTime:0.011541s ]
ERR: 无法加载模块:Public

[ 2019-06-27T13:30:31+08:00 ] ::1 /tp3/zjm/Public/Image/index/img3/2%E9%A9%AF%E9%BE%99%E9%AB%98%E6%89%8B.webp
INFO: [ app_init ] --START--
INFO: Run Behavior\BuildLiteBehavior [ RunTime:0.000028s ]
INFO: [ app_init ] --END-- [ RunTime:0.010315s ]
ERR: 无法加载模块:Public

[ 2019-06-27T13:30:31+08:00 ] ::1 /tp3/zjm/Public/Image/index/img3/1%E5%B0%8F%E9%A3%9E%E8%B1%A1.webp
INFO: [ app_init ] --START--
INFO: Run Behavior\BuildLiteBehavior [ RunTime:0.000030s ]
INFO: [ app_init ] --END-- [ RunTime:0.004491s ]
ERR: 无法加载模块:Public

[ 2019-06-27T13:55:17+08:00 ] ::1 /tp3/zjm/Public/Image/index/img3/1%E5%B0%8F%E9%A3%9E%E8%B1%A1.webp
INFO: [ app_init ] --START--
INFO: Run Behavior\BuildLiteBehavior [ RunTime:0.000065s ]
INFO: [ app_init ] --END-- [ RunTime:0.003586s ]
ERR: 无法加载模块:Public

[ 2019-06-27T13:55:17+08:00 ] ::1 /tp3/zjm/Public/Image/index/img3/2%E9%A9%AF%E9%BE%99%E9%AB%98%E6%89%8B.webp
INFO: [ app_init ] --START--
INFO: Run Behavior\BuildLiteBehavior [ RunTime:0.000023s ]
INFO: [ app_init ] --END-- [ RunTime:0.004151s ]
ERR: 无法加载模块:Public

[ 2019-06-27T13:55:17+08:00 ] ::1 /tp3/zjm/Public/Image/index/img3/4%E8%B0%83%E9%9F%B3%E5%B8%88.webp
INFO: [ app_init ] --START--
INFO: Run Behavior\BuildLiteBehavior [ RunTime:0.000024s ]
INFO: [ app_init ] --END-- [ RunTime:0.010716s ]
ERR: 无法加载模块:Public

[ 2019-06-27T13:56:44+08:00 ] ::1 /tp3/zjm/Public/Image/index/img3/3%E9%9B%B7%E9%9C%86%E6%B2%99%E8%B5%9E.webp
INFO: [ app_init ] --START--
INFO: Run Behavior\BuildLiteBehavior [ RunTime:0.000031s ]
INFO: [ app_init ] --END-- [ RunTime:0.011929s ]
ERR: 无法加载模块:Public

[ 2019-06-27T13:56:44+08:00 ] ::1 /tp3/zjm/Public/Image/index/img3/1%E5%B0%8F%E9%A3%9E%E8%B1%A1.webp
INFO: [ app_init ] --START--
INFO: Run Behavior\BuildLiteBehavior [ RunTime:0.000021s ]
INFO: [ app_init ] --END-- [ RunTime:0.007241s ]
ERR: 无法加载模块:Public

[ 2019-06-27T13:56:44+08:00 ] ::1 /tp3/zjm/Public/Image/index/img3/2%E9%A9%AF%E9%BE%99%E9%AB%98%E6%89%8B.webp
INFO: [ app_init ] --START--
INFO: Run Behavior\BuildLiteBehavior [ RunTime:0.000046s ]
INFO: [ app_init ] --END-- [ RunTime:0.005745s ]
ERR: 无法加载模块:Public

[ 2019-06-27T13:56:44+08:00 ] ::1 /tp3/zjm/Public/Image/index/img3/4%E8%B0%83%E9%9F%B3%E5%B8%88.webp
INFO: [ app_init ] --START--
INFO: Run Behavior\BuildLiteBehavior [ RunTime:0.000025s ]
INFO: [ app_init ] --END-- [ RunTime:0.005230s ]
ERR: 无法加载模块:Public

[ 2019-06-27T13:57:05+08:00 ] ::1 /tp3/zjm/Public/Image/index/img3/2%E9%A9%AF%E9%BE%99%E9%AB%98%E6%89%8B.webp
INFO: [ app_init ] --START--
INFO: Run Behavior\BuildLiteBehavior [ RunTime:0.000023s ]
INFO: [ app_init ] --END-- [ RunTime:0.004737s ]
ERR: 无法加载模块:Public

[ 2019-06-27T13:57:05+08:00 ] ::1 /tp3/zjm/Public/Image/index/img3/1%E5%B0%8F%E9%A3%9E%E8%B1%A1.webp
INFO: [ app_init ] --START--
INFO: Run Behavior\BuildLiteBehavior [ RunTime:0.000037s ]
INFO: [ app_init ] --END-- [ RunTime:0.003618s ]
ERR: 无法加载模块:Public

[ 2019-06-27T13:57:05+08:00 ] ::1 /tp3/zjm/Public/Image/index/img3/4%E8%B0%83%E9%9F%B3%E5%B8%88.webp
INFO: [ app_init ] --START--
INFO: Run Behavior\BuildLiteBehavior [ RunTime:0.000021s ]
INFO: [ app_init ] --END-- [ RunTime:0.003084s ]
ERR: 无法加载模块:Public

[ 2019-06-27T13:57:05+08:00 ] ::1 /tp3/zjm/Public/Image/index/img3/3%E9%9B%B7%E9%9C%86%E6%B2%99%E8%B5%9E.webp
INFO: [ app_init ] --START--
INFO: Run Behavior\BuildLiteBehavior [ RunTime:0.000031s ]
INFO: [ app_init ] --END-- [ RunTime:0.003563s ]
ERR: 无法加载模块:Public

[ 2019-06-27T13:57:06+08:00 ] ::1 /tp3/zjm/Public/Image/index/img3/1%E5%B0%8F%E9%A3%9E%E8%B1%A1.webp
INFO: [ app_init ] --START--
INFO: Run Behavior\BuildLiteBehavior [ RunTime:0.000022s ]
INFO: [ app_init ] --END-- [ RunTime:0.003774s ]
ERR: 无法加载模块:Public

[ 2019-06-27T13:57:06+08:00 ] ::1 /tp3/zjm/Public/Image/index/img3/2%E9%A9%AF%E9%BE%99%E9%AB%98%E6%89%8B.webp
INFO: [ app_init ] --START--
INFO: Run Behavior\BuildLiteBehavior [ RunTime:0.000026s ]
INFO: [ app_init ] --END-- [ RunTime:0.005281s ]
ERR: 无法加载模块:Public

[ 2019-06-27T13:57:06+08:00 ] ::1 /tp3/zjm/Public/Image/index/img3/4%E8%B0%83%E9%9F%B3%E5%B8%88.webp
INFO: [ app_init ] --START--
INFO: Run Behavior\BuildLiteBehavior [ RunTime:0.000031s ]
INFO: [ app_init ] --END-- [ RunTime:0.005244s ]
ERR: 无法加载模块:Public

[ 2019-06-27T13:57:06+08:00 ] ::1 /tp3/zjm/Public/Image/index/img3/3%E9%9B%B7%E9%9C%86%E6%B2%99%E8%B5%9E.webp
INFO: [ app_init ] --START--
INFO: Run Behavior\BuildLiteBehavior [ RunTime:0.000033s ]
INFO: [ app_init ] --END-- [ RunTime:0.008304s ]
ERR: 无法加载模块:Public

[ 2019-06-27T13:57:44+08:00 ] ::1 /tp3/zjm/Public/Image/index/img3/2%E9%A9%AF%E9%BE%99%E9%AB%98%E6%89%8B.webp
INFO: [ app_init ] --START--
INFO: Run Behavior\BuildLiteBehavior [ RunTime:0.000022s ]
INFO: [ app_init ] --END-- [ RunTime:0.003322s ]
ERR: 无法加载模块:Public

[ 2019-06-27T13:57:44+08:00 ] ::1 /tp3/zjm/Public/Image/index/img3/1%E5%B0%8F%E9%A3%9E%E8%B1%A1.webp
INFO: [ app_init ] --START--
INFO: Run Behavior\BuildLiteBehavior [ RunTime:0.000024s ]
INFO: [ app_init ] --END-- [ RunTime:0.007057s ]
ERR: 无法加载模块:Public

[ 2019-06-27T13:57:44+08:00 ] ::1 /tp3/zjm/Public/Image/index/img3/4%E8%B0%83%E9%9F%B3%E5%B8%88.webp
INFO: [ app_init ] --START--
INFO: Run Behavior\BuildLiteBehavior [ RunTime:0.000043s ]
INFO: [ app_init ] --END-- [ RunTime:0.005121s ]
ERR: 无法加载模块:Public

[ 2019-06-27T13:57:44+08:00 ] ::1 /tp3/zjm/Public/Image/index/img3/3%E9%9B%B7%E9%9C%86%E6%B2%99%E8%B5%9E.webp
INFO: [ app_init ] --START--
INFO: Run Behavior\BuildLiteBehavior [ RunTime:0.000031s ]
INFO: [ app_init ] --END-- [ RunTime:0.007447s ]
ERR: 无法加载模块:Public

[ 2019-06-27T13:59:01+08:00 ] ::1 /tp3/zjm/Public/Image/index/img3/1%E5%B0%8F%E9%A3%9E%E8%B1%A1.webp
INFO: [ app_init ] --START--
INFO: Run Behavior\BuildLiteBehavior [ RunTime:0.000028s ]
INFO: [ app_init ] --END-- [ RunTime:0.008877s ]
ERR: 无法加载模块:Public

[ 2019-06-27T13:59:01+08:00 ] ::1 /tp3/zjm/Public/Image/index/img3/2%E9%A9%AF%E9%BE%99%E9%AB%98%E6%89%8B.webp
INFO: [ app_init ] --START--
INFO: Run Behavior\BuildLiteBehavior [ RunTime:0.000024s ]
INFO: [ app_init ] --END-- [ RunTime:0.010126s ]
ERR: 无法加载模块:Public

[ 2019-06-27T13:59:01+08:00 ] ::1 /tp3/zjm/Public/Image/index/img3/3%E9%9B%B7%E9%9C%86%E6%B2%99%E8%B5%9E.webp
INFO: [ app_init ] --START--
INFO: Run Behavior\BuildLiteBehavior [ RunTime:0.000025s ]
INFO: [ app_init ] --END-- [ RunTime:0.003263s ]
ERR: 无法加载模块:Public

[ 2019-06-27T13:59:01+08:00 ] ::1 /tp3/zjm/Public/Image/index/img3/4%E8%B0%83%E9%9F%B3%E5%B8%88.webp
INFO: [ app_init ] --START--
INFO: Run Behavior\BuildLiteBehavior [ RunTime:0.000042s ]
INFO: [ app_init ] --END-- [ RunTime:0.004321s ]
ERR: 无法加载模块:Public

[ 2019-06-27T13:59:08+08:00 ] ::1 /tp3/zjm/Public/Image/index/img3/1%E5%B0%8F%E9%A3%9E%E8%B1%A1.webp
INFO: [ app_init ] --START--
INFO: Run Behavior\BuildLiteBehavior [ RunTime:0.000034s ]
INFO: [ app_init ] --END-- [ RunTime:0.004681s ]
ERR: 无法加载模块:Public

[ 2019-06-27T13:59:08+08:00 ] ::1 /tp3/zjm/Public/Image/index/img3/2%E9%A9%AF%E9%BE%99%E9%AB%98%E6%89%8B.webp
INFO: [ app_init ] --START--
INFO: Run Behavior\BuildLiteBehavior [ RunTime:0.000024s ]
INFO: [ app_init ] --END-- [ RunTime:0.003993s ]
ERR: 无法加载模块:Public

[ 2019-06-27T13:59:08+08:00 ] ::1 /tp3/zjm/Public/Image/index/img3/4%E8%B0%83%E9%9F%B3%E5%B8%88.webp
INFO: [ app_init ] --START--
INFO: Run Behavior\BuildLiteBehavior [ RunTime:0.000024s ]
INFO: [ app_init ] --END-- [ RunTime:0.003366s ]
ERR: 无法加载模块:Public

[ 2019-06-27T13:59:08+08:00 ] ::1 /tp3/zjm/Public/Image/index/img3/3%E9%9B%B7%E9%9C%86%E6%B2%99%E8%B5%9E.webp
INFO: [ app_init ] --START--
INFO: Run Behavior\BuildLiteBehavior [ RunTime:0.000036s ]
INFO: [ app_init ] --END-- [ RunTime:0.005803s ]
ERR: 无法加载模块:Public

[ 2019-06-27T13:59:39+08:00 ] ::1 /tp3/zjm/Public/Image/index/img3/1%E5%B0%8F%E9%A3%9E%E8%B1%A1.webp
INFO: [ app_init ] --START--
INFO: Run Behavior\BuildLiteBehavior [ RunTime:0.000059s ]
INFO: [ app_init ] --END-- [ RunTime:0.006644s ]
ERR: 无法加载模块:Public

[ 2019-06-27T13:59:39+08:00 ] ::1 /tp3/zjm/Public/Image/index/img3/3%E9%9B%B7%E9%9C%86%E6%B2%99%E8%B5%9E.webp
INFO: [ app_init ] --START--
INFO: Run Behavior\BuildLiteBehavior [ RunTime:0.000023s ]
INFO: [ app_init ] --END-- [ RunTime:0.004368s ]
ERR: 无法加载模块:Public

[ 2019-06-27T13:59:39+08:00 ] ::1 /tp3/zjm/Public/Image/index/img3/4%E8%B0%83%E9%9F%B3%E5%B8%88.webp
INFO: [ app_init ] --START--
INFO: Run Behavior\BuildLiteBehavior [ RunTime:0.000023s ]
INFO: [ app_init ] --END-- [ RunTime:0.003366s ]
ERR: 无法加载模块:Public

[ 2019-06-27T13:59:39+08:00 ] ::1 /tp3/zjm/Public/Image/index/img3/2%E9%A9%AF%E9%BE%99%E9%AB%98%E6%89%8B.webp
INFO: [ app_init ] --START--
INFO: Run Behavior\BuildLiteBehavior [ RunTime:0.000021s ]
INFO: [ app_init ] --END-- [ RunTime:0.003849s ]
ERR: 无法加载模块:Public

[ 2019-06-27T14:01:12+08:00 ] ::1 /tp3/zjm/Public/Image/index/img3/1%E5%B0%8F%E9%A3%9E%E8%B1%A1.webp
INFO: [ app_init ] --START--
INFO: Run Behavior\BuildLiteBehavior [ RunTime:0.000022s ]
INFO: [ app_init ] --END-- [ RunTime:0.007152s ]
ERR: 无法加载模块:Public

[ 2019-06-27T14:01:12+08:00 ] ::1 /tp3/zjm/Public/Image/index/img3/2%E9%A9%AF%E9%BE%99%E9%AB%98%E6%89%8B.webp
INFO: [ app_init ] --START--
INFO: Run Behavior\BuildLiteBehavior [ RunTime:0.000026s ]
INFO: [ app_init ] --END-- [ RunTime:0.008665s ]
ERR: 无法加载模块:Public

[ 2019-06-27T14:01:12+08:00 ] ::1 /tp3/zjm/Public/Image/index/img3/4%E8%B0%83%E9%9F%B3%E5%B8%88.webp
INFO: [ app_init ] --START--
INFO: Run Behavior\BuildLiteBehavior [ RunTime:0.000031s ]
INFO: [ app_init ] --END-- [ RunTime:0.008625s ]
ERR: 无法加载模块:Public

[ 2019-06-27T14:01:12+08:00 ] ::1 /tp3/zjm/Public/Image/index/img3/3%E9%9B%B7%E9%9C%86%E6%B2%99%E8%B5%9E.webp
INFO: [ app_init ] --START--
INFO: Run Behavior\BuildLiteBehavior [ RunTime:0.000024s ]
INFO: [ app_init ] --END-- [ RunTime:0.007314s ]
ERR: 无法加载模块:Public

[ 2019-06-27T14:01:25+08:00 ] ::1 /tp3/zjm/Public/Image/index/img3/1%E5%B0%8F%E9%A3%9E%E8%B1%A1.webp
INFO: [ app_init ] --START--
INFO: Run Behavior\BuildLiteBehavior [ RunTime:0.000027s ]
INFO: [ app_init ] --END-- [ RunTime:0.004085s ]
ERR: 无法加载模块:Public

[ 2019-06-27T14:01:25+08:00 ] ::1 /tp3/zjm/Public/Image/index/img3/3%E9%9B%B7%E9%9C%86%E6%B2%99%E8%B5%9E.webp
INFO: [ app_init ] --START--
INFO: Run Behavior\BuildLiteBehavior [ RunTime:0.000029s ]
INFO: [ app_init ] --END-- [ RunTime:0.003658s ]
ERR: 无法加载模块:Public

[ 2019-06-27T14:01:25+08:00 ] ::1 /tp3/zjm/Public/Image/index/img3/2%E9%A9%AF%E9%BE%99%E9%AB%98%E6%89%8B.webp
INFO: [ app_init ] --START--
INFO: Run Behavior\BuildLiteBehavior [ RunTime:0.000023s ]
INFO: [ app_init ] --END-- [ RunTime:0.003193s ]
ERR: 无法加载模块:Public

[ 2019-06-27T14:01:25+08:00 ] ::1 /tp3/zjm/Public/Image/index/img3/4%E8%B0%83%E9%9F%B3%E5%B8%88.webp
INFO: [ app_init ] --START--
INFO: Run Behavior\BuildLiteBehavior [ RunTime:0.000029s ]
INFO: [ app_init ] --END-- [ RunTime:0.004481s ]
ERR: 无法加载模块:Public

[ 2019-06-27T14:02:04+08:00 ] ::1 /tp3/zjm/Public/Image/index/img3/2%E9%A9%AF%E9%BE%99%E9%AB%98%E6%89%8B.webp
INFO: [ app_init ] --START--
INFO: Run Behavior\BuildLiteBehavior [ RunTime:0.000023s ]
INFO: [ app_init ] --END-- [ RunTime:0.003111s ]
ERR: 无法加载模块:Public

[ 2019-06-27T14:02:04+08:00 ] ::1 /tp3/zjm/Public/Image/index/img3/1%E5%B0%8F%E9%A3%9E%E8%B1%A1.webp
INFO: [ app_init ] --START--
INFO: Run Behavior\BuildLiteBehavior [ RunTime:0.000023s ]
INFO: [ app_init ] --END-- [ RunTime:0.003215s ]
ERR: 无法加载模块:Public

[ 2019-06-27T14:02:04+08:00 ] ::1 /tp3/zjm/Public/Image/index/img3/4%E8%B0%83%E9%9F%B3%E5%B8%88.webp
INFO: [ app_init ] --START--
INFO: Run Behavior\BuildLiteBehavior [ RunTime:0.000030s ]
INFO: [ app_init ] --END-- [ RunTime:0.005962s ]
ERR: 无法加载模块:Public

[ 2019-06-27T14:02:04+08:00 ] ::1 /tp3/zjm/Public/Image/index/img3/3%E9%9B%B7%E9%9C%86%E6%B2%99%E8%B5%9E.webp
INFO: [ app_init ] --START--
INFO: Run Behavior\BuildLiteBehavior [ RunTime:0.000026s ]
INFO: [ app_init ] --END-- [ RunTime:0.007211s ]
ERR: 无法加载模块:Public

[ 2019-06-27T14:16:50+08:00 ] ::1 /tp3/zjm/Public/Image/index/img3/1%E5%B0%8F%E9%A3%9E%E8%B1%A1.webp
INFO: [ app_init ] --START--
INFO: Run Behavior\BuildLiteBehavior [ RunTime:0.000025s ]
INFO: [ app_init ] --END-- [ RunTime:0.005943s ]
ERR: 无法加载模块:Public

[ 2019-06-27T14:16:50+08:00 ] ::1 /tp3/zjm/Public/Image/index/img3/2%E9%A9%AF%E9%BE%99%E9%AB%98%E6%89%8B.webp
INFO: [ app_init ] --START--
INFO: Run Behavior\BuildLiteBehavior [ RunTime:0.000026s ]
INFO: [ app_init ] --END-- [ RunTime:0.006703s ]
ERR: 无法加载模块:Public

[ 2019-06-27T14:16:50+08:00 ] ::1 /tp3/zjm/Public/Image/index/img3/3%E9%9B%B7%E9%9C%86%E6%B2%99%E8%B5%9E.webp
INFO: [ app_init ] --START--
INFO: Run Behavior\BuildLiteBehavior [ RunTime:0.000025s ]
INFO: [ app_init ] --END-- [ RunTime:0.007386s ]
ERR: 无法加载模块:Public

[ 2019-06-27T14:16:50+08:00 ] ::1 /tp3/zjm/Public/Image/index/img3/4%E8%B0%83%E9%9F%B3%E5%B8%88.webp
INFO: [ app_init ] --START--
INFO: Run Behavior\BuildLiteBehavior [ RunTime:0.000034s ]
INFO: [ app_init ] --END-- [ RunTime:0.006401s ]
ERR: 无法加载模块:Public

[ 2019-06-27T14:17:12+08:00 ] ::1 /tp3/zjm/Public/Image/index/img3/4%E8%B0%83%E9%9F%B3%E5%B8%88.webp
INFO: [ app_init ] --START--
INFO: Run Behavior\BuildLiteBehavior [ RunTime:0.000024s ]
INFO: [ app_init ] --END-- [ RunTime:0.003072s ]
ERR: 无法加载模块:Public

[ 2019-06-27T14:17:12+08:00 ] ::1 /tp3/zjm/Public/Image/index/img3/2%E9%A9%AF%E9%BE%99%E9%AB%98%E6%89%8B.webp
INFO: [ app_init ] --START--
INFO: Run Behavior\BuildLiteBehavior [ RunTime:0.000023s ]
INFO: [ app_init ] --END-- [ RunTime:0.005327s ]
ERR: 无法加载模块:Public

[ 2019-06-27T14:17:12+08:00 ] ::1 /tp3/zjm/Public/Image/index/img3/3%E9%9B%B7%E9%9C%86%E6%B2%99%E8%B5%9E.webp
INFO: [ app_init ] --START--
INFO: Run Behavior\BuildLiteBehavior [ RunTime:0.000023s ]
INFO: [ app_init ] --END-- [ RunTime:0.003689s ]
ERR: 无法加载模块:Public

[ 2019-06-27T14:17:12+08:00 ] ::1 /tp3/zjm/Public/Image/index/img3/1%E5%B0%8F%E9%A3%9E%E8%B1%A1.webp
INFO: [ app_init ] --START--
INFO: Run Behavior\BuildLiteBehavior [ RunTime:0.000028s ]
INFO: [ app_init ] --END-- [ RunTime:0.006891s ]
ERR: 无法加载模块:Public

[ 2019-06-27T14:17:32+08:00 ] ::1 /tp3/zjm/Public/Image/index/img3/1%E5%B0%8F%E9%A3%9E%E8%B1%A1.webp
INFO: [ app_init ] --START--
INFO: Run Behavior\BuildLiteBehavior [ RunTime:0.000034s ]
INFO: [ app_init ] --END-- [ RunTime:0.005879s ]
ERR: 无法加载模块:Public

[ 2019-06-27T14:17:32+08:00 ] ::1 /tp3/zjm/Public/Image/index/img3/3%E9%9B%B7%E9%9C%86%E6%B2%99%E8%B5%9E.webp
INFO: [ app_init ] --START--
INFO: Run Behavior\BuildLiteBehavior [ RunTime:0.000031s ]
INFO: [ app_init ] --END-- [ RunTime:0.003557s ]
ERR: 无法加载模块:Public

[ 2019-06-27T14:17:32+08:00 ] ::1 /tp3/zjm/Public/Image/index/img3/2%E9%A9%AF%E9%BE%99%E9%AB%98%E6%89%8B.webp
INFO: [ app_init ] --START--
INFO: Run Behavior\BuildLiteBehavior [ RunTime:0.000022s ]
INFO: [ app_init ] --END-- [ RunTime:0.003321s ]
ERR: 无法加载模块:Public

[ 2019-06-27T14:17:32+08:00 ] ::1 /tp3/zjm/Public/Image/index/img3/4%E8%B0%83%E9%9F%B3%E5%B8%88.webp
INFO: [ app_init ] --START--
INFO: Run Behavior\BuildLiteBehavior [ RunTime:0.000024s ]
INFO: [ app_init ] --END-- [ RunTime:0.006036s ]
ERR: 无法加载模块:Public

