[ 2019-11-04T20:25:40+08:00 ] ::1 /tp3/zjm/home/index/index
INFO: [ app_init ] --START--
INFO: Run Behavior\BuildLiteBehavior [ RunTime:0.000022s ]
INFO: [ app_init ] --END-- [ RunTime:0.019423s ]
INFO: [ app_begin ] --START--
INFO: Run Behavior\ReadHtmlCacheBehavior [ RunTime:0.023336s ]
INFO: [ app_begin ] --END-- [ RunTime:0.023402s ]
SQL: SHOW COLUMNS FROM `zjm_detail` [ RunTime:0.8236s ]
SQL: SELECT * FROM `zjm_detail`  [ RunTime:0.0007s ]
NOTIC: [8] Use of undefined constant data - assumed 'data' D:\Downloads\PHP\phpstudyY\PHPTutorial\WWW\tp3\zjm\Application\Home\Controller\IndexController.class.php 第 24 行.
SQL: SELECT COUNT(*) AS tp_count FROM `zjm_detail` LIMIT 1   [ RunTime:0.0100s ]
SQL: SELECT * FROM `zjm_detail` ORDER BY detail_id desc LIMIT 0,10   [ RunTime:0.0150s ]
SQL: SELECT COUNT(*) AS tp_count FROM `zjm_detail` WHERE `time` LIKE '2019.11.04%' LIMIT 1   [ RunTime:0.0074s ]
SQL: SELECT * FROM `zjm_detail` WHERE `time` LIKE '2019.11.04%' ORDER BY time desc  [ RunTime:0.0005s ]
INFO: [ view_parse ] --START--
INFO: [ template_filter ] --START--
INFO: Run Behavior\ContentReplaceBehavior [ RunTime:0.051080s ]
INFO: [ template_filter ] --END-- [ RunTime:0.051209s ]
NOTIC: [8] Use of undefined constant img - assumed 'img' D:\Downloads\PHP\phpstudyY\PHPTutorial\WWW\tp3\zjm\Application\Runtime\Cache\Home\2a94b8bda04ff446dcedd42276fc99ee.php 第 40 行.
NOTIC: [8] Use of undefined constant img - assumed 'img' D:\Downloads\PHP\phpstudyY\PHPTutorial\WWW\tp3\zjm\Application\Runtime\Cache\Home\2a94b8bda04ff446dcedd42276fc99ee.php 第 41 行.
NOTIC: [8] Use of undefined constant img - assumed 'img' D:\Downloads\PHP\phpstudyY\PHPTutorial\WWW\tp3\zjm\Application\Runtime\Cache\Home\2a94b8bda04ff446dcedd42276fc99ee.php 第 42 行.
NOTIC: [8] Use of undefined constant img - assumed 'img' D:\Downloads\PHP\phpstudyY\PHPTutorial\WWW\tp3\zjm\Application\Runtime\Cache\Home\2a94b8bda04ff446dcedd42276fc99ee.php 第 43 行.
NOTIC: [8] Use of undefined constant img - assumed 'img' D:\Downloads\PHP\phpstudyY\PHPTutorial\WWW\tp3\zjm\Application\Runtime\Cache\Home\2a94b8bda04ff446dcedd42276fc99ee.php 第 44 行.
NOTIC: [8] Use of undefined constant img - assumed 'img' D:\Downloads\PHP\phpstudyY\PHPTutorial\WWW\tp3\zjm\Application\Runtime\Cache\Home\2a94b8bda04ff446dcedd42276fc99ee.php 第 45 行.
NOTIC: [8] Use of undefined constant intro - assumed 'intro' D:\Downloads\PHP\phpstudyY\PHPTutorial\WWW\tp3\zjm\Application\Runtime\Cache\Home\2a94b8bda04ff446dcedd42276fc99ee.php 第 63 行.
NOTIC: [8] Use of undefined constant time - assumed 'time' D:\Downloads\PHP\phpstudyY\PHPTutorial\WWW\tp3\zjm\Application\Runtime\Cache\Home\2a94b8bda04ff446dcedd42276fc99ee.php 第 64 行.
NOTIC: [8] Use of undefined constant address - assumed 'address' D:\Downloads\PHP\phpstudyY\PHPTutorial\WWW\tp3\zjm\Application\Runtime\Cache\Home\2a94b8bda04ff446dcedd42276fc99ee.php 第 65 行.
NOTIC: [8] Use of undefined constant price - assumed 'price' D:\Downloads\PHP\phpstudyY\PHPTutorial\WWW\tp3\zjm\Application\Runtime\Cache\Home\2a94b8bda04ff446dcedd42276fc99ee.php 第 66 行.
NOTIC: [8] Use of undefined constant name - assumed 'name' D:\Downloads\PHP\phpstudyY\PHPTutorial\WWW\tp3\zjm\Application\Runtime\Cache\Home\2a94b8bda04ff446dcedd42276fc99ee.php 第 67 行.
NOTIC: [8] Use of undefined constant intro - assumed 'intro' D:\Downloads\PHP\phpstudyY\PHPTutorial\WWW\tp3\zjm\Application\Runtime\Cache\Home\2a94b8bda04ff446dcedd42276fc99ee.php 第 74 行.
NOTIC: [8] Use of undefined constant time - assumed 'time' D:\Downloads\PHP\phpstudyY\PHPTutorial\WWW\tp3\zjm\Application\Runtime\Cache\Home\2a94b8bda04ff446dcedd42276fc99ee.php 第 75 行.
NOTIC: [8] Use of undefined constant address - assumed 'address' D:\Downloads\PHP\phpstudyY\PHPTutorial\WWW\tp3\zjm\Application\Runtime\Cache\Home\2a94b8bda04ff446dcedd42276fc99ee.php 第 76 行.
NOTIC: [8] Use of undefined constant price - assumed 'price' D:\Downloads\PHP\phpstudyY\PHPTutorial\WWW\tp3\zjm\Application\Runtime\Cache\Home\2a94b8bda04ff446dcedd42276fc99ee.php 第 77 行.
NOTIC: [8] Use of undefined constant name - assumed 'name' D:\Downloads\PHP\phpstudyY\PHPTutorial\WWW\tp3\zjm\Application\Runtime\Cache\Home\2a94b8bda04ff446dcedd42276fc99ee.php 第 78 行.
NOTIC: [8] Use of undefined constant intro - assumed 'intro' D:\Downloads\PHP\phpstudyY\PHPTutorial\WWW\tp3\zjm\Application\Runtime\Cache\Home\2a94b8bda04ff446dcedd42276fc99ee.php 第 85 行.
NOTIC: [8] Use of undefined constant time - assumed 'time' D:\Downloads\PHP\phpstudyY\PHPTutorial\WWW\tp3\zjm\Application\Runtime\Cache\Home\2a94b8bda04ff446dcedd42276fc99ee.php 第 86 行.
NOTIC: [8] Use of undefined constant address - assumed 'address' D:\Downloads\PHP\phpstudyY\PHPTutorial\WWW\tp3\zjm\Application\Runtime\Cache\Home\2a94b8bda04ff446dcedd42276fc99ee.php 第 87 行.
NOTIC: [8] Use of undefined constant price - assumed 'price' D:\Downloads\PHP\phpstudyY\PHPTutorial\WWW\tp3\zjm\Application\Runtime\Cache\Home\2a94b8bda04ff446dcedd42276fc99ee.php 第 88 行.
NOTIC: [8] Use of undefined constant name - assumed 'name' D:\Downloads\PHP\phpstudyY\PHPTutorial\WWW\tp3\zjm\Application\Runtime\Cache\Home\2a94b8bda04ff446dcedd42276fc99ee.php 第 89 行.
NOTIC: [8] Use of undefined constant intro - assumed 'intro' D:\Downloads\PHP\phpstudyY\PHPTutorial\WWW\tp3\zjm\Application\Runtime\Cache\Home\2a94b8bda04ff446dcedd42276fc99ee.php 第 96 行.
NOTIC: [8] Use of undefined constant time - assumed 'time' D:\Downloads\PHP\phpstudyY\PHPTutorial\WWW\tp3\zjm\Application\Runtime\Cache\Home\2a94b8bda04ff446dcedd42276fc99ee.php 第 97 行.
NOTIC: [8] Use of undefined constant address - assumed 'address' D:\Downloads\PHP\phpstudyY\PHPTutorial\WWW\tp3\zjm\Application\Runtime\Cache\Home\2a94b8bda04ff446dcedd42276fc99ee.php 第 98 行.
NOTIC: [8] Use of undefined constant price - assumed 'price' D:\Downloads\PHP\phpstudyY\PHPTutorial\WWW\tp3\zjm\Application\Runtime\Cache\Home\2a94b8bda04ff446dcedd42276fc99ee.php 第 99 行.
NOTIC: [8] Use of undefined constant name - assumed 'name' D:\Downloads\PHP\phpstudyY\PHPTutorial\WWW\tp3\zjm\Application\Runtime\Cache\Home\2a94b8bda04ff446dcedd42276fc99ee.php 第 100 行.
NOTIC: [8] Use of undefined constant intro - assumed 'intro' D:\Downloads\PHP\phpstudyY\PHPTutorial\WWW\tp3\zjm\Application\Runtime\Cache\Home\2a94b8bda04ff446dcedd42276fc99ee.php 第 107 行.
NOTIC: [8] Use of undefined constant time - assumed 'time' D:\Downloads\PHP\phpstudyY\PHPTutorial\WWW\tp3\zjm\Application\Runtime\Cache\Home\2a94b8bda04ff446dcedd42276fc99ee.php 第 108 行.
NOTIC: [8] Use of undefined constant address - assumed 'address' D:\Downloads\PHP\phpstudyY\PHPTutorial\WWW\tp3\zjm\Application\Runtime\Cache\Home\2a94b8bda04ff446dcedd42276fc99ee.php 第 109 行.
NOTIC: [8] Use of undefined constant price - assumed 'price' D:\Downloads\PHP\phpstudyY\PHPTutorial\WWW\tp3\zjm\Application\Runtime\Cache\Home\2a94b8bda04ff446dcedd42276fc99ee.php 第 110 行.
NOTIC: [8] Use of undefined constant name - assumed 'name' D:\Downloads\PHP\phpstudyY\PHPTutorial\WWW\tp3\zjm\Application\Runtime\Cache\Home\2a94b8bda04ff446dcedd42276fc99ee.php 第 111 行.
NOTIC: [8] Use of undefined constant intro - assumed 'intro' D:\Downloads\PHP\phpstudyY\PHPTutorial\WWW\tp3\zjm\Application\Runtime\Cache\Home\2a94b8bda04ff446dcedd42276fc99ee.php 第 118 行.
NOTIC: [8] Use of undefined constant time - assumed 'time' D:\Downloads\PHP\phpstudyY\PHPTutorial\WWW\tp3\zjm\Application\Runtime\Cache\Home\2a94b8bda04ff446dcedd42276fc99ee.php 第 119 行.
NOTIC: [8] Use of undefined constant address - assumed 'address' D:\Downloads\PHP\phpstudyY\PHPTutorial\WWW\tp3\zjm\Application\Runtime\Cache\Home\2a94b8bda04ff446dcedd42276fc99ee.php 第 120 行.
NOTIC: [8] Use of undefined constant price - assumed 'price' D:\Downloads\PHP\phpstudyY\PHPTutorial\WWW\tp3\zjm\Application\Runtime\Cache\Home\2a94b8bda04ff446dcedd42276fc99ee.php 第 121 行.
NOTIC: [8] Use of undefined constant name - assumed 'name' D:\Downloads\PHP\phpstudyY\PHPTutorial\WWW\tp3\zjm\Application\Runtime\Cache\Home\2a94b8bda04ff446dcedd42276fc99ee.php 第 122 行.
INFO: Run Behavior\ParseTemplateBehavior [ RunTime:0.315269s ]
INFO: [ view_parse ] --END-- [ RunTime:0.315406s ]
INFO: [ view_filter ] --START--
INFO: Run Behavior\WriteHtmlCacheBehavior [ RunTime:0.090576s ]
INFO: [ view_filter ] --END-- [ RunTime:0.090657s ]
INFO: [ app_end ] --START--
INFO: Run Behavior\ShowPageTraceBehavior [ RunTime:0.092763s ]
INFO: [ app_end ] --END-- [ RunTime:0.092881s ]

