[ 2019-11-07T20:14:59+08:00 ] ::1 /tp3/zjm/home/index/index
INFO: [ app_init ] --START--
INFO: Run Behavior\BuildLiteBehavior [ RunTime:0.000139s ]
INFO: [ app_init ] --END-- [ RunTime:0.035715s ]
INFO: [ app_begin ] --START--
INFO: Run Behavior\ReadHtmlCacheBehavior [ RunTime:0.009988s ]
INFO: [ app_begin ] --END-- [ RunTime:0.010454s ]
SQL: SHOW COLUMNS FROM `zjm_detail` [ RunTime:0.1539s ]
SQL: SELECT * FROM `zjm_detail`  [ RunTime:0.0221s ]
NOTIC: [8] Use of undefined constant data - assumed 'data' D:\Downloads\PHP\phpstudyY\PHPTutorial\WWW\tp3\zjm\Application\Home\Controller\IndexController.class.php 第 24 行.
SQL: SELECT COUNT(*) AS tp_count FROM `zjm_detail` LIMIT 1   [ RunTime:0.0005s ]
SQL: SELECT * FROM `zjm_detail` ORDER BY detail_id desc LIMIT 0,10   [ RunTime:0.0005s ]
SQL: SELECT COUNT(*) AS tp_count FROM `zjm_detail` WHERE `time` LIKE '2019.11.07%' LIMIT 1   [ RunTime:0.0005s ]
SQL: SELECT * FROM `zjm_detail` WHERE `time` LIKE '2019.11.07%' ORDER BY time desc  [ RunTime:0.0003s ]
INFO: [ view_parse ] --START--
INFO: [ template_filter ] --START--
INFO: Run Behavior\ContentReplaceBehavior [ RunTime:0.054637s ]
INFO: [ template_filter ] --END-- [ RunTime:0.054712s ]
NOTIC: [8] Use of undefined constant img - assumed 'img' D:\Downloads\PHP\phpstudyY\PHPTutorial\WWW\tp3\zjm\Application\Runtime\Cache\Home\2a94b8bda04ff446dcedd42276fc99ee.php 第 31 行.
NOTIC: [8] Use of undefined constant img - assumed 'img' D:\Downloads\PHP\phpstudyY\PHPTutorial\WWW\tp3\zjm\Application\Runtime\Cache\Home\2a94b8bda04ff446dcedd42276fc99ee.php 第 32 行.
NOTIC: [8] Use of undefined constant img - assumed 'img' D:\Downloads\PHP\phpstudyY\PHPTutorial\WWW\tp3\zjm\Application\Runtime\Cache\Home\2a94b8bda04ff446dcedd42276fc99ee.php 第 33 行.
NOTIC: [8] Use of undefined constant img - assumed 'img' D:\Downloads\PHP\phpstudyY\PHPTutorial\WWW\tp3\zjm\Application\Runtime\Cache\Home\2a94b8bda04ff446dcedd42276fc99ee.php 第 34 行.
NOTIC: [8] Use of undefined constant img - assumed 'img' D:\Downloads\PHP\phpstudyY\PHPTutorial\WWW\tp3\zjm\Application\Runtime\Cache\Home\2a94b8bda04ff446dcedd42276fc99ee.php 第 35 行.
NOTIC: [8] Use of undefined constant img - assumed 'img' D:\Downloads\PHP\phpstudyY\PHPTutorial\WWW\tp3\zjm\Application\Runtime\Cache\Home\2a94b8bda04ff446dcedd42276fc99ee.php 第 36 行.
NOTIC: [8] Use of undefined constant intro - assumed 'intro' D:\Downloads\PHP\phpstudyY\PHPTutorial\WWW\tp3\zjm\Application\Runtime\Cache\Home\2a94b8bda04ff446dcedd42276fc99ee.php 第 54 行.
NOTIC: [8] Use of undefined constant time - assumed 'time' D:\Downloads\PHP\phpstudyY\PHPTutorial\WWW\tp3\zjm\Application\Runtime\Cache\Home\2a94b8bda04ff446dcedd42276fc99ee.php 第 55 行.
NOTIC: [8] Use of undefined constant address - assumed 'address' D:\Downloads\PHP\phpstudyY\PHPTutorial\WWW\tp3\zjm\Application\Runtime\Cache\Home\2a94b8bda04ff446dcedd42276fc99ee.php 第 56 行.
NOTIC: [8] Use of undefined constant price - assumed 'price' D:\Downloads\PHP\phpstudyY\PHPTutorial\WWW\tp3\zjm\Application\Runtime\Cache\Home\2a94b8bda04ff446dcedd42276fc99ee.php 第 57 行.
NOTIC: [8] Use of undefined constant name - assumed 'name' D:\Downloads\PHP\phpstudyY\PHPTutorial\WWW\tp3\zjm\Application\Runtime\Cache\Home\2a94b8bda04ff446dcedd42276fc99ee.php 第 58 行.
NOTIC: [8] Use of undefined constant intro - assumed 'intro' D:\Downloads\PHP\phpstudyY\PHPTutorial\WWW\tp3\zjm\Application\Runtime\Cache\Home\2a94b8bda04ff446dcedd42276fc99ee.php 第 65 行.
NOTIC: [8] Use of undefined constant time - assumed 'time' D:\Downloads\PHP\phpstudyY\PHPTutorial\WWW\tp3\zjm\Application\Runtime\Cache\Home\2a94b8bda04ff446dcedd42276fc99ee.php 第 66 行.
NOTIC: [8] Use of undefined constant address - assumed 'address' D:\Downloads\PHP\phpstudyY\PHPTutorial\WWW\tp3\zjm\Application\Runtime\Cache\Home\2a94b8bda04ff446dcedd42276fc99ee.php 第 67 行.
NOTIC: [8] Use of undefined constant price - assumed 'price' D:\Downloads\PHP\phpstudyY\PHPTutorial\WWW\tp3\zjm\Application\Runtime\Cache\Home\2a94b8bda04ff446dcedd42276fc99ee.php 第 68 行.
NOTIC: [8] Use of undefined constant name - assumed 'name' D:\Downloads\PHP\phpstudyY\PHPTutorial\WWW\tp3\zjm\Application\Runtime\Cache\Home\2a94b8bda04ff446dcedd42276fc99ee.php 第 69 行.
NOTIC: [8] Use of undefined constant intro - assumed 'intro' D:\Downloads\PHP\phpstudyY\PHPTutorial\WWW\tp3\zjm\Application\Runtime\Cache\Home\2a94b8bda04ff446dcedd42276fc99ee.php 第 76 行.
NOTIC: [8] Use of undefined constant time - assumed 'time' D:\Downloads\PHP\phpstudyY\PHPTutorial\WWW\tp3\zjm\Application\Runtime\Cache\Home\2a94b8bda04ff446dcedd42276fc99ee.php 第 77 行.
NOTIC: [8] Use of undefined constant address - assumed 'address' D:\Downloads\PHP\phpstudyY\PHPTutorial\WWW\tp3\zjm\Application\Runtime\Cache\Home\2a94b8bda04ff446dcedd42276fc99ee.php 第 78 行.
NOTIC: [8] Use of undefined constant price - assumed 'price' D:\Downloads\PHP\phpstudyY\PHPTutorial\WWW\tp3\zjm\Application\Runtime\Cache\Home\2a94b8bda04ff446dcedd42276fc99ee.php 第 79 行.
NOTIC: [8] Use of undefined constant name - assumed 'name' D:\Downloads\PHP\phpstudyY\PHPTutorial\WWW\tp3\zjm\Application\Runtime\Cache\Home\2a94b8bda04ff446dcedd42276fc99ee.php 第 80 行.
NOTIC: [8] Use of undefined constant intro - assumed 'intro' D:\Downloads\PHP\phpstudyY\PHPTutorial\WWW\tp3\zjm\Application\Runtime\Cache\Home\2a94b8bda04ff446dcedd42276fc99ee.php 第 87 行.
NOTIC: [8] Use of undefined constant time - assumed 'time' D:\Downloads\PHP\phpstudyY\PHPTutorial\WWW\tp3\zjm\Application\Runtime\Cache\Home\2a94b8bda04ff446dcedd42276fc99ee.php 第 88 行.
NOTIC: [8] Use of undefined constant address - assumed 'address' D:\Downloads\PHP\phpstudyY\PHPTutorial\WWW\tp3\zjm\Application\Runtime\Cache\Home\2a94b8bda04ff446dcedd42276fc99ee.php 第 89 行.
NOTIC: [8] Use of undefined constant price - assumed 'price' D:\Downloads\PHP\phpstudyY\PHPTutorial\WWW\tp3\zjm\Application\Runtime\Cache\Home\2a94b8bda04ff446dcedd42276fc99ee.php 第 90 行.
NOTIC: [8] Use of undefined constant name - assumed 'name' D:\Downloads\PHP\phpstudyY\PHPTutorial\WWW\tp3\zjm\Application\Runtime\Cache\Home\2a94b8bda04ff446dcedd42276fc99ee.php 第 91 行.
NOTIC: [8] Use of undefined constant intro - assumed 'intro' D:\Downloads\PHP\phpstudyY\PHPTutorial\WWW\tp3\zjm\Application\Runtime\Cache\Home\2a94b8bda04ff446dcedd42276fc99ee.php 第 98 行.
NOTIC: [8] Use of undefined constant time - assumed 'time' D:\Downloads\PHP\phpstudyY\PHPTutorial\WWW\tp3\zjm\Application\Runtime\Cache\Home\2a94b8bda04ff446dcedd42276fc99ee.php 第 99 行.
NOTIC: [8] Use of undefined constant address - assumed 'address' D:\Downloads\PHP\phpstudyY\PHPTutorial\WWW\tp3\zjm\Application\Runtime\Cache\Home\2a94b8bda04ff446dcedd42276fc99ee.php 第 100 行.
NOTIC: [8] Use of undefined constant price - assumed 'price' D:\Downloads\PHP\phpstudyY\PHPTutorial\WWW\tp3\zjm\Application\Runtime\Cache\Home\2a94b8bda04ff446dcedd42276fc99ee.php 第 101 行.
NOTIC: [8] Use of undefined constant name - assumed 'name' D:\Downloads\PHP\phpstudyY\PHPTutorial\WWW\tp3\zjm\Application\Runtime\Cache\Home\2a94b8bda04ff446dcedd42276fc99ee.php 第 102 行.
NOTIC: [8] Use of undefined constant intro - assumed 'intro' D:\Downloads\PHP\phpstudyY\PHPTutorial\WWW\tp3\zjm\Application\Runtime\Cache\Home\2a94b8bda04ff446dcedd42276fc99ee.php 第 109 行.
NOTIC: [8] Use of undefined constant time - assumed 'time' D:\Downloads\PHP\phpstudyY\PHPTutorial\WWW\tp3\zjm\Application\Runtime\Cache\Home\2a94b8bda04ff446dcedd42276fc99ee.php 第 110 行.
NOTIC: [8] Use of undefined constant address - assumed 'address' D:\Downloads\PHP\phpstudyY\PHPTutorial\WWW\tp3\zjm\Application\Runtime\Cache\Home\2a94b8bda04ff446dcedd42276fc99ee.php 第 111 行.
NOTIC: [8] Use of undefined constant price - assumed 'price' D:\Downloads\PHP\phpstudyY\PHPTutorial\WWW\tp3\zjm\Application\Runtime\Cache\Home\2a94b8bda04ff446dcedd42276fc99ee.php 第 112 行.
NOTIC: [8] Use of undefined constant name - assumed 'name' D:\Downloads\PHP\phpstudyY\PHPTutorial\WWW\tp3\zjm\Application\Runtime\Cache\Home\2a94b8bda04ff446dcedd42276fc99ee.php 第 113 行.
INFO: Run Behavior\ParseTemplateBehavior [ RunTime:0.274214s ]
INFO: [ view_parse ] --END-- [ RunTime:0.274309s ]
INFO: [ view_filter ] --START--
INFO: Run Behavior\WriteHtmlCacheBehavior [ RunTime:0.041323s ]
INFO: [ view_filter ] --END-- [ RunTime:0.041396s ]
INFO: [ app_end ] --START--
INFO: Run Behavior\ShowPageTraceBehavior [ RunTime:0.007942s ]
INFO: [ app_end ] --END-- [ RunTime:0.008078s ]

[ 2019-11-07T20:14:59+08:00 ] ::1 /tp3/zjm/home/index/index
INFO: [ app_init ] --START--
INFO: Run Behavior\BuildLiteBehavior [ RunTime:0.000027s ]
INFO: [ app_init ] --END-- [ RunTime:0.007948s ]
INFO: [ app_begin ] --START--
INFO: Run Behavior\ReadHtmlCacheBehavior [ RunTime:0.004971s ]
INFO: [ app_begin ] --END-- [ RunTime:0.005039s ]
SQL: SHOW COLUMNS FROM `zjm_detail` [ RunTime:0.0501s ]
SQL: SELECT * FROM `zjm_detail`  [ RunTime:0.0004s ]
NOTIC: [8] Use of undefined constant data - assumed 'data' D:\Downloads\PHP\phpstudyY\PHPTutorial\WWW\tp3\zjm\Application\Home\Controller\IndexController.class.php 第 24 行.
SQL: SELECT COUNT(*) AS tp_count FROM `zjm_detail` LIMIT 1   [ RunTime:0.0002s ]
SQL: SELECT * FROM `zjm_detail` ORDER BY detail_id desc LIMIT 0,10   [ RunTime:0.0007s ]
SQL: SELECT COUNT(*) AS tp_count FROM `zjm_detail` WHERE `time` LIKE '2019.11.07%' LIMIT 1   [ RunTime:0.0003s ]
SQL: SELECT * FROM `zjm_detail` WHERE `time` LIKE '2019.11.07%' ORDER BY time desc  [ RunTime:0.0005s ]
INFO: [ view_parse ] --START--
INFO: [ template_filter ] --START--
INFO: Run Behavior\ContentReplaceBehavior [ RunTime:0.000083s ]
INFO: [ template_filter ] --END-- [ RunTime:0.000130s ]
NOTIC: [8] Use of undefined constant img - assumed 'img' D:\Downloads\PHP\phpstudyY\PHPTutorial\WWW\tp3\zjm\Application\Runtime\Cache\Home\2a94b8bda04ff446dcedd42276fc99ee.php 第 31 行.
NOTIC: [8] Use of undefined constant img - assumed 'img' D:\Downloads\PHP\phpstudyY\PHPTutorial\WWW\tp3\zjm\Application\Runtime\Cache\Home\2a94b8bda04ff446dcedd42276fc99ee.php 第 32 行.
NOTIC: [8] Use of undefined constant img - assumed 'img' D:\Downloads\PHP\phpstudyY\PHPTutorial\WWW\tp3\zjm\Application\Runtime\Cache\Home\2a94b8bda04ff446dcedd42276fc99ee.php 第 33 行.
NOTIC: [8] Use of undefined constant img - assumed 'img' D:\Downloads\PHP\phpstudyY\PHPTutorial\WWW\tp3\zjm\Application\Runtime\Cache\Home\2a94b8bda04ff446dcedd42276fc99ee.php 第 34 行.
NOTIC: [8] Use of undefined constant img - assumed 'img' D:\Downloads\PHP\phpstudyY\PHPTutorial\WWW\tp3\zjm\Application\Runtime\Cache\Home\2a94b8bda04ff446dcedd42276fc99ee.php 第 35 行.
NOTIC: [8] Use of undefined constant img - assumed 'img' D:\Downloads\PHP\phpstudyY\PHPTutorial\WWW\tp3\zjm\Application\Runtime\Cache\Home\2a94b8bda04ff446dcedd42276fc99ee.php 第 36 行.
NOTIC: [8] Use of undefined constant intro - assumed 'intro' D:\Downloads\PHP\phpstudyY\PHPTutorial\WWW\tp3\zjm\Application\Runtime\Cache\Home\2a94b8bda04ff446dcedd42276fc99ee.php 第 54 行.
NOTIC: [8] Use of undefined constant time - assumed 'time' D:\Downloads\PHP\phpstudyY\PHPTutorial\WWW\tp3\zjm\Application\Runtime\Cache\Home\2a94b8bda04ff446dcedd42276fc99ee.php 第 55 行.
NOTIC: [8] Use of undefined constant address - assumed 'address' D:\Downloads\PHP\phpstudyY\PHPTutorial\WWW\tp3\zjm\Application\Runtime\Cache\Home\2a94b8bda04ff446dcedd42276fc99ee.php 第 56 行.
NOTIC: [8] Use of undefined constant price - assumed 'price' D:\Downloads\PHP\phpstudyY\PHPTutorial\WWW\tp3\zjm\Application\Runtime\Cache\Home\2a94b8bda04ff446dcedd42276fc99ee.php 第 57 行.
NOTIC: [8] Use of undefined constant name - assumed 'name' D:\Downloads\PHP\phpstudyY\PHPTutorial\WWW\tp3\zjm\Application\Runtime\Cache\Home\2a94b8bda04ff446dcedd42276fc99ee.php 第 58 行.
NOTIC: [8] Use of undefined constant intro - assumed 'intro' D:\Downloads\PHP\phpstudyY\PHPTutorial\WWW\tp3\zjm\Application\Runtime\Cache\Home\2a94b8bda04ff446dcedd42276fc99ee.php 第 65 行.
NOTIC: [8] Use of undefined constant time - assumed 'time' D:\Downloads\PHP\phpstudyY\PHPTutorial\WWW\tp3\zjm\Application\Runtime\Cache\Home\2a94b8bda04ff446dcedd42276fc99ee.php 第 66 行.
NOTIC: [8] Use of undefined constant address - assumed 'address' D:\Downloads\PHP\phpstudyY\PHPTutorial\WWW\tp3\zjm\Application\Runtime\Cache\Home\2a94b8bda04ff446dcedd42276fc99ee.php 第 67 行.
NOTIC: [8] Use of undefined constant price - assumed 'price' D:\Downloads\PHP\phpstudyY\PHPTutorial\WWW\tp3\zjm\Application\Runtime\Cache\Home\2a94b8bda04ff446dcedd42276fc99ee.php 第 68 行.
NOTIC: [8] Use of undefined constant name - assumed 'name' D:\Downloads\PHP\phpstudyY\PHPTutorial\WWW\tp3\zjm\Application\Runtime\Cache\Home\2a94b8bda04ff446dcedd42276fc99ee.php 第 69 行.
NOTIC: [8] Use of undefined constant intro - assumed 'intro' D:\Downloads\PHP\phpstudyY\PHPTutorial\WWW\tp3\zjm\Application\Runtime\Cache\Home\2a94b8bda04ff446dcedd42276fc99ee.php 第 76 行.
NOTIC: [8] Use of undefined constant time - assumed 'time' D:\Downloads\PHP\phpstudyY\PHPTutorial\WWW\tp3\zjm\Application\Runtime\Cache\Home\2a94b8bda04ff446dcedd42276fc99ee.php 第 77 行.
NOTIC: [8] Use of undefined constant address - assumed 'address' D:\Downloads\PHP\phpstudyY\PHPTutorial\WWW\tp3\zjm\Application\Runtime\Cache\Home\2a94b8bda04ff446dcedd42276fc99ee.php 第 78 行.
NOTIC: [8] Use of undefined constant price - assumed 'price' D:\Downloads\PHP\phpstudyY\PHPTutorial\WWW\tp3\zjm\Application\Runtime\Cache\Home\2a94b8bda04ff446dcedd42276fc99ee.php 第 79 行.
NOTIC: [8] Use of undefined constant name - assumed 'name' D:\Downloads\PHP\phpstudyY\PHPTutorial\WWW\tp3\zjm\Application\Runtime\Cache\Home\2a94b8bda04ff446dcedd42276fc99ee.php 第 80 行.
NOTIC: [8] Use of undefined constant intro - assumed 'intro' D:\Downloads\PHP\phpstudyY\PHPTutorial\WWW\tp3\zjm\Application\Runtime\Cache\Home\2a94b8bda04ff446dcedd42276fc99ee.php 第 87 行.
NOTIC: [8] Use of undefined constant time - assumed 'time' D:\Downloads\PHP\phpstudyY\PHPTutorial\WWW\tp3\zjm\Application\Runtime\Cache\Home\2a94b8bda04ff446dcedd42276fc99ee.php 第 88 行.
NOTIC: [8] Use of undefined constant address - assumed 'address' D:\Downloads\PHP\phpstudyY\PHPTutorial\WWW\tp3\zjm\Application\Runtime\Cache\Home\2a94b8bda04ff446dcedd42276fc99ee.php 第 89 行.
NOTIC: [8] Use of undefined constant price - assumed 'price' D:\Downloads\PHP\phpstudyY\PHPTutorial\WWW\tp3\zjm\Application\Runtime\Cache\Home\2a94b8bda04ff446dcedd42276fc99ee.php 第 90 行.
NOTIC: [8] Use of undefined constant name - assumed 'name' D:\Downloads\PHP\phpstudyY\PHPTutorial\WWW\tp3\zjm\Application\Runtime\Cache\Home\2a94b8bda04ff446dcedd42276fc99ee.php 第 91 行.
NOTIC: [8] Use of undefined constant intro - assumed 'intro' D:\Downloads\PHP\phpstudyY\PHPTutorial\WWW\tp3\zjm\Application\Runtime\Cache\Home\2a94b8bda04ff446dcedd42276fc99ee.php 第 98 行.
NOTIC: [8] Use of undefined constant time - assumed 'time' D:\Downloads\PHP\phpstudyY\PHPTutorial\WWW\tp3\zjm\Application\Runtime\Cache\Home\2a94b8bda04ff446dcedd42276fc99ee.php 第 99 行.
NOTIC: [8] Use of undefined constant address - assumed 'address' D:\Downloads\PHP\phpstudyY\PHPTutorial\WWW\tp3\zjm\Application\Runtime\Cache\Home\2a94b8bda04ff446dcedd42276fc99ee.php 第 100 行.
NOTIC: [8] Use of undefined constant price - assumed 'price' D:\Downloads\PHP\phpstudyY\PHPTutorial\WWW\tp3\zjm\Application\Runtime\Cache\Home\2a94b8bda04ff446dcedd42276fc99ee.php 第 101 行.
NOTIC: [8] Use of undefined constant name - assumed 'name' D:\Downloads\PHP\phpstudyY\PHPTutorial\WWW\tp3\zjm\Application\Runtime\Cache\Home\2a94b8bda04ff446dcedd42276fc99ee.php 第 102 行.
NOTIC: [8] Use of undefined constant intro - assumed 'intro' D:\Downloads\PHP\phpstudyY\PHPTutorial\WWW\tp3\zjm\Application\Runtime\Cache\Home\2a94b8bda04ff446dcedd42276fc99ee.php 第 109 行.
NOTIC: [8] Use of undefined constant time - assumed 'time' D:\Downloads\PHP\phpstudyY\PHPTutorial\WWW\tp3\zjm\Application\Runtime\Cache\Home\2a94b8bda04ff446dcedd42276fc99ee.php 第 110 行.
NOTIC: [8] Use of undefined constant address - assumed 'address' D:\Downloads\PHP\phpstudyY\PHPTutorial\WWW\tp3\zjm\Application\Runtime\Cache\Home\2a94b8bda04ff446dcedd42276fc99ee.php 第 111 行.
NOTIC: [8] Use of undefined constant price - assumed 'price' D:\Downloads\PHP\phpstudyY\PHPTutorial\WWW\tp3\zjm\Application\Runtime\Cache\Home\2a94b8bda04ff446dcedd42276fc99ee.php 第 112 行.
NOTIC: [8] Use of undefined constant name - assumed 'name' D:\Downloads\PHP\phpstudyY\PHPTutorial\WWW\tp3\zjm\Application\Runtime\Cache\Home\2a94b8bda04ff446dcedd42276fc99ee.php 第 113 行.
INFO: Run Behavior\ParseTemplateBehavior [ RunTime:0.031959s ]
INFO: [ view_parse ] --END-- [ RunTime:0.032025s ]
INFO: [ view_filter ] --START--
INFO: Run Behavior\WriteHtmlCacheBehavior [ RunTime:0.004877s ]
INFO: [ view_filter ] --END-- [ RunTime:0.004926s ]
INFO: [ app_end ] --START--
INFO: Run Behavior\ShowPageTraceBehavior [ RunTime:0.008497s ]
INFO: [ app_end ] --END-- [ RunTime:0.008578s ]

